{"C:\\Users\\USER\\Desktop\\hacktiv8\\PetDoorz\\Server\\PetDoorz-Server\\app.js": {"path":"C:\\Users\\USER\\Desktop\\hacktiv8\\PetDoorz\\Server\\PetDoorz-Server\\app.js","statementMap":{"0":{"start":{"line":1,"column":0},"end":{"line":3,"column":1}},"1":{"start":{"line":2,"column":4},"end":{"line":2,"column":30}},"2":{"start":{"line":5,"column":16},"end":{"line":5,"column":34}},"3":{"start":{"line":6,"column":12},"end":{"line":6,"column":21}},"4":{"start":{"line":7,"column":13},"end":{"line":7,"column":37}},"5":{"start":{"line":8,"column":13},"end":{"line":8,"column":28}},"6":{"start":{"line":10,"column":15},"end":{"line":10,"column":34}},"7":{"start":{"line":11,"column":21},"end":{"line":11,"column":58}},"8":{"start":{"line":13,"column":0},"end":{"line":13,"column":47}},"9":{"start":{"line":14,"column":0},"end":{"line":14,"column":23}},"10":{"start":{"line":15,"column":0},"end":{"line":15,"column":15}},"11":{"start":{"line":17,"column":0},"end":{"line":17,"column":15}},"12":{"start":{"line":18,"column":0},"end":{"line":18,"column":21}},"13":{"start":{"line":20,"column":0},"end":{"line":20,"column":15}},"14":{"start":{"line":22,"column":0},"end":{"line":22,"column":20}}},"fnMap":{},"branchMap":{"0":{"loc":{"start":{"line":1,"column":0},"end":{"line":3,"column":1}},"type":"if","locations":[{"start":{"line":1,"column":0},"end":{"line":3,"column":1}},{"start":{},"end":{}}],"line":1},"1":{"loc":{"start":{"line":7,"column":13},"end":{"line":7,"column":37}},"type":"binary-expr","locations":[{"start":{"line":7,"column":13},"end":{"line":7,"column":29}},{"start":{"line":7,"column":33},"end":{"line":7,"column":37}}],"line":7}},"s":{"0":3,"1":3,"2":3,"3":3,"4":3,"5":3,"6":3,"7":3,"8":3,"9":3,"10":3,"11":3,"12":3,"13":3,"14":3},"f":{},"b":{"0":[3,0],"1":[3,3]},"_coverageSchema":"1a1c01bbd47fc00a2c39e90264f33305004495a9","hash":"4ef2de5458b4425902231a7d59eb5a6949f99466"}
,"C:\\Users\\USER\\Desktop\\hacktiv8\\PetDoorz\\Server\\PetDoorz-Server\\controllers\\BookingController.js": {"path":"C:\\Users\\USER\\Desktop\\hacktiv8\\PetDoorz\\Server\\PetDoorz-Server\\controllers\\BookingController.js","statementMap":{"0":{"start":{"line":1,"column":64},"end":{"line":1,"column":84}},"1":{"start":{"line":5,"column":28},"end":{"line":5,"column":57}},"2":{"start":{"line":6,"column":8},"end":{"line":37,"column":9}},"3":{"start":{"line":7,"column":27},"end":{"line":7,"column":39}},"4":{"start":{"line":8,"column":99},"end":{"line":8,"column":107}},"5":{"start":{"line":11,"column":28},"end":{"line":13,"column":31}},"6":{"start":{"line":16,"column":39},"end":{"line":21,"column":14}},"7":{"start":{"line":17,"column":16},"end":{"line":20,"column":17}},"8":{"start":{"line":22,"column":28},"end":{"line":22,"column":96}},"9":{"start":{"line":25,"column":29},"end":{"line":25,"column":56}},"10":{"start":{"line":26,"column":12},"end":{"line":28,"column":31}},"11":{"start":{"line":31,"column":12},"end":{"line":31,"column":38}},"12":{"start":{"line":33,"column":12},"end":{"line":33,"column":121}},"13":{"start":{"line":35,"column":12},"end":{"line":35,"column":40}},"14":{"start":{"line":36,"column":12},"end":{"line":36,"column":23}},"15":{"start":{"line":41,"column":8},"end":{"line":50,"column":9}},"16":{"start":{"line":42,"column":27},"end":{"line":42,"column":37}},"17":{"start":{"line":43,"column":33},"end":{"line":43,"column":41}},"18":{"start":{"line":45,"column":12},"end":{"line":45,"column":57}},"19":{"start":{"line":45,"column":27},"end":{"line":45,"column":57}},"20":{"start":{"line":46,"column":12},"end":{"line":46,"column":84}},"21":{"start":{"line":47,"column":12},"end":{"line":47,"column":91}},"22":{"start":{"line":49,"column":12},"end":{"line":49,"column":23}},"23":{"start":{"line":54,"column":8},"end":{"line":60,"column":9}},"24":{"start":{"line":55,"column":27},"end":{"line":55,"column":37}},"25":{"start":{"line":56,"column":12},"end":{"line":56,"column":71}},"26":{"start":{"line":57,"column":12},"end":{"line":57,"column":88}},"27":{"start":{"line":59,"column":12},"end":{"line":59,"column":23}},"28":{"start":{"line":65,"column":8},"end":{"line":72,"column":9}},"29":{"start":{"line":66,"column":27},"end":{"line":66,"column":37}},"30":{"start":{"line":67,"column":25},"end":{"line":67,"column":51}},"31":{"start":{"line":68,"column":12},"end":{"line":68,"column":48}},"32":{"start":{"line":68,"column":23},"end":{"line":68,"column":48}},"33":{"start":{"line":69,"column":12},"end":{"line":69,"column":38}},"34":{"start":{"line":71,"column":12},"end":{"line":71,"column":23}},"35":{"start":{"line":76,"column":0},"end":{"line":76,"column":34}}},"fnMap":{"0":{"name":"(anonymous_0)","decl":{"start":{"line":4,"column":4},"end":{"line":4,"column":5}},"loc":{"start":{"line":4,"column":47},"end":{"line":38,"column":5}},"line":4},"1":{"name":"(anonymous_1)","decl":{"start":{"line":16,"column":59},"end":{"line":16,"column":60}},"loc":{"start":{"line":16,"column":64},"end":{"line":21,"column":13}},"line":16},"2":{"name":"(anonymous_2)","decl":{"start":{"line":40,"column":4},"end":{"line":40,"column":5}},"loc":{"start":{"line":40,"column":55},"end":{"line":51,"column":5}},"line":40},"3":{"name":"(anonymous_3)","decl":{"start":{"line":53,"column":4},"end":{"line":53,"column":5}},"loc":{"start":{"line":53,"column":52},"end":{"line":61,"column":5}},"line":53},"4":{"name":"(anonymous_4)","decl":{"start":{"line":64,"column":4},"end":{"line":64,"column":5}},"loc":{"start":{"line":64,"column":49},"end":{"line":73,"column":5}},"line":64}},"branchMap":{"0":{"loc":{"start":{"line":45,"column":12},"end":{"line":45,"column":57}},"type":"if","locations":[{"start":{"line":45,"column":12},"end":{"line":45,"column":57}},{"start":{},"end":{}}],"line":45},"1":{"loc":{"start":{"line":68,"column":12},"end":{"line":68,"column":48}},"type":"if","locations":[{"start":{"line":68,"column":12},"end":{"line":68,"column":48}},{"start":{},"end":{}}],"line":68}},"s":{"0":3,"1":2,"2":2,"3":2,"4":2,"5":2,"6":2,"7":2,"8":2,"9":2,"10":2,"11":1,"12":1,"13":1,"14":1,"15":2,"16":2,"17":2,"18":2,"19":1,"20":1,"21":1,"22":1,"23":1,"24":1,"25":1,"26":1,"27":0,"28":0,"29":0,"30":0,"31":0,"32":0,"33":0,"34":0,"35":3},"f":{"0":2,"1":2,"2":2,"3":1,"4":0},"b":{"0":[1,1],"1":[0,0]},"_coverageSchema":"1a1c01bbd47fc00a2c39e90264f33305004495a9","hash":"05b27347f63b6d2530a6923c6e2e0e23b0e926c8"}
,"C:\\Users\\USER\\Desktop\\hacktiv8\\PetDoorz\\Server\\PetDoorz-Server\\controllers\\CustomerController.js": {"path":"C:\\Users\\USER\\Desktop\\hacktiv8\\PetDoorz\\Server\\PetDoorz-Server\\controllers\\CustomerController.js","statementMap":{"0":{"start":{"line":1,"column":49},"end":{"line":1,"column":69}},"1":{"start":{"line":2,"column":20},"end":{"line":2,"column":45}},"2":{"start":{"line":3,"column":20},"end":{"line":3,"column":50}},"3":{"start":{"line":4,"column":15},"end":{"line":4,"column":34}},"4":{"start":{"line":5,"column":23},"end":{"line":5,"column":49}},"5":{"start":{"line":6,"column":23},"end":{"line":6,"column":62}},"6":{"start":{"line":7,"column":13},"end":{"line":7,"column":28}},"7":{"start":{"line":8,"column":15},"end":{"line":8,"column":32}},"8":{"start":{"line":13,"column":4},"end":{"line":44,"column":5}},"9":{"start":{"line":14,"column":34},"end":{"line":14,"column":42}},"10":{"start":{"line":15,"column":6},"end":{"line":15,"column":46}},"11":{"start":{"line":15,"column":18},"end":{"line":15,"column":46}},"12":{"start":{"line":16,"column":6},"end":{"line":16,"column":52}},"13":{"start":{"line":16,"column":21},"end":{"line":16,"column":52}},"14":{"start":{"line":18,"column":31},"end":{"line":22,"column":8}},"15":{"start":{"line":24,"column":6},"end":{"line":24,"column":68}},"16":{"start":{"line":24,"column":29},"end":{"line":24,"column":68}},"17":{"start":{"line":25,"column":22},"end":{"line":25,"column":77}},"18":{"start":{"line":27,"column":6},"end":{"line":41,"column":7}},"19":{"start":{"line":28,"column":8},"end":{"line":28,"column":47}},"20":{"start":{"line":30,"column":24},"end":{"line":34,"column":9}},"21":{"start":{"line":36,"column":22},"end":{"line":36,"column":38}},"22":{"start":{"line":37,"column":8},"end":{"line":40,"column":11}},"23":{"start":{"line":43,"column":6},"end":{"line":43,"column":18}},"24":{"start":{"line":48,"column":17},"end":{"line":48,"column":27}},"25":{"start":{"line":49,"column":4},"end":{"line":64,"column":5}},"26":{"start":{"line":50,"column":57},"end":{"line":50,"column":65}},"27":{"start":{"line":51,"column":26},"end":{"line":56,"column":8}},"28":{"start":{"line":58,"column":6},"end":{"line":61,"column":9}},"29":{"start":{"line":63,"column":6},"end":{"line":63,"column":18}},"30":{"start":{"line":68,"column":4},"end":{"line":78,"column":5}},"31":{"start":{"line":69,"column":21},"end":{"line":69,"column":47}},"32":{"start":{"line":70,"column":19},"end":{"line":73,"column":8}},"33":{"start":{"line":74,"column":6},"end":{"line":74,"column":44}},"34":{"start":{"line":74,"column":17},"end":{"line":74,"column":44}},"35":{"start":{"line":75,"column":6},"end":{"line":75,"column":33}},"36":{"start":{"line":77,"column":6},"end":{"line":77,"column":18}},"37":{"start":{"line":82,"column":4},"end":{"line":93,"column":5}},"38":{"start":{"line":83,"column":21},"end":{"line":83,"column":47}},"39":{"start":{"line":84,"column":50},"end":{"line":84,"column":58}},"40":{"start":{"line":85,"column":29},"end":{"line":85,"column":56}},"41":{"start":{"line":86,"column":6},"end":{"line":86,"column":54}},"42":{"start":{"line":86,"column":27},"end":{"line":86,"column":54}},"43":{"start":{"line":88,"column":6},"end":{"line":88,"column":71}},"44":{"start":{"line":90,"column":6},"end":{"line":90,"column":67}},"45":{"start":{"line":92,"column":6},"end":{"line":92,"column":18}},"46":{"start":{"line":97,"column":4},"end":{"line":128,"column":5}},"47":{"start":{"line":99,"column":24},"end":{"line":99,"column":32}},"48":{"start":{"line":102,"column":23},"end":{"line":102,"column":63}},"49":{"start":{"line":105,"column":17},"end":{"line":108,"column":8}},"50":{"start":{"line":111,"column":22},"end":{"line":122,"column":7}},"51":{"start":{"line":124,"column":28},"end":{"line":124,"column":67}},"52":{"start":{"line":125,"column":6},"end":{"line":125,"column":42}},"53":{"start":{"line":127,"column":6},"end":{"line":127,"column":18}},"54":{"start":{"line":132,"column":4},"end":{"line":145,"column":5}},"55":{"start":{"line":141,"column":6},"end":{"line":141,"column":27}},"56":{"start":{"line":142,"column":6},"end":{"line":142,"column":63}},"57":{"start":{"line":144,"column":6},"end":{"line":144,"column":18}},"58":{"start":{"line":149,"column":4},"end":{"line":157,"column":5}},"59":{"start":{"line":150,"column":25},"end":{"line":150,"column":35}},"60":{"start":{"line":151,"column":21},"end":{"line":151,"column":49}},"61":{"start":{"line":152,"column":6},"end":{"line":154,"column":9}},"62":{"start":{"line":156,"column":6},"end":{"line":156,"column":18}},"63":{"start":{"line":161,"column":4},"end":{"line":171,"column":5}},"64":{"start":{"line":162,"column":21},"end":{"line":162,"column":33}},"65":{"start":{"line":163,"column":19},"end":{"line":166,"column":8}},"66":{"start":{"line":167,"column":6},"end":{"line":167,"column":43}},"67":{"start":{"line":167,"column":17},"end":{"line":167,"column":43}},"68":{"start":{"line":168,"column":6},"end":{"line":168,"column":32}},"69":{"start":{"line":170,"column":6},"end":{"line":170,"column":17}},"70":{"start":{"line":176,"column":4},"end":{"line":190,"column":5}},"71":{"start":{"line":177,"column":25},"end":{"line":177,"column":57}},"72":{"start":{"line":178,"column":18},"end":{"line":178,"column":46}},"73":{"start":{"line":179,"column":19},"end":{"line":179,"column":69}},"74":{"start":{"line":180,"column":26},"end":{"line":180,"column":41}},"75":{"start":{"line":181,"column":22},"end":{"line":181,"column":97}},"76":{"start":{"line":183,"column":6},"end":{"line":187,"column":8}},"77":{"start":{"line":189,"column":6},"end":{"line":189,"column":17}},"78":{"start":{"line":194,"column":0},"end":{"line":194,"column":36}}},"fnMap":{"0":{"name":"(anonymous_0)","decl":{"start":{"line":12,"column":2},"end":{"line":12,"column":3}},"loc":{"start":{"line":12,"column":37},"end":{"line":45,"column":3}},"line":12},"1":{"name":"(anonymous_1)","decl":{"start":{"line":47,"column":2},"end":{"line":47,"column":3}},"loc":{"start":{"line":47,"column":40},"end":{"line":65,"column":3}},"line":47},"2":{"name":"(anonymous_2)","decl":{"start":{"line":67,"column":2},"end":{"line":67,"column":3}},"loc":{"start":{"line":67,"column":48},"end":{"line":79,"column":3}},"line":67},"3":{"name":"(anonymous_3)","decl":{"start":{"line":81,"column":2},"end":{"line":81,"column":3}},"loc":{"start":{"line":81,"column":44},"end":{"line":94,"column":3}},"line":81},"4":{"name":"(anonymous_4)","decl":{"start":{"line":96,"column":2},"end":{"line":96,"column":3}},"loc":{"start":{"line":96,"column":48},"end":{"line":129,"column":3}},"line":96},"5":{"name":"(anonymous_5)","decl":{"start":{"line":131,"column":2},"end":{"line":131,"column":3}},"loc":{"start":{"line":131,"column":50},"end":{"line":146,"column":3}},"line":131},"6":{"name":"(anonymous_6)","decl":{"start":{"line":148,"column":2},"end":{"line":148,"column":3}},"loc":{"start":{"line":148,"column":46},"end":{"line":158,"column":3}},"line":148},"7":{"name":"(anonymous_7)","decl":{"start":{"line":160,"column":2},"end":{"line":160,"column":3}},"loc":{"start":{"line":160,"column":56},"end":{"line":172,"column":3}},"line":160},"8":{"name":"(anonymous_8)","decl":{"start":{"line":175,"column":2},"end":{"line":175,"column":3}},"loc":{"start":{"line":175,"column":46},"end":{"line":191,"column":3}},"line":175}},"branchMap":{"0":{"loc":{"start":{"line":15,"column":6},"end":{"line":15,"column":46}},"type":"if","locations":[{"start":{"line":15,"column":6},"end":{"line":15,"column":46}},{"start":{},"end":{}}],"line":15},"1":{"loc":{"start":{"line":16,"column":6},"end":{"line":16,"column":52}},"type":"if","locations":[{"start":{"line":16,"column":6},"end":{"line":16,"column":52}},{"start":{},"end":{}}],"line":16},"2":{"loc":{"start":{"line":24,"column":6},"end":{"line":24,"column":68}},"type":"if","locations":[{"start":{"line":24,"column":6},"end":{"line":24,"column":68}},{"start":{},"end":{}}],"line":24},"3":{"loc":{"start":{"line":27,"column":6},"end":{"line":41,"column":7}},"type":"if","locations":[{"start":{"line":27,"column":6},"end":{"line":41,"column":7}},{"start":{"line":29,"column":13},"end":{"line":41,"column":7}}],"line":27},"4":{"loc":{"start":{"line":69,"column":21},"end":{"line":69,"column":47}},"type":"binary-expr","locations":[{"start":{"line":69,"column":21},"end":{"line":69,"column":33}},{"start":{"line":69,"column":37},"end":{"line":69,"column":47}}],"line":69},"5":{"loc":{"start":{"line":74,"column":6},"end":{"line":74,"column":44}},"type":"if","locations":[{"start":{"line":74,"column":6},"end":{"line":74,"column":44}},{"start":{},"end":{}}],"line":74},"6":{"loc":{"start":{"line":83,"column":21},"end":{"line":83,"column":47}},"type":"binary-expr","locations":[{"start":{"line":83,"column":21},"end":{"line":83,"column":33}},{"start":{"line":83,"column":37},"end":{"line":83,"column":47}}],"line":83},"7":{"loc":{"start":{"line":86,"column":6},"end":{"line":86,"column":54}},"type":"if","locations":[{"start":{"line":86,"column":6},"end":{"line":86,"column":54}},{"start":{},"end":{}}],"line":86},"8":{"loc":{"start":{"line":167,"column":6},"end":{"line":167,"column":43}},"type":"if","locations":[{"start":{"line":167,"column":6},"end":{"line":167,"column":43}},{"start":{},"end":{}}],"line":167},"9":{"loc":{"start":{"line":178,"column":18},"end":{"line":178,"column":46}},"type":"binary-expr","locations":[{"start":{"line":178,"column":18},"end":{"line":178,"column":33}},{"start":{"line":178,"column":37},"end":{"line":178,"column":46}}],"line":178},"10":{"loc":{"start":{"line":179,"column":19},"end":{"line":179,"column":69}},"type":"binary-expr","locations":[{"start":{"line":179,"column":19},"end":{"line":179,"column":35}},{"start":{"line":179,"column":39},"end":{"line":179,"column":69}}],"line":179}},"s":{"0":3,"1":3,"2":3,"3":3,"4":3,"5":3,"6":3,"7":3,"8":10,"9":10,"10":10,"11":2,"12":8,"13":2,"14":6,"15":6,"16":1,"17":5,"18":5,"19":1,"20":4,"21":4,"22":4,"23":6,"24":11,"25":11,"26":11,"27":11,"28":1,"29":10,"30":2,"31":2,"32":2,"33":2,"34":0,"35":2,"36":0,"37":2,"38":2,"39":2,"40":2,"41":2,"42":0,"43":2,"44":2,"45":0,"46":1,"47":1,"48":1,"49":1,"50":1,"51":1,"52":1,"53":0,"54":0,"55":0,"56":0,"57":0,"58":1,"59":1,"60":1,"61":1,"62":0,"63":0,"64":0,"65":0,"66":0,"67":0,"68":0,"69":0,"70":1,"71":1,"72":1,"73":1,"74":1,"75":1,"76":1,"77":0,"78":3},"f":{"0":10,"1":11,"2":2,"3":2,"4":1,"5":0,"6":1,"7":0,"8":1},"b":{"0":[2,8],"1":[2,6],"2":[1,5],"3":[1,4],"4":[2,1],"5":[0,2],"6":[2,1],"7":[0,2],"8":[0,0],"9":[1,1],"10":[1,1]},"_coverageSchema":"1a1c01bbd47fc00a2c39e90264f33305004495a9","hash":"b142307de58604dc7021cba8ba49b929e524141e"}
,"C:\\Users\\USER\\Desktop\\hacktiv8\\PetDoorz\\Server\\PetDoorz-Server\\controllers\\HotelController.js": {"path":"C:\\Users\\USER\\Desktop\\hacktiv8\\PetDoorz\\Server\\PetDoorz-Server\\controllers\\HotelController.js","statementMap":{"0":{"start":{"line":1,"column":20},"end":{"line":1,"column":45}},"1":{"start":{"line":2,"column":20},"end":{"line":2,"column":50}},"2":{"start":{"line":10,"column":4},"end":{"line":10,"column":24}},"3":{"start":{"line":11,"column":22},"end":{"line":11,"column":42}},"4":{"start":{"line":12,"column":15},"end":{"line":12,"column":34}},"5":{"start":{"line":13,"column":26},"end":{"line":13,"column":65}},"6":{"start":{"line":14,"column":23},"end":{"line":14,"column":62}},"7":{"start":{"line":15,"column":13},"end":{"line":15,"column":28}},"8":{"start":{"line":16,"column":15},"end":{"line":16,"column":32}},"9":{"start":{"line":21,"column":4},"end":{"line":51,"column":5}},"10":{"start":{"line":22,"column":34},"end":{"line":22,"column":42}},"11":{"start":{"line":23,"column":6},"end":{"line":23,"column":46}},"12":{"start":{"line":23,"column":18},"end":{"line":23,"column":46}},"13":{"start":{"line":24,"column":6},"end":{"line":24,"column":52}},"14":{"start":{"line":24,"column":21},"end":{"line":24,"column":52}},"15":{"start":{"line":26,"column":28},"end":{"line":30,"column":8}},"16":{"start":{"line":32,"column":6},"end":{"line":32,"column":65}},"17":{"start":{"line":32,"column":26},"end":{"line":32,"column":65}},"18":{"start":{"line":33,"column":22},"end":{"line":33,"column":74}},"19":{"start":{"line":35,"column":6},"end":{"line":48,"column":7}},"20":{"start":{"line":36,"column":8},"end":{"line":36,"column":47}},"21":{"start":{"line":38,"column":24},"end":{"line":41,"column":9}},"22":{"start":{"line":43,"column":22},"end":{"line":43,"column":38}},"23":{"start":{"line":44,"column":8},"end":{"line":47,"column":11}},"24":{"start":{"line":50,"column":6},"end":{"line":50,"column":18}},"25":{"start":{"line":55,"column":17},"end":{"line":55,"column":27}},"26":{"start":{"line":56,"column":4},"end":{"line":74,"column":5}},"27":{"start":{"line":57,"column":70},"end":{"line":57,"column":78}},"28":{"start":{"line":59,"column":23},"end":{"line":66,"column":8}},"29":{"start":{"line":68,"column":6},"end":{"line":71,"column":9}},"30":{"start":{"line":73,"column":6},"end":{"line":73,"column":18}},"31":{"start":{"line":78,"column":4},"end":{"line":96,"column":5}},"32":{"start":{"line":79,"column":19},"end":{"line":79,"column":28}},"33":{"start":{"line":81,"column":19},"end":{"line":90,"column":8}},"34":{"start":{"line":91,"column":6},"end":{"line":91,"column":43}},"35":{"start":{"line":91,"column":17},"end":{"line":91,"column":43}},"36":{"start":{"line":93,"column":6},"end":{"line":93,"column":32}},"37":{"start":{"line":95,"column":6},"end":{"line":95,"column":17}},"38":{"start":{"line":100,"column":4},"end":{"line":118,"column":5}},"39":{"start":{"line":101,"column":19},"end":{"line":101,"column":29}},"40":{"start":{"line":103,"column":19},"end":{"line":112,"column":8}},"41":{"start":{"line":113,"column":6},"end":{"line":113,"column":43}},"42":{"start":{"line":113,"column":17},"end":{"line":113,"column":43}},"43":{"start":{"line":115,"column":6},"end":{"line":115,"column":32}},"44":{"start":{"line":117,"column":6},"end":{"line":117,"column":17}},"45":{"start":{"line":124,"column":21},"end":{"line":124,"column":39}},"46":{"start":{"line":125,"column":17},"end":{"line":125,"column":31}},"47":{"start":{"line":126,"column":16},"end":{"line":126,"column":29}},"48":{"start":{"line":127,"column":21},"end":{"line":127,"column":38}},"49":{"start":{"line":128,"column":22},"end":{"line":128,"column":40}},"50":{"start":{"line":129,"column":21},"end":{"line":129,"column":39}},"51":{"start":{"line":130,"column":25},"end":{"line":132,"column":5}},"52":{"start":{"line":133,"column":26},"end":{"line":135,"column":5}},"53":{"start":{"line":137,"column":4},"end":{"line":223,"column":5}},"54":{"start":{"line":138,"column":6},"end":{"line":154,"column":7}},"55":{"start":{"line":146,"column":31},"end":{"line":152,"column":10}},"56":{"start":{"line":153,"column":8},"end":{"line":153,"column":52}},"57":{"start":{"line":156,"column":28},"end":{"line":181,"column":8}},"58":{"start":{"line":183,"column":25},"end":{"line":209,"column":7}},"59":{"start":{"line":185,"column":10},"end":{"line":207,"column":11}},"60":{"start":{"line":186,"column":29},"end":{"line":191,"column":13}},"61":{"start":{"line":192,"column":32},"end":{"line":195,"column":13}},"62":{"start":{"line":196,"column":12},"end":{"line":204,"column":14}},"63":{"start":{"line":206,"column":12},"end":{"line":206,"column":31}},"64":{"start":{"line":211,"column":39},"end":{"line":218,"column":8}},"65":{"start":{"line":212,"column":8},"end":{"line":217,"column":10}},"66":{"start":{"line":215,"column":22},"end":{"line":215,"column":75}},"67":{"start":{"line":220,"column":6},"end":{"line":220,"column":53}},"68":{"start":{"line":222,"column":6},"end":{"line":222,"column":18}},"69":{"start":{"line":227,"column":4},"end":{"line":292,"column":5}},"70":{"start":{"line":228,"column":28},"end":{"line":274,"column":8}},"71":{"start":{"line":275,"column":28},"end":{"line":275,"column":29}},"72":{"start":{"line":276,"column":23},"end":{"line":287,"column":8}},"73":{"start":{"line":277,"column":8},"end":{"line":279,"column":11}},"74":{"start":{"line":278,"column":10},"end":{"line":278,"column":40}},"75":{"start":{"line":280,"column":8},"end":{"line":286,"column":10}},"76":{"start":{"line":289,"column":6},"end":{"line":289,"column":22}},"77":{"start":{"line":291,"column":6},"end":{"line":291,"column":19}},"78":{"start":{"line":296,"column":4},"end":{"line":313,"column":5}},"79":{"start":{"line":297,"column":21},"end":{"line":297,"column":30}},"80":{"start":{"line":299,"column":19},"end":{"line":299,"column":43}},"81":{"start":{"line":300,"column":6},"end":{"line":300,"column":43}},"82":{"start":{"line":300,"column":17},"end":{"line":300,"column":43}},"83":{"start":{"line":302,"column":22},"end":{"line":302,"column":24}},"84":{"start":{"line":303,"column":6},"end":{"line":307,"column":7}},"85":{"start":{"line":304,"column":8},"end":{"line":304,"column":30}},"86":{"start":{"line":306,"column":8},"end":{"line":306,"column":28}},"87":{"start":{"line":308,"column":6},"end":{"line":308,"column":64}},"88":{"start":{"line":310,"column":6},"end":{"line":310,"column":89}},"89":{"start":{"line":312,"column":6},"end":{"line":312,"column":17}},"90":{"start":{"line":317,"column":4},"end":{"line":325,"column":5}},"91":{"start":{"line":318,"column":21},"end":{"line":318,"column":31}},"92":{"start":{"line":319,"column":28},"end":{"line":319,"column":52}},"93":{"start":{"line":320,"column":6},"end":{"line":320,"column":53}},"94":{"start":{"line":320,"column":26},"end":{"line":320,"column":53}},"95":{"start":{"line":321,"column":6},"end":{"line":321,"column":30}},"96":{"start":{"line":322,"column":6},"end":{"line":322,"column":51}},"97":{"start":{"line":324,"column":6},"end":{"line":324,"column":18}},"98":{"start":{"line":329,"column":4},"end":{"line":344,"column":5}},"99":{"start":{"line":330,"column":21},"end":{"line":330,"column":30}},"100":{"start":{"line":331,"column":61},"end":{"line":331,"column":69}},"101":{"start":{"line":332,"column":28},"end":{"line":332,"column":52}},"102":{"start":{"line":333,"column":6},"end":{"line":333,"column":53}},"103":{"start":{"line":333,"column":26},"end":{"line":333,"column":53}},"104":{"start":{"line":334,"column":6},"end":{"line":340,"column":9}},"105":{"start":{"line":341,"column":6},"end":{"line":341,"column":78}},"106":{"start":{"line":343,"column":6},"end":{"line":343,"column":18}},"107":{"start":{"line":348,"column":4},"end":{"line":361,"column":5}},"108":{"start":{"line":349,"column":28},"end":{"line":349,"column":37}},"109":{"start":{"line":351,"column":22},"end":{"line":356,"column":8}},"110":{"start":{"line":358,"column":6},"end":{"line":358,"column":36}},"111":{"start":{"line":360,"column":6},"end":{"line":360,"column":18}},"112":{"start":{"line":365,"column":4},"end":{"line":375,"column":5}},"113":{"start":{"line":366,"column":28},"end":{"line":366,"column":37}},"114":{"start":{"line":368,"column":30},"end":{"line":368,"column":38}},"115":{"start":{"line":370,"column":25},"end":{"line":370,"column":71}},"116":{"start":{"line":372,"column":6},"end":{"line":372,"column":39}},"117":{"start":{"line":374,"column":6},"end":{"line":374,"column":18}},"118":{"start":{"line":379,"column":4},"end":{"line":399,"column":5}},"119":{"start":{"line":380,"column":21},"end":{"line":380,"column":31}},"120":{"start":{"line":381,"column":28},"end":{"line":381,"column":37}},"121":{"start":{"line":383,"column":30},"end":{"line":383,"column":38}},"122":{"start":{"line":385,"column":22},"end":{"line":385,"column":48}},"123":{"start":{"line":387,"column":6},"end":{"line":387,"column":47}},"124":{"start":{"line":387,"column":20},"end":{"line":387,"column":47}},"125":{"start":{"line":389,"column":25},"end":{"line":392,"column":7}},"126":{"start":{"line":394,"column":6},"end":{"line":396,"column":9}},"127":{"start":{"line":398,"column":6},"end":{"line":398,"column":18}},"128":{"start":{"line":403,"column":4},"end":{"line":416,"column":5}},"129":{"start":{"line":404,"column":21},"end":{"line":404,"column":31}},"130":{"start":{"line":405,"column":28},"end":{"line":405,"column":37}},"131":{"start":{"line":407,"column":29},"end":{"line":407,"column":69}},"132":{"start":{"line":409,"column":6},"end":{"line":409,"column":59}},"133":{"start":{"line":409,"column":32},"end":{"line":409,"column":59}},"134":{"start":{"line":411,"column":6},"end":{"line":413,"column":9}},"135":{"start":{"line":415,"column":6},"end":{"line":415,"column":18}},"136":{"start":{"line":421,"column":4},"end":{"line":432,"column":5}},"137":{"start":{"line":422,"column":28},"end":{"line":422,"column":37}},"138":{"start":{"line":424,"column":20},"end":{"line":427,"column":8}},"139":{"start":{"line":429,"column":6},"end":{"line":429,"column":34}},"140":{"start":{"line":431,"column":6},"end":{"line":431,"column":18}},"141":{"start":{"line":436,"column":4},"end":{"line":453,"column":5}},"142":{"start":{"line":437,"column":28},"end":{"line":437,"column":37}},"143":{"start":{"line":439,"column":63},"end":{"line":439,"column":71}},"144":{"start":{"line":441,"column":22},"end":{"line":448,"column":8}},"145":{"start":{"line":450,"column":6},"end":{"line":450,"column":36}},"146":{"start":{"line":452,"column":6},"end":{"line":452,"column":18}},"147":{"start":{"line":457,"column":4},"end":{"line":477,"column":5}},"148":{"start":{"line":458,"column":21},"end":{"line":458,"column":31}},"149":{"start":{"line":459,"column":28},"end":{"line":459,"column":37}},"150":{"start":{"line":461,"column":63},"end":{"line":461,"column":71}},"151":{"start":{"line":463,"column":19},"end":{"line":463,"column":42}},"152":{"start":{"line":465,"column":6},"end":{"line":465,"column":44}},"153":{"start":{"line":465,"column":17},"end":{"line":465,"column":44}},"154":{"start":{"line":467,"column":26},"end":{"line":470,"column":7}},"155":{"start":{"line":472,"column":6},"end":{"line":474,"column":9}},"156":{"start":{"line":476,"column":6},"end":{"line":476,"column":18}},"157":{"start":{"line":481,"column":4},"end":{"line":494,"column":5}},"158":{"start":{"line":482,"column":21},"end":{"line":482,"column":31}},"159":{"start":{"line":483,"column":28},"end":{"line":483,"column":37}},"160":{"start":{"line":485,"column":26},"end":{"line":485,"column":63}},"161":{"start":{"line":487,"column":6},"end":{"line":487,"column":56}},"162":{"start":{"line":487,"column":29},"end":{"line":487,"column":56}},"163":{"start":{"line":489,"column":6},"end":{"line":491,"column":9}},"164":{"start":{"line":493,"column":6},"end":{"line":493,"column":18}},"165":{"start":{"line":500,"column":4},"end":{"line":508,"column":5}},"166":{"start":{"line":501,"column":25},"end":{"line":501,"column":35}},"167":{"start":{"line":502,"column":21},"end":{"line":502,"column":49}},"168":{"start":{"line":503,"column":6},"end":{"line":505,"column":9}},"169":{"start":{"line":507,"column":6},"end":{"line":507,"column":18}},"170":{"start":{"line":513,"column":4},"end":{"line":527,"column":5}},"171":{"start":{"line":514,"column":25},"end":{"line":514,"column":57}},"172":{"start":{"line":515,"column":18},"end":{"line":515,"column":46}},"173":{"start":{"line":516,"column":19},"end":{"line":516,"column":69}},"174":{"start":{"line":517,"column":26},"end":{"line":517,"column":41}},"175":{"start":{"line":518,"column":22},"end":{"line":518,"column":97}},"176":{"start":{"line":520,"column":6},"end":{"line":524,"column":8}},"177":{"start":{"line":526,"column":6},"end":{"line":526,"column":17}},"178":{"start":{"line":531,"column":0},"end":{"line":531,"column":33}}},"fnMap":{"0":{"name":"(anonymous_0)","decl":{"start":{"line":20,"column":2},"end":{"line":20,"column":3}},"loc":{"start":{"line":20,"column":37},"end":{"line":52,"column":3}},"line":20},"1":{"name":"(anonymous_1)","decl":{"start":{"line":54,"column":2},"end":{"line":54,"column":3}},"loc":{"start":{"line":54,"column":40},"end":{"line":75,"column":3}},"line":54},"2":{"name":"(anonymous_2)","decl":{"start":{"line":77,"column":2},"end":{"line":77,"column":3}},"loc":{"start":{"line":77,"column":43},"end":{"line":97,"column":3}},"line":77},"3":{"name":"(anonymous_3)","decl":{"start":{"line":99,"column":2},"end":{"line":99,"column":3}},"loc":{"start":{"line":99,"column":41},"end":{"line":119,"column":3}},"line":99},"4":{"name":"(anonymous_4)","decl":{"start":{"line":121,"column":2},"end":{"line":121,"column":3}},"loc":{"start":{"line":121,"column":48},"end":{"line":224,"column":3}},"line":121},"5":{"name":"(anonymous_5)","decl":{"start":{"line":184,"column":26},"end":{"line":184,"column":27}},"loc":{"start":{"line":184,"column":43},"end":{"line":208,"column":9}},"line":184},"6":{"name":"(anonymous_6)","decl":{"start":{"line":211,"column":57},"end":{"line":211,"column":58}},"loc":{"start":{"line":211,"column":68},"end":{"line":218,"column":7}},"line":211},"7":{"name":"(anonymous_7)","decl":{"start":{"line":215,"column":12},"end":{"line":215,"column":13}},"loc":{"start":{"line":215,"column":22},"end":{"line":215,"column":75}},"line":215},"8":{"name":"(anonymous_8)","decl":{"start":{"line":226,"column":2},"end":{"line":226,"column":3}},"loc":{"start":{"line":226,"column":66},"end":{"line":293,"column":3}},"line":226},"9":{"name":"(anonymous_9)","decl":{"start":{"line":276,"column":47},"end":{"line":276,"column":48}},"loc":{"start":{"line":276,"column":54},"end":{"line":287,"column":7}},"line":276},"10":{"name":"(anonymous_10)","decl":{"start":{"line":277,"column":23},"end":{"line":277,"column":24}},"loc":{"start":{"line":277,"column":30},"end":{"line":279,"column":9}},"line":277},"11":{"name":"(anonymous_11)","decl":{"start":{"line":295,"column":2},"end":{"line":295,"column":3}},"loc":{"start":{"line":295,"column":44},"end":{"line":314,"column":3}},"line":295},"12":{"name":"(anonymous_12)","decl":{"start":{"line":316,"column":2},"end":{"line":316,"column":3}},"loc":{"start":{"line":316,"column":38},"end":{"line":326,"column":3}},"line":316},"13":{"name":"(anonymous_13)","decl":{"start":{"line":328,"column":2},"end":{"line":328,"column":3}},"loc":{"start":{"line":328,"column":38},"end":{"line":345,"column":3}},"line":328},"14":{"name":"(anonymous_14)","decl":{"start":{"line":347,"column":2},"end":{"line":347,"column":3}},"loc":{"start":{"line":347,"column":43},"end":{"line":362,"column":3}},"line":347},"15":{"name":"(anonymous_15)","decl":{"start":{"line":364,"column":2},"end":{"line":364,"column":3}},"loc":{"start":{"line":364,"column":42},"end":{"line":376,"column":3}},"line":364},"16":{"name":"(anonymous_16)","decl":{"start":{"line":378,"column":2},"end":{"line":378,"column":3}},"loc":{"start":{"line":378,"column":45},"end":{"line":400,"column":3}},"line":378},"17":{"name":"(anonymous_17)","decl":{"start":{"line":402,"column":2},"end":{"line":402,"column":3}},"loc":{"start":{"line":402,"column":45},"end":{"line":417,"column":3}},"line":402},"18":{"name":"(anonymous_18)","decl":{"start":{"line":420,"column":2},"end":{"line":420,"column":3}},"loc":{"start":{"line":420,"column":40},"end":{"line":433,"column":3}},"line":420},"19":{"name":"(anonymous_19)","decl":{"start":{"line":435,"column":2},"end":{"line":435,"column":3}},"loc":{"start":{"line":435,"column":39},"end":{"line":454,"column":3}},"line":435},"20":{"name":"(anonymous_20)","decl":{"start":{"line":456,"column":2},"end":{"line":456,"column":3}},"loc":{"start":{"line":456,"column":42},"end":{"line":478,"column":3}},"line":456},"21":{"name":"(anonymous_21)","decl":{"start":{"line":480,"column":2},"end":{"line":480,"column":3}},"loc":{"start":{"line":480,"column":42},"end":{"line":495,"column":3}},"line":480},"22":{"name":"(anonymous_22)","decl":{"start":{"line":499,"column":2},"end":{"line":499,"column":3}},"loc":{"start":{"line":499,"column":46},"end":{"line":509,"column":3}},"line":499},"23":{"name":"(anonymous_23)","decl":{"start":{"line":512,"column":2},"end":{"line":512,"column":3}},"loc":{"start":{"line":512,"column":46},"end":{"line":528,"column":3}},"line":512}},"branchMap":{"0":{"loc":{"start":{"line":23,"column":6},"end":{"line":23,"column":46}},"type":"if","locations":[{"start":{"line":23,"column":6},"end":{"line":23,"column":46}},{"start":{},"end":{}}],"line":23},"1":{"loc":{"start":{"line":24,"column":6},"end":{"line":24,"column":52}},"type":"if","locations":[{"start":{"line":24,"column":6},"end":{"line":24,"column":52}},{"start":{},"end":{}}],"line":24},"2":{"loc":{"start":{"line":32,"column":6},"end":{"line":32,"column":65}},"type":"if","locations":[{"start":{"line":32,"column":6},"end":{"line":32,"column":65}},{"start":{},"end":{}}],"line":32},"3":{"loc":{"start":{"line":35,"column":6},"end":{"line":48,"column":7}},"type":"if","locations":[{"start":{"line":35,"column":6},"end":{"line":48,"column":7}},{"start":{"line":37,"column":13},"end":{"line":48,"column":7}}],"line":35},"4":{"loc":{"start":{"line":91,"column":6},"end":{"line":91,"column":43}},"type":"if","locations":[{"start":{"line":91,"column":6},"end":{"line":91,"column":43}},{"start":{},"end":{}}],"line":91},"5":{"loc":{"start":{"line":113,"column":6},"end":{"line":113,"column":43}},"type":"if","locations":[{"start":{"line":113,"column":6},"end":{"line":113,"column":43}},{"start":{},"end":{}}],"line":113},"6":{"loc":{"start":{"line":138,"column":6},"end":{"line":154,"column":7}},"type":"if","locations":[{"start":{"line":138,"column":6},"end":{"line":154,"column":7}},{"start":{},"end":{}}],"line":138},"7":{"loc":{"start":{"line":139,"column":8},"end":{"line":144,"column":27}},"type":"binary-expr","locations":[{"start":{"line":139,"column":8},"end":{"line":139,"column":23}},{"start":{"line":140,"column":8},"end":{"line":140,"column":22}},{"start":{"line":141,"column":8},"end":{"line":141,"column":27}},{"start":{"line":142,"column":8},"end":{"line":142,"column":26}},{"start":{"line":143,"column":8},"end":{"line":143,"column":27}},{"start":{"line":144,"column":8},"end":{"line":144,"column":27}}],"line":139},"8":{"loc":{"start":{"line":213,"column":10},"end":{"line":216,"column":11}},"type":"binary-expr","locations":[{"start":{"line":213,"column":10},"end":{"line":213,"column":37}},{"start":{"line":214,"column":10},"end":{"line":216,"column":11}}],"line":213},"9":{"loc":{"start":{"line":215,"column":22},"end":{"line":215,"column":75}},"type":"binary-expr","locations":[{"start":{"line":215,"column":22},"end":{"line":215,"column":47}},{"start":{"line":215,"column":51},"end":{"line":215,"column":75}}],"line":215},"10":{"loc":{"start":{"line":300,"column":6},"end":{"line":300,"column":43}},"type":"if","locations":[{"start":{"line":300,"column":6},"end":{"line":300,"column":43}},{"start":{},"end":{}}],"line":300},"11":{"loc":{"start":{"line":303,"column":6},"end":{"line":307,"column":7}},"type":"if","locations":[{"start":{"line":303,"column":6},"end":{"line":307,"column":7}},{"start":{"line":305,"column":13},"end":{"line":307,"column":7}}],"line":303},"12":{"loc":{"start":{"line":320,"column":6},"end":{"line":320,"column":53}},"type":"if","locations":[{"start":{"line":320,"column":6},"end":{"line":320,"column":53}},{"start":{},"end":{}}],"line":320},"13":{"loc":{"start":{"line":333,"column":6},"end":{"line":333,"column":53}},"type":"if","locations":[{"start":{"line":333,"column":6},"end":{"line":333,"column":53}},{"start":{},"end":{}}],"line":333},"14":{"loc":{"start":{"line":387,"column":6},"end":{"line":387,"column":47}},"type":"if","locations":[{"start":{"line":387,"column":6},"end":{"line":387,"column":47}},{"start":{},"end":{}}],"line":387},"15":{"loc":{"start":{"line":409,"column":6},"end":{"line":409,"column":59}},"type":"if","locations":[{"start":{"line":409,"column":6},"end":{"line":409,"column":59}},{"start":{},"end":{}}],"line":409},"16":{"loc":{"start":{"line":465,"column":6},"end":{"line":465,"column":44}},"type":"if","locations":[{"start":{"line":465,"column":6},"end":{"line":465,"column":44}},{"start":{},"end":{}}],"line":465},"17":{"loc":{"start":{"line":487,"column":6},"end":{"line":487,"column":56}},"type":"if","locations":[{"start":{"line":487,"column":6},"end":{"line":487,"column":56}},{"start":{},"end":{}}],"line":487},"18":{"loc":{"start":{"line":515,"column":18},"end":{"line":515,"column":46}},"type":"binary-expr","locations":[{"start":{"line":515,"column":18},"end":{"line":515,"column":33}},{"start":{"line":515,"column":37},"end":{"line":515,"column":46}}],"line":515},"19":{"loc":{"start":{"line":516,"column":19},"end":{"line":516,"column":69}},"type":"binary-expr","locations":[{"start":{"line":516,"column":19},"end":{"line":516,"column":35}},{"start":{"line":516,"column":39},"end":{"line":516,"column":69}}],"line":516}},"s":{"0":3,"1":3,"2":3,"3":3,"4":3,"5":3,"6":3,"7":3,"8":3,"9":2,"10":2,"11":2,"12":0,"13":2,"14":0,"15":2,"16":2,"17":0,"18":2,"19":2,"20":0,"21":2,"22":2,"23":2,"24":0,"25":0,"26":0,"27":0,"28":0,"29":0,"30":0,"31":0,"32":0,"33":0,"34":0,"35":0,"36":0,"37":0,"38":0,"39":0,"40":0,"41":0,"42":0,"43":0,"44":0,"45":0,"46":0,"47":0,"48":0,"49":0,"50":0,"51":0,"52":0,"53":0,"54":0,"55":0,"56":0,"57":0,"58":0,"59":0,"60":0,"61":0,"62":0,"63":0,"64":0,"65":0,"66":0,"67":0,"68":0,"69":0,"70":0,"71":0,"72":0,"73":0,"74":0,"75":0,"76":0,"77":0,"78":0,"79":0,"80":0,"81":0,"82":0,"83":0,"84":0,"85":0,"86":0,"87":0,"88":0,"89":0,"90":0,"91":0,"92":0,"93":0,"94":0,"95":0,"96":0,"97":0,"98":0,"99":0,"100":0,"101":0,"102":0,"103":0,"104":0,"105":0,"106":0,"107":1,"108":1,"109":1,"110":1,"111":0,"112":1,"113":1,"114":1,"115":1,"116":1,"117":0,"118":1,"119":1,"120":1,"121":1,"122":1,"123":1,"124":0,"125":1,"126":1,"127":0,"128":2,"129":2,"130":2,"131":2,"132":2,"133":1,"134":1,"135":1,"136":1,"137":1,"138":1,"139":1,"140":0,"141":1,"142":1,"143":1,"144":1,"145":1,"146":0,"147":2,"148":2,"149":2,"150":2,"151":2,"152":2,"153":1,"154":1,"155":1,"156":1,"157":2,"158":2,"159":2,"160":2,"161":2,"162":1,"163":1,"164":1,"165":0,"166":0,"167":0,"168":0,"169":0,"170":0,"171":0,"172":0,"173":0,"174":0,"175":0,"176":0,"177":0,"178":3},"f":{"0":2,"1":0,"2":0,"3":0,"4":0,"5":0,"6":0,"7":0,"8":0,"9":0,"10":0,"11":0,"12":0,"13":0,"14":1,"15":1,"16":1,"17":2,"18":1,"19":1,"20":2,"21":2,"22":0,"23":0},"b":{"0":[0,2],"1":[0,2],"2":[0,2],"3":[0,2],"4":[0,0],"5":[0,0],"6":[0,0],"7":[0,0,0,0,0,0],"8":[0,0],"9":[0,0],"10":[0,0],"11":[0,0],"12":[0,0],"13":[0,0],"14":[0,1],"15":[1,1],"16":[1,1],"17":[1,1],"18":[0,0],"19":[0,0]},"_coverageSchema":"1a1c01bbd47fc00a2c39e90264f33305004495a9","hash":"6f1dcf2c9c35b9565a028eefc031b31a9eba251b"}
,"C:\\Users\\USER\\Desktop\\hacktiv8\\PetDoorz\\Server\\PetDoorz-Server\\helpers\\calculateDistance.js": {"path":"C:\\Users\\USER\\Desktop\\hacktiv8\\PetDoorz\\Server\\PetDoorz-Server\\helpers\\calculateDistance.js","statementMap":{"0":{"start":{"line":2,"column":12},"end":{"line":2,"column":16}},"1":{"start":{"line":4,"column":16},"end":{"line":4,"column":50}},"2":{"start":{"line":4,"column":27},"end":{"line":4,"column":50}},"3":{"start":{"line":6,"column":15},"end":{"line":6,"column":55}},"4":{"start":{"line":7,"column":15},"end":{"line":7,"column":55}},"5":{"start":{"line":10,"column":4},"end":{"line":14,"column":24}},"6":{"start":{"line":16,"column":12},"end":{"line":16,"column":58}},"7":{"start":{"line":18,"column":19},"end":{"line":18,"column":24}},"8":{"start":{"line":20,"column":2},"end":{"line":20,"column":29}},"9":{"start":{"line":23,"column":0},"end":{"line":23,"column":35}}},"fnMap":{"0":{"name":"calculateDistance","decl":{"start":{"line":1,"column":15},"end":{"line":1,"column":32}},"loc":{"start":{"line":1,"column":61},"end":{"line":21,"column":1}},"line":1},"1":{"name":"(anonymous_1)","decl":{"start":{"line":4,"column":16},"end":{"line":4,"column":17}},"loc":{"start":{"line":4,"column":27},"end":{"line":4,"column":50}},"line":4}},"branchMap":{},"s":{"0":0,"1":0,"2":0,"3":0,"4":0,"5":0,"6":0,"7":0,"8":0,"9":3},"f":{"0":0,"1":0},"b":{},"_coverageSchema":"1a1c01bbd47fc00a2c39e90264f33305004495a9","hash":"156c4d6048c5faba9729742d2e13c28757464cff"}
,"C:\\Users\\USER\\Desktop\\hacktiv8\\PetDoorz\\Server\\PetDoorz-Server\\helpers\\jwt.js": {"path":"C:\\Users\\USER\\Desktop\\hacktiv8\\PetDoorz\\Server\\PetDoorz-Server\\helpers\\jwt.js","statementMap":{"0":{"start":{"line":1,"column":12},"end":{"line":1,"column":35}},"1":{"start":{"line":4,"column":4},"end":{"line":4,"column":50}},"2":{"start":{"line":8,"column":4},"end":{"line":8,"column":52}},"3":{"start":{"line":12,"column":0},"end":{"line":15,"column":1}}},"fnMap":{"0":{"name":"jwtSign","decl":{"start":{"line":3,"column":9},"end":{"line":3,"column":16}},"loc":{"start":{"line":3,"column":24},"end":{"line":5,"column":1}},"line":3},"1":{"name":"jwtVerify","decl":{"start":{"line":7,"column":9},"end":{"line":7,"column":18}},"loc":{"start":{"line":7,"column":26},"end":{"line":9,"column":1}},"line":7}},"branchMap":{},"s":{"0":3,"1":6,"2":35,"3":3},"f":{"0":6,"1":35},"b":{},"_coverageSchema":"1a1c01bbd47fc00a2c39e90264f33305004495a9","hash":"7932c0a1619ed51e2d298e16d9b45954c9fa0a01"}
,"C:\\Users\\USER\\Desktop\\hacktiv8\\PetDoorz\\Server\\PetDoorz-Server\\helpers\\password.js": {"path":"C:\\Users\\USER\\Desktop\\hacktiv8\\PetDoorz\\Server\\PetDoorz-Server\\helpers\\password.js","statementMap":{"0":{"start":{"line":1,"column":15},"end":{"line":1,"column":34}},"1":{"start":{"line":4,"column":15},"end":{"line":4,"column":37}},"2":{"start":{"line":5,"column":15},"end":{"line":5,"column":43}},"3":{"start":{"line":6,"column":2},"end":{"line":6,"column":14}},"4":{"start":{"line":10,"column":2},"end":{"line":10,"column":41}},"5":{"start":{"line":13,"column":0},"end":{"line":16,"column":2}}},"fnMap":{"0":{"name":"encrypt","decl":{"start":{"line":3,"column":9},"end":{"line":3,"column":16}},"loc":{"start":{"line":3,"column":24},"end":{"line":7,"column":1}},"line":3},"1":{"name":"decrypt","decl":{"start":{"line":9,"column":9},"end":{"line":9,"column":16}},"loc":{"start":{"line":9,"column":30},"end":{"line":11,"column":1}},"line":9}},"branchMap":{},"s":{"0":3,"1":8,"2":8,"3":8,"4":0,"5":3},"f":{"0":8,"1":0},"b":{},"_coverageSchema":"1a1c01bbd47fc00a2c39e90264f33305004495a9","hash":"d24f9f25fa886865d58e3ffd9b3689741bda9965"}
,"C:\\Users\\USER\\Desktop\\hacktiv8\\PetDoorz\\Server\\PetDoorz-Server\\helpers\\thirdPartyRequest.js": {"path":"C:\\Users\\USER\\Desktop\\hacktiv8\\PetDoorz\\Server\\PetDoorz-Server\\helpers\\thirdPartyRequest.js","statementMap":{"0":{"start":{"line":1,"column":14},"end":{"line":1,"column":30}},"1":{"start":{"line":4,"column":22},"end":{"line":4,"column":64}},"2":{"start":{"line":5,"column":17},"end":{"line":5,"column":69}},"3":{"start":{"line":6,"column":2},"end":{"line":19,"column":3}},"4":{"start":{"line":7,"column":21},"end":{"line":13,"column":6}},"5":{"start":{"line":15,"column":19},"end":{"line":15,"column":66}},"6":{"start":{"line":16,"column":4},"end":{"line":16,"column":18}},"7":{"start":{"line":18,"column":4},"end":{"line":18,"column":23}},"8":{"start":{"line":22,"column":0},"end":{"line":22,"column":32}}},"fnMap":{"0":{"name":"getChatHistory","decl":{"start":{"line":3,"column":15},"end":{"line":3,"column":29}},"loc":{"start":{"line":3,"column":38},"end":{"line":20,"column":1}},"line":3}},"branchMap":{},"s":{"0":3,"1":1,"2":1,"3":1,"4":1,"5":1,"6":1,"7":0,"8":3},"f":{"0":1},"b":{},"_coverageSchema":"1a1c01bbd47fc00a2c39e90264f33305004495a9","hash":"42d1ee8bada9406d4604ed39e6315dbe81edec55"}
,"C:\\Users\\USER\\Desktop\\hacktiv8\\PetDoorz\\Server\\PetDoorz-Server\\middlewares\\authenticationCustomer.js": {"path":"C:\\Users\\USER\\Desktop\\hacktiv8\\PetDoorz\\Server\\PetDoorz-Server\\middlewares\\authenticationCustomer.js","statementMap":{"0":{"start":{"line":1,"column":22},"end":{"line":1,"column":47}},"1":{"start":{"line":2,"column":21},"end":{"line":2,"column":41}},"2":{"start":{"line":5,"column":2},"end":{"line":22,"column":3}},"3":{"start":{"line":6,"column":29},"end":{"line":6,"column":40}},"4":{"start":{"line":7,"column":26},"end":{"line":7,"column":49}},"5":{"start":{"line":9,"column":21},"end":{"line":14,"column":6}},"6":{"start":{"line":15,"column":4},"end":{"line":15,"column":53}},"7":{"start":{"line":15,"column":19},"end":{"line":15,"column":53}},"8":{"start":{"line":17,"column":4},"end":{"line":17,"column":33}},"9":{"start":{"line":19,"column":4},"end":{"line":19,"column":11}},"10":{"start":{"line":21,"column":4},"end":{"line":21,"column":16}},"11":{"start":{"line":25,"column":0},"end":{"line":25,"column":40}}},"fnMap":{"0":{"name":"authenticationCustomer","decl":{"start":{"line":4,"column":15},"end":{"line":4,"column":37}},"loc":{"start":{"line":4,"column":54},"end":{"line":23,"column":1}},"line":4}},"branchMap":{"0":{"loc":{"start":{"line":15,"column":4},"end":{"line":15,"column":53}},"type":"if","locations":[{"start":{"line":15,"column":4},"end":{"line":15,"column":53}},{"start":{},"end":{}}],"line":15}},"s":{"0":3,"1":3,"2":19,"3":19,"4":19,"5":8,"6":8,"7":0,"8":8,"9":8,"10":11,"11":3},"f":{"0":19},"b":{"0":[0,8]},"_coverageSchema":"1a1c01bbd47fc00a2c39e90264f33305004495a9","hash":"58c57da819da9cfd030743bfbd30532b6f9a8bdf"}
,"C:\\Users\\USER\\Desktop\\hacktiv8\\PetDoorz\\Server\\PetDoorz-Server\\middlewares\\authenticationHotel.js": {"path":"C:\\Users\\USER\\Desktop\\hacktiv8\\PetDoorz\\Server\\PetDoorz-Server\\middlewares\\authenticationHotel.js","statementMap":{"0":{"start":{"line":1,"column":22},"end":{"line":1,"column":47}},"1":{"start":{"line":2,"column":18},"end":{"line":2,"column":38}},"2":{"start":{"line":5,"column":2},"end":{"line":22,"column":3}},"3":{"start":{"line":6,"column":29},"end":{"line":6,"column":40}},"4":{"start":{"line":7,"column":26},"end":{"line":7,"column":49}},"5":{"start":{"line":9,"column":18},"end":{"line":14,"column":6}},"6":{"start":{"line":15,"column":4},"end":{"line":15,"column":50}},"7":{"start":{"line":15,"column":16},"end":{"line":15,"column":50}},"8":{"start":{"line":17,"column":4},"end":{"line":17,"column":30}},"9":{"start":{"line":19,"column":4},"end":{"line":19,"column":11}},"10":{"start":{"line":21,"column":4},"end":{"line":21,"column":16}},"11":{"start":{"line":25,"column":0},"end":{"line":25,"column":37}}},"fnMap":{"0":{"name":"authenticationHotel","decl":{"start":{"line":4,"column":15},"end":{"line":4,"column":34}},"loc":{"start":{"line":4,"column":51},"end":{"line":23,"column":1}},"line":4}},"branchMap":{"0":{"loc":{"start":{"line":15,"column":4},"end":{"line":15,"column":50}},"type":"if","locations":[{"start":{"line":15,"column":4},"end":{"line":15,"column":50}},{"start":{},"end":{}}],"line":15}},"s":{"0":3,"1":3,"2":16,"3":16,"4":16,"5":13,"6":13,"7":0,"8":13,"9":13,"10":3,"11":3},"f":{"0":16},"b":{"0":[0,13]},"_coverageSchema":"1a1c01bbd47fc00a2c39e90264f33305004495a9","hash":"d4c4859b0708abfd2e6accdd446051830d4ba17b"}
,"C:\\Users\\USER\\Desktop\\hacktiv8\\PetDoorz\\Server\\PetDoorz-Server\\middlewares\\authorizationBookingDone.js": {"path":"C:\\Users\\USER\\Desktop\\hacktiv8\\PetDoorz\\Server\\PetDoorz-Server\\middlewares\\authorizationBookingDone.js","statementMap":{"0":{"start":{"line":4,"column":20},"end":{"line":4,"column":40}},"1":{"start":{"line":7,"column":4},"end":{"line":19,"column":5}},"2":{"start":{"line":8,"column":34},"end":{"line":8,"column":44}},"3":{"start":{"line":9,"column":35},"end":{"line":9,"column":47}},"4":{"start":{"line":11,"column":24},"end":{"line":11,"column":57}},"5":{"start":{"line":12,"column":8},"end":{"line":12,"column":48}},"6":{"start":{"line":12,"column":22},"end":{"line":12,"column":48}},"7":{"start":{"line":13,"column":8},"end":{"line":13,"column":73}},"8":{"start":{"line":13,"column":42},"end":{"line":13,"column":73}},"9":{"start":{"line":14,"column":8},"end":{"line":14,"column":73}},"10":{"start":{"line":14,"column":47},"end":{"line":14,"column":73}},"11":{"start":{"line":16,"column":8},"end":{"line":16,"column":14}},"12":{"start":{"line":18,"column":8},"end":{"line":18,"column":19}},"13":{"start":{"line":22,"column":0},"end":{"line":22,"column":41}}},"fnMap":{"0":{"name":"authorizationBookingDone","decl":{"start":{"line":6,"column":15},"end":{"line":6,"column":39}},"loc":{"start":{"line":6,"column":56},"end":{"line":20,"column":1}},"line":6}},"branchMap":{"0":{"loc":{"start":{"line":12,"column":8},"end":{"line":12,"column":48}},"type":"if","locations":[{"start":{"line":12,"column":8},"end":{"line":12,"column":48}},{"start":{},"end":{}}],"line":12},"1":{"loc":{"start":{"line":13,"column":8},"end":{"line":13,"column":73}},"type":"if","locations":[{"start":{"line":13,"column":8},"end":{"line":13,"column":73}},{"start":{},"end":{}}],"line":13},"2":{"loc":{"start":{"line":14,"column":8},"end":{"line":14,"column":73}},"type":"if","locations":[{"start":{"line":14,"column":8},"end":{"line":14,"column":73}},{"start":{},"end":{}}],"line":14}},"s":{"0":3,"1":2,"2":2,"3":2,"4":2,"5":2,"6":0,"7":2,"8":1,"9":1,"10":0,"11":1,"12":1,"13":3},"f":{"0":2},"b":{"0":[0,2],"1":[1,1],"2":[0,1]},"_coverageSchema":"1a1c01bbd47fc00a2c39e90264f33305004495a9","hash":"543a8552d17664344de3c1cfc0ddf411125f05cf"}
,"C:\\Users\\USER\\Desktop\\hacktiv8\\PetDoorz\\Server\\PetDoorz-Server\\middlewares\\authorizationBookingProcess.js": {"path":"C:\\Users\\USER\\Desktop\\hacktiv8\\PetDoorz\\Server\\PetDoorz-Server\\middlewares\\authorizationBookingProcess.js","statementMap":{"0":{"start":{"line":4,"column":33},"end":{"line":4,"column":53}},"1":{"start":{"line":7,"column":4},"end":{"line":25,"column":5}},"2":{"start":{"line":8,"column":34},"end":{"line":8,"column":44}},"3":{"start":{"line":9,"column":32},"end":{"line":9,"column":41}},"4":{"start":{"line":11,"column":24},"end":{"line":16,"column":10}},"5":{"start":{"line":17,"column":8},"end":{"line":17,"column":42}},"6":{"start":{"line":18,"column":8},"end":{"line":18,"column":48}},"7":{"start":{"line":18,"column":22},"end":{"line":18,"column":48}},"8":{"start":{"line":19,"column":8},"end":{"line":19,"column":72}},"9":{"start":{"line":19,"column":41},"end":{"line":19,"column":72}},"10":{"start":{"line":20,"column":8},"end":{"line":20,"column":73}},"11":{"start":{"line":20,"column":47},"end":{"line":20,"column":73}},"12":{"start":{"line":22,"column":8},"end":{"line":22,"column":14}},"13":{"start":{"line":24,"column":8},"end":{"line":24,"column":19}},"14":{"start":{"line":28,"column":0},"end":{"line":28,"column":44}}},"fnMap":{"0":{"name":"authorizationBookingProcess","decl":{"start":{"line":6,"column":15},"end":{"line":6,"column":42}},"loc":{"start":{"line":6,"column":59},"end":{"line":26,"column":1}},"line":6}},"branchMap":{"0":{"loc":{"start":{"line":18,"column":8},"end":{"line":18,"column":48}},"type":"if","locations":[{"start":{"line":18,"column":8},"end":{"line":18,"column":48}},{"start":{},"end":{}}],"line":18},"1":{"loc":{"start":{"line":19,"column":8},"end":{"line":19,"column":72}},"type":"if","locations":[{"start":{"line":19,"column":8},"end":{"line":19,"column":72}},{"start":{},"end":{}}],"line":19},"2":{"loc":{"start":{"line":20,"column":8},"end":{"line":20,"column":73}},"type":"if","locations":[{"start":{"line":20,"column":8},"end":{"line":20,"column":73}},{"start":{},"end":{}}],"line":20}},"s":{"0":3,"1":2,"2":2,"3":2,"4":2,"5":2,"6":2,"7":0,"8":2,"9":0,"10":2,"11":0,"12":2,"13":0,"14":3},"f":{"0":2},"b":{"0":[0,2],"1":[0,2],"2":[0,2]},"_coverageSchema":"1a1c01bbd47fc00a2c39e90264f33305004495a9","hash":"9e6af0cf20bb52deee72393f37bdd2991404cefe"}
,"C:\\Users\\USER\\Desktop\\hacktiv8\\PetDoorz\\Server\\PetDoorz-Server\\middlewares\\errorHandler.js": {"path":"C:\\Users\\USER\\Desktop\\hacktiv8\\PetDoorz\\Server\\PetDoorz-Server\\middlewares\\errorHandler.js","statementMap":{"0":{"start":{"line":2,"column":2},"end":{"line":2,"column":19}},"1":{"start":{"line":3,"column":2},"end":{"line":58,"column":3}},"2":{"start":{"line":5,"column":6},"end":{"line":5,"column":63}},"3":{"start":{"line":6,"column":6},"end":{"line":6,"column":12}},"4":{"start":{"line":9,"column":6},"end":{"line":9,"column":64}},"5":{"start":{"line":10,"column":6},"end":{"line":10,"column":12}},"6":{"start":{"line":13,"column":6},"end":{"line":13,"column":61}},"7":{"start":{"line":14,"column":6},"end":{"line":14,"column":12}},"8":{"start":{"line":17,"column":6},"end":{"line":17,"column":64}},"9":{"start":{"line":18,"column":6},"end":{"line":18,"column":12}},"10":{"start":{"line":21,"column":6},"end":{"line":21,"column":66}},"11":{"start":{"line":22,"column":6},"end":{"line":22,"column":12}},"12":{"start":{"line":25,"column":6},"end":{"line":25,"column":69}},"13":{"start":{"line":26,"column":6},"end":{"line":26,"column":12}},"14":{"start":{"line":29,"column":6},"end":{"line":29,"column":59}},"15":{"start":{"line":30,"column":6},"end":{"line":30,"column":12}},"16":{"start":{"line":33,"column":6},"end":{"line":33,"column":69}},"17":{"start":{"line":34,"column":6},"end":{"line":34,"column":12}},"18":{"start":{"line":37,"column":6},"end":{"line":37,"column":57}},"19":{"start":{"line":38,"column":6},"end":{"line":38,"column":12}},"20":{"start":{"line":41,"column":6},"end":{"line":41,"column":66}},"21":{"start":{"line":42,"column":6},"end":{"line":42,"column":12}},"22":{"start":{"line":45,"column":6},"end":{"line":45,"column":75}},"23":{"start":{"line":46,"column":6},"end":{"line":46,"column":12}},"24":{"start":{"line":49,"column":6},"end":{"line":49,"column":59}},"25":{"start":{"line":50,"column":6},"end":{"line":50,"column":12}},"26":{"start":{"line":53,"column":6},"end":{"line":53,"column":64}},"27":{"start":{"line":56,"column":6},"end":{"line":56,"column":65}},"28":{"start":{"line":57,"column":6},"end":{"line":57,"column":12}},"29":{"start":{"line":61,"column":0},"end":{"line":61,"column":30}}},"fnMap":{"0":{"name":"errorHandler","decl":{"start":{"line":1,"column":9},"end":{"line":1,"column":21}},"loc":{"start":{"line":1,"column":43},"end":{"line":59,"column":1}},"line":1}},"branchMap":{"0":{"loc":{"start":{"line":3,"column":2},"end":{"line":58,"column":3}},"type":"switch","locations":[{"start":{"line":4,"column":4},"end":{"line":6,"column":12}},{"start":{"line":8,"column":4},"end":{"line":10,"column":12}},{"start":{"line":12,"column":4},"end":{"line":14,"column":12}},{"start":{"line":16,"column":4},"end":{"line":18,"column":12}},{"start":{"line":20,"column":4},"end":{"line":22,"column":12}},{"start":{"line":24,"column":4},"end":{"line":26,"column":12}},{"start":{"line":28,"column":4},"end":{"line":30,"column":12}},{"start":{"line":32,"column":4},"end":{"line":34,"column":12}},{"start":{"line":36,"column":4},"end":{"line":38,"column":12}},{"start":{"line":40,"column":4},"end":{"line":42,"column":12}},{"start":{"line":44,"column":4},"end":{"line":46,"column":12}},{"start":{"line":48,"column":4},"end":{"line":50,"column":12}},{"start":{"line":52,"column":4},"end":{"line":53,"column":64}},{"start":{"line":55,"column":4},"end":{"line":57,"column":12}}],"line":3}},"s":{"0":36,"1":36,"2":10,"3":10,"4":1,"5":1,"6":2,"7":2,"8":2,"9":2,"10":2,"11":2,"12":0,"13":0,"14":3,"15":3,"16":0,"17":0,"18":14,"19":14,"20":0,"21":0,"22":0,"23":0,"24":1,"25":1,"26":1,"27":1,"28":0,"29":3},"f":{"0":36},"b":{"0":[10,1,2,2,2,0,3,0,14,0,0,1,1,1]},"_coverageSchema":"1a1c01bbd47fc00a2c39e90264f33305004495a9","hash":"4a03402ea46243be0cd687af3ae373e11e0efeaa"}
,"C:\\Users\\USER\\Desktop\\hacktiv8\\PetDoorz\\Server\\PetDoorz-Server\\models\\booking.js": {"path":"C:\\Users\\USER\\Desktop\\hacktiv8\\PetDoorz\\Server\\PetDoorz-Server\\models\\booking.js","statementMap":{"0":{"start":{"line":4,"column":4},"end":{"line":4,"column":24}},"1":{"start":{"line":5,"column":0},"end":{"line":121,"column":2}},"2":{"start":{"line":14,"column":6},"end":{"line":14,"column":36}},"3":{"start":{"line":15,"column":6},"end":{"line":15,"column":40}},"4":{"start":{"line":16,"column":6},"end":{"line":16,"column":44}},"5":{"start":{"line":19,"column":2},"end":{"line":119,"column":5}},"6":{"start":{"line":120,"column":2},"end":{"line":120,"column":17}}},"fnMap":{"0":{"name":"(anonymous_0)","decl":{"start":{"line":5,"column":17},"end":{"line":5,"column":18}},"loc":{"start":{"line":5,"column":43},"end":{"line":121,"column":1}},"line":5},"1":{"name":"(anonymous_1)","decl":{"start":{"line":12,"column":4},"end":{"line":12,"column":5}},"loc":{"start":{"line":12,"column":29},"end":{"line":17,"column":5}},"line":12}},"branchMap":{},"s":{"0":3,"1":3,"2":3,"3":3,"4":3,"5":3,"6":3},"f":{"0":3,"1":3},"b":{},"_coverageSchema":"1a1c01bbd47fc00a2c39e90264f33305004495a9","hash":"a26d1132aeb5c7bd4c0deaf4565b6a437dce48ea"}
,"C:\\Users\\USER\\Desktop\\hacktiv8\\PetDoorz\\Server\\PetDoorz-Server\\models\\bookingservice.js": {"path":"C:\\Users\\USER\\Desktop\\hacktiv8\\PetDoorz\\Server\\PetDoorz-Server\\models\\bookingservice.js","statementMap":{"0":{"start":{"line":4,"column":4},"end":{"line":4,"column":24}},"1":{"start":{"line":5,"column":0},"end":{"line":39,"column":2}},"2":{"start":{"line":14,"column":6},"end":{"line":14,"column":46}},"3":{"start":{"line":15,"column":6},"end":{"line":15,"column":46}},"4":{"start":{"line":18,"column":2},"end":{"line":37,"column":5}},"5":{"start":{"line":38,"column":2},"end":{"line":38,"column":24}}},"fnMap":{"0":{"name":"(anonymous_0)","decl":{"start":{"line":5,"column":17},"end":{"line":5,"column":18}},"loc":{"start":{"line":5,"column":43},"end":{"line":39,"column":1}},"line":5},"1":{"name":"(anonymous_1)","decl":{"start":{"line":12,"column":4},"end":{"line":12,"column":5}},"loc":{"start":{"line":12,"column":29},"end":{"line":16,"column":5}},"line":12}},"branchMap":{},"s":{"0":3,"1":3,"2":3,"3":3,"4":3,"5":3},"f":{"0":3,"1":3},"b":{},"_coverageSchema":"1a1c01bbd47fc00a2c39e90264f33305004495a9","hash":"dd6c57a30dd3fd09b6c15c6bdfce67b04496940b"}
,"C:\\Users\\USER\\Desktop\\hacktiv8\\PetDoorz\\Server\\PetDoorz-Server\\models\\customer.js": {"path":"C:\\Users\\USER\\Desktop\\hacktiv8\\PetDoorz\\Server\\PetDoorz-Server\\models\\customer.js","statementMap":{"0":{"start":{"line":4,"column":4},"end":{"line":4,"column":24}},"1":{"start":{"line":5,"column":20},"end":{"line":5,"column":50}},"2":{"start":{"line":6,"column":0},"end":{"line":100,"column":2}},"3":{"start":{"line":15,"column":6},"end":{"line":15,"column":38}},"4":{"start":{"line":16,"column":6},"end":{"line":16,"column":37}},"5":{"start":{"line":19,"column":2},"end":{"line":93,"column":5}},"6":{"start":{"line":95,"column":2},"end":{"line":97,"column":5}},"7":{"start":{"line":96,"column":4},"end":{"line":96,"column":51}},"8":{"start":{"line":99,"column":2},"end":{"line":99,"column":18}}},"fnMap":{"0":{"name":"(anonymous_0)","decl":{"start":{"line":6,"column":17},"end":{"line":6,"column":18}},"loc":{"start":{"line":6,"column":43},"end":{"line":100,"column":1}},"line":6},"1":{"name":"(anonymous_1)","decl":{"start":{"line":13,"column":4},"end":{"line":13,"column":5}},"loc":{"start":{"line":13,"column":29},"end":{"line":17,"column":5}},"line":13},"2":{"name":"(anonymous_2)","decl":{"start":{"line":95,"column":35},"end":{"line":95,"column":36}},"loc":{"start":{"line":95,"column":55},"end":{"line":97,"column":3}},"line":95}},"branchMap":{},"s":{"0":3,"1":3,"2":3,"3":3,"4":3,"5":3,"6":3,"7":3,"8":3},"f":{"0":3,"1":3,"2":3},"b":{},"_coverageSchema":"1a1c01bbd47fc00a2c39e90264f33305004495a9","hash":"8cf55fba82732b0a7736c3c9e58903aafadf482e"}
,"C:\\Users\\USER\\Desktop\\hacktiv8\\PetDoorz\\Server\\PetDoorz-Server\\models\\hotel.js": {"path":"C:\\Users\\USER\\Desktop\\hacktiv8\\PetDoorz\\Server\\PetDoorz-Server\\models\\hotel.js","statementMap":{"0":{"start":{"line":2,"column":18},"end":{"line":2,"column":38}},"1":{"start":{"line":3,"column":20},"end":{"line":3,"column":50}},"2":{"start":{"line":4,"column":0},"end":{"line":130,"column":2}},"3":{"start":{"line":13,"column":6},"end":{"line":13,"column":33}},"4":{"start":{"line":14,"column":6},"end":{"line":14,"column":35}},"5":{"start":{"line":15,"column":6},"end":{"line":15,"column":34}},"6":{"start":{"line":16,"column":6},"end":{"line":16,"column":32}},"7":{"start":{"line":19,"column":2},"end":{"line":117,"column":4}},"8":{"start":{"line":119,"column":2},"end":{"line":122,"column":5}},"9":{"start":{"line":120,"column":4},"end":{"line":120,"column":28}},"10":{"start":{"line":121,"column":4},"end":{"line":121,"column":45}},"11":{"start":{"line":124,"column":2},"end":{"line":127,"column":5}},"12":{"start":{"line":125,"column":4},"end":{"line":125,"column":28}},"13":{"start":{"line":126,"column":4},"end":{"line":126,"column":45}},"14":{"start":{"line":129,"column":2},"end":{"line":129,"column":15}}},"fnMap":{"0":{"name":"(anonymous_0)","decl":{"start":{"line":4,"column":17},"end":{"line":4,"column":18}},"loc":{"start":{"line":4,"column":43},"end":{"line":130,"column":1}},"line":4},"1":{"name":"(anonymous_1)","decl":{"start":{"line":11,"column":4},"end":{"line":11,"column":5}},"loc":{"start":{"line":11,"column":29},"end":{"line":17,"column":5}},"line":11},"2":{"name":"(anonymous_2)","decl":{"start":{"line":119,"column":32},"end":{"line":119,"column":33}},"loc":{"start":{"line":119,"column":49},"end":{"line":122,"column":3}},"line":119},"3":{"name":"(anonymous_3)","decl":{"start":{"line":124,"column":32},"end":{"line":124,"column":33}},"loc":{"start":{"line":124,"column":49},"end":{"line":127,"column":3}},"line":124}},"branchMap":{},"s":{"0":3,"1":3,"2":3,"3":3,"4":3,"5":3,"6":3,"7":3,"8":3,"9":0,"10":0,"11":3,"12":0,"13":0,"14":3},"f":{"0":3,"1":3,"2":0,"3":0},"b":{},"_coverageSchema":"1a1c01bbd47fc00a2c39e90264f33305004495a9","hash":"862e462611eecd91dc64d4aa0d341e80d3aebfc9"}
,"C:\\Users\\USER\\Desktop\\hacktiv8\\PetDoorz\\Server\\PetDoorz-Server\\models\\image.js": {"path":"C:\\Users\\USER\\Desktop\\hacktiv8\\PetDoorz\\Server\\PetDoorz-Server\\models\\image.js","statementMap":{"0":{"start":{"line":4,"column":4},"end":{"line":4,"column":24}},"1":{"start":{"line":5,"column":0},"end":{"line":47,"column":2}},"2":{"start":{"line":14,"column":6},"end":{"line":14,"column":35}},"3":{"start":{"line":17,"column":2},"end":{"line":45,"column":5}},"4":{"start":{"line":46,"column":2},"end":{"line":46,"column":15}}},"fnMap":{"0":{"name":"(anonymous_0)","decl":{"start":{"line":5,"column":17},"end":{"line":5,"column":18}},"loc":{"start":{"line":5,"column":43},"end":{"line":47,"column":1}},"line":5},"1":{"name":"(anonymous_1)","decl":{"start":{"line":12,"column":4},"end":{"line":12,"column":5}},"loc":{"start":{"line":12,"column":29},"end":{"line":15,"column":5}},"line":12}},"branchMap":{},"s":{"0":3,"1":3,"2":3,"3":3,"4":3},"f":{"0":3,"1":3},"b":{},"_coverageSchema":"1a1c01bbd47fc00a2c39e90264f33305004495a9","hash":"ccf681cd729ae1398c42d7bfa6089f67cd9535f8"}
,"C:\\Users\\USER\\Desktop\\hacktiv8\\PetDoorz\\Server\\PetDoorz-Server\\models\\index.js": {"path":"C:\\Users\\USER\\Desktop\\hacktiv8\\PetDoorz\\Server\\PetDoorz-Server\\models\\index.js","statementMap":{"0":{"start":{"line":3,"column":11},"end":{"line":3,"column":24}},"1":{"start":{"line":4,"column":13},"end":{"line":4,"column":28}},"2":{"start":{"line":5,"column":18},"end":{"line":5,"column":38}},"3":{"start":{"line":6,"column":16},"end":{"line":6,"column":34}},"4":{"start":{"line":7,"column":17},"end":{"line":7,"column":42}},"5":{"start":{"line":8,"column":12},"end":{"line":8,"column":49}},"6":{"start":{"line":9,"column":15},"end":{"line":9,"column":65}},"7":{"start":{"line":10,"column":11},"end":{"line":10,"column":13}},"8":{"start":{"line":13,"column":0},"end":{"line":17,"column":1}},"9":{"start":{"line":14,"column":2},"end":{"line":14,"column":74}},"10":{"start":{"line":16,"column":2},"end":{"line":16,"column":87}},"11":{"start":{"line":19,"column":0},"end":{"line":32,"column":5}},"12":{"start":{"line":22,"column":4},"end":{"line":27,"column":6}},"13":{"start":{"line":30,"column":18},"end":{"line":30,"column":85}},"14":{"start":{"line":31,"column":4},"end":{"line":31,"column":27}},"15":{"start":{"line":34,"column":0},"end":{"line":38,"column":3}},"16":{"start":{"line":35,"column":2},"end":{"line":37,"column":3}},"17":{"start":{"line":36,"column":4},"end":{"line":36,"column":32}},"18":{"start":{"line":40,"column":0},"end":{"line":40,"column":25}},"19":{"start":{"line":41,"column":0},"end":{"line":41,"column":25}},"20":{"start":{"line":43,"column":0},"end":{"line":43,"column":20}}},"fnMap":{"0":{"name":"(anonymous_0)","decl":{"start":{"line":21,"column":10},"end":{"line":21,"column":11}},"loc":{"start":{"line":21,"column":18},"end":{"line":28,"column":3}},"line":21},"1":{"name":"(anonymous_1)","decl":{"start":{"line":29,"column":11},"end":{"line":29,"column":12}},"loc":{"start":{"line":29,"column":19},"end":{"line":32,"column":3}},"line":29},"2":{"name":"(anonymous_2)","decl":{"start":{"line":34,"column":24},"end":{"line":34,"column":25}},"loc":{"start":{"line":34,"column":37},"end":{"line":38,"column":1}},"line":34}},"branchMap":{"0":{"loc":{"start":{"line":8,"column":12},"end":{"line":8,"column":49}},"type":"binary-expr","locations":[{"start":{"line":8,"column":12},"end":{"line":8,"column":32}},{"start":{"line":8,"column":36},"end":{"line":8,"column":49}}],"line":8},"1":{"loc":{"start":{"line":13,"column":0},"end":{"line":17,"column":1}},"type":"if","locations":[{"start":{"line":13,"column":0},"end":{"line":17,"column":1}},{"start":{"line":15,"column":7},"end":{"line":17,"column":1}}],"line":13},"2":{"loc":{"start":{"line":23,"column":6},"end":{"line":26,"column":37}},"type":"binary-expr","locations":[{"start":{"line":23,"column":6},"end":{"line":23,"column":29}},{"start":{"line":24,"column":6},"end":{"line":24,"column":23}},{"start":{"line":25,"column":6},"end":{"line":25,"column":30}},{"start":{"line":26,"column":6},"end":{"line":26,"column":37}}],"line":23},"3":{"loc":{"start":{"line":35,"column":2},"end":{"line":37,"column":3}},"type":"if","locations":[{"start":{"line":35,"column":2},"end":{"line":37,"column":3}},{"start":{},"end":{}}],"line":35}},"s":{"0":3,"1":3,"2":3,"3":3,"4":3,"5":3,"6":3,"7":3,"8":3,"9":0,"10":3,"11":3,"12":27,"13":24,"14":24,"15":3,"16":24,"17":24,"18":3,"19":3,"20":3},"f":{"0":27,"1":24,"2":24},"b":{"0":[3,0],"1":[0,3],"2":[27,27,24,24],"3":[24,0]},"_coverageSchema":"1a1c01bbd47fc00a2c39e90264f33305004495a9","hash":"1a606e284614afd5e891da0615878a9ae85a3a58"}
,"C:\\Users\\USER\\Desktop\\hacktiv8\\PetDoorz\\Server\\PetDoorz-Server\\models\\review.js": {"path":"C:\\Users\\USER\\Desktop\\hacktiv8\\PetDoorz\\Server\\PetDoorz-Server\\models\\review.js","statementMap":{"0":{"start":{"line":4,"column":4},"end":{"line":4,"column":24}},"1":{"start":{"line":5,"column":0},"end":{"line":63,"column":2}},"2":{"start":{"line":14,"column":6},"end":{"line":14,"column":36}},"3":{"start":{"line":15,"column":6},"end":{"line":15,"column":39}},"4":{"start":{"line":18,"column":2},"end":{"line":61,"column":5}},"5":{"start":{"line":62,"column":2},"end":{"line":62,"column":16}}},"fnMap":{"0":{"name":"(anonymous_0)","decl":{"start":{"line":5,"column":17},"end":{"line":5,"column":18}},"loc":{"start":{"line":5,"column":43},"end":{"line":63,"column":1}},"line":5},"1":{"name":"(anonymous_1)","decl":{"start":{"line":12,"column":4},"end":{"line":12,"column":5}},"loc":{"start":{"line":12,"column":29},"end":{"line":16,"column":5}},"line":12}},"branchMap":{},"s":{"0":3,"1":3,"2":3,"3":3,"4":3,"5":3},"f":{"0":3,"1":3},"b":{},"_coverageSchema":"1a1c01bbd47fc00a2c39e90264f33305004495a9","hash":"837e684ff096720d6f02f3e9d245e993b9cd0e5c"}
,"C:\\Users\\USER\\Desktop\\hacktiv8\\PetDoorz\\Server\\PetDoorz-Server\\models\\room.js": {"path":"C:\\Users\\USER\\Desktop\\hacktiv8\\PetDoorz\\Server\\PetDoorz-Server\\models\\room.js","statementMap":{"0":{"start":{"line":4,"column":4},"end":{"line":4,"column":24}},"1":{"start":{"line":5,"column":0},"end":{"line":89,"column":2}},"2":{"start":{"line":14,"column":6},"end":{"line":14,"column":34}},"3":{"start":{"line":15,"column":6},"end":{"line":15,"column":34}},"4":{"start":{"line":18,"column":2},"end":{"line":87,"column":5}},"5":{"start":{"line":88,"column":2},"end":{"line":88,"column":14}}},"fnMap":{"0":{"name":"(anonymous_0)","decl":{"start":{"line":5,"column":17},"end":{"line":5,"column":18}},"loc":{"start":{"line":5,"column":43},"end":{"line":89,"column":1}},"line":5},"1":{"name":"(anonymous_1)","decl":{"start":{"line":12,"column":4},"end":{"line":12,"column":5}},"loc":{"start":{"line":12,"column":29},"end":{"line":16,"column":5}},"line":12}},"branchMap":{},"s":{"0":3,"1":3,"2":3,"3":3,"4":3,"5":3},"f":{"0":3,"1":3},"b":{},"_coverageSchema":"1a1c01bbd47fc00a2c39e90264f33305004495a9","hash":"94119feecfc9852a4ce90c1fa25d839a16f35c5c"}
,"C:\\Users\\USER\\Desktop\\hacktiv8\\PetDoorz\\Server\\PetDoorz-Server\\models\\service.js": {"path":"C:\\Users\\USER\\Desktop\\hacktiv8\\PetDoorz\\Server\\PetDoorz-Server\\models\\service.js","statementMap":{"0":{"start":{"line":4,"column":4},"end":{"line":4,"column":24}},"1":{"start":{"line":5,"column":0},"end":{"line":64,"column":2}},"2":{"start":{"line":14,"column":6},"end":{"line":14,"column":37}},"3":{"start":{"line":15,"column":6},"end":{"line":15,"column":44}},"4":{"start":{"line":18,"column":2},"end":{"line":62,"column":5}},"5":{"start":{"line":63,"column":2},"end":{"line":63,"column":17}}},"fnMap":{"0":{"name":"(anonymous_0)","decl":{"start":{"line":5,"column":17},"end":{"line":5,"column":18}},"loc":{"start":{"line":5,"column":43},"end":{"line":64,"column":1}},"line":5},"1":{"name":"(anonymous_1)","decl":{"start":{"line":12,"column":4},"end":{"line":12,"column":5}},"loc":{"start":{"line":12,"column":29},"end":{"line":16,"column":5}},"line":12}},"branchMap":{},"s":{"0":3,"1":3,"2":3,"3":3,"4":3,"5":3},"f":{"0":3,"1":3},"b":{},"_coverageSchema":"1a1c01bbd47fc00a2c39e90264f33305004495a9","hash":"77d9cb91c979fef323313ee0ed125fe0788ccf40"}
,"C:\\Users\\USER\\Desktop\\hacktiv8\\PetDoorz\\Server\\PetDoorz-Server\\routes\\bookings.js": {"path":"C:\\Users\\USER\\Desktop\\hacktiv8\\PetDoorz\\Server\\PetDoorz-Server\\routes\\bookings.js","statementMap":{"0":{"start":{"line":1,"column":26},"end":{"line":1,"column":69}},"1":{"start":{"line":2,"column":31},"end":{"line":2,"column":79}},"2":{"start":{"line":3,"column":28},"end":{"line":3,"column":73}},"3":{"start":{"line":4,"column":33},"end":{"line":4,"column":83}},"4":{"start":{"line":5,"column":36},"end":{"line":5,"column":89}},"5":{"start":{"line":6,"column":15},"end":{"line":6,"column":42}},"6":{"start":{"line":8,"column":0},"end":{"line":10,"column":2}},"7":{"start":{"line":9,"column":4},"end":{"line":9,"column":57}},"8":{"start":{"line":17,"column":0},"end":{"line":17,"column":73}},"9":{"start":{"line":18,"column":0},"end":{"line":18,"column":119}},"10":{"start":{"line":19,"column":0},"end":{"line":19,"column":113}},"11":{"start":{"line":21,"column":0},"end":{"line":21,"column":23}}},"fnMap":{"0":{"name":"(anonymous_0)","decl":{"start":{"line":8,"column":16},"end":{"line":8,"column":17}},"loc":{"start":{"line":8,"column":30},"end":{"line":10,"column":1}},"line":8}},"branchMap":{},"s":{"0":3,"1":3,"2":3,"3":3,"4":3,"5":3,"6":3,"7":1,"8":3,"9":3,"10":3,"11":3},"f":{"0":1},"b":{},"_coverageSchema":"1a1c01bbd47fc00a2c39e90264f33305004495a9","hash":"bc34168c491060386db4b73d697a52daed2f5f78"}
,"C:\\Users\\USER\\Desktop\\hacktiv8\\PetDoorz\\Server\\PetDoorz-Server\\routes\\customers.js": {"path":"C:\\Users\\USER\\Desktop\\hacktiv8\\PetDoorz\\Server\\PetDoorz-Server\\routes\\customers.js","statementMap":{"0":{"start":{"line":1,"column":15},"end":{"line":1,"column":42}},"1":{"start":{"line":2,"column":27},"end":{"line":2,"column":71}},"2":{"start":{"line":3,"column":31},"end":{"line":3,"column":79}},"3":{"start":{"line":6,"column":0},"end":{"line":6,"column":77}},"4":{"start":{"line":7,"column":0},"end":{"line":7,"column":46}},"5":{"start":{"line":8,"column":0},"end":{"line":8,"column":73}},"6":{"start":{"line":9,"column":0},"end":{"line":9,"column":48}},"7":{"start":{"line":11,"column":0},"end":{"line":15,"column":2}},"8":{"start":{"line":17,"column":0},"end":{"line":21,"column":2}},"9":{"start":{"line":22,"column":0},"end":{"line":25,"column":2}},"10":{"start":{"line":27,"column":0},"end":{"line":27,"column":64}},"11":{"start":{"line":30,"column":0},"end":{"line":30,"column":56}},"12":{"start":{"line":31,"column":0},"end":{"line":31,"column":52}},"13":{"start":{"line":34,"column":0},"end":{"line":34,"column":24}}},"fnMap":{},"branchMap":{},"s":{"0":3,"1":3,"2":3,"3":3,"4":3,"5":3,"6":3,"7":3,"8":3,"9":3,"10":3,"11":3,"12":3,"13":3},"f":{},"b":{},"_coverageSchema":"1a1c01bbd47fc00a2c39e90264f33305004495a9","hash":"4e6f7036e291f6a52c54794f0a12ceae65bc6097"}
,"C:\\Users\\USER\\Desktop\\hacktiv8\\PetDoorz\\Server\\PetDoorz-Server\\routes\\hotels.js": {"path":"C:\\Users\\USER\\Desktop\\hacktiv8\\PetDoorz\\Server\\PetDoorz-Server\\routes\\hotels.js","statementMap":{"0":{"start":{"line":1,"column":15},"end":{"line":1,"column":42}},"1":{"start":{"line":2,"column":27},"end":{"line":2,"column":71}},"2":{"start":{"line":3,"column":24},"end":{"line":3,"column":65}},"3":{"start":{"line":4,"column":28},"end":{"line":4,"column":73}},"4":{"start":{"line":6,"column":0},"end":{"line":6,"column":50}},"5":{"start":{"line":7,"column":0},"end":{"line":7,"column":64}},"6":{"start":{"line":8,"column":0},"end":{"line":8,"column":45}},"7":{"start":{"line":9,"column":0},"end":{"line":9,"column":51}},"8":{"start":{"line":10,"column":0},"end":{"line":10,"column":71}},"9":{"start":{"line":11,"column":0},"end":{"line":11,"column":68}},"10":{"start":{"line":13,"column":0},"end":{"line":17,"column":2}},"11":{"start":{"line":19,"column":0},"end":{"line":19,"column":61}},"12":{"start":{"line":22,"column":0},"end":{"line":22,"column":74}},"13":{"start":{"line":23,"column":0},"end":{"line":23,"column":74}},"14":{"start":{"line":24,"column":0},"end":{"line":24,"column":80}},"15":{"start":{"line":25,"column":0},"end":{"line":25,"column":83}},"16":{"start":{"line":28,"column":0},"end":{"line":28,"column":68}},"17":{"start":{"line":29,"column":0},"end":{"line":29,"column":68}},"18":{"start":{"line":30,"column":0},"end":{"line":30,"column":74}},"19":{"start":{"line":31,"column":0},"end":{"line":31,"column":77}},"20":{"start":{"line":49,"column":0},"end":{"line":49,"column":24}}},"fnMap":{},"branchMap":{},"s":{"0":3,"1":3,"2":3,"3":3,"4":3,"5":3,"6":3,"7":3,"8":3,"9":3,"10":3,"11":3,"12":3,"13":3,"14":3,"15":3,"16":3,"17":3,"18":3,"19":3,"20":3},"f":{},"b":{},"_coverageSchema":"1a1c01bbd47fc00a2c39e90264f33305004495a9","hash":"608aed57f7a0fc239d85ba1a49fe5307e3513a2c"}
,"C:\\Users\\USER\\Desktop\\hacktiv8\\PetDoorz\\Server\\PetDoorz-Server\\routes\\index.js": {"path":"C:\\Users\\USER\\Desktop\\hacktiv8\\PetDoorz\\Server\\PetDoorz-Server\\routes\\index.js","statementMap":{"0":{"start":{"line":1,"column":15},"end":{"line":1,"column":42}},"1":{"start":{"line":2,"column":17},"end":{"line":2,"column":38}},"2":{"start":{"line":3,"column":15},"end":{"line":3,"column":34}},"3":{"start":{"line":4,"column":18},"end":{"line":4,"column":40}},"4":{"start":{"line":6,"column":0},"end":{"line":8,"column":2}},"5":{"start":{"line":7,"column":4},"end":{"line":7,"column":31}},"6":{"start":{"line":10,"column":0},"end":{"line":10,"column":34}},"7":{"start":{"line":11,"column":0},"end":{"line":11,"column":30}},"8":{"start":{"line":12,"column":0},"end":{"line":12,"column":36}},"9":{"start":{"line":14,"column":0},"end":{"line":14,"column":23}}},"fnMap":{"0":{"name":"(anonymous_0)","decl":{"start":{"line":6,"column":16},"end":{"line":6,"column":17}},"loc":{"start":{"line":6,"column":30},"end":{"line":8,"column":1}},"line":6}},"branchMap":{},"s":{"0":3,"1":3,"2":3,"3":3,"4":3,"5":0,"6":3,"7":3,"8":3,"9":3},"f":{"0":0},"b":{},"_coverageSchema":"1a1c01bbd47fc00a2c39e90264f33305004495a9","hash":"a894b3d8b4a82f7c17a15cb447d2dbee653e2fa0"}
}
