{"C:\\Users\\USER\\Desktop\\hacktiv8\\PetDoorz\\Server\\PetDoorz-Server\\app.js": {"path":"C:\\Users\\USER\\Desktop\\hacktiv8\\PetDoorz\\Server\\PetDoorz-Server\\app.js","statementMap":{"0":{"start":{"line":1,"column":0},"end":{"line":3,"column":1}},"1":{"start":{"line":2,"column":2},"end":{"line":2,"column":29}},"2":{"start":{"line":5,"column":16},"end":{"line":5,"column":34}},"3":{"start":{"line":6,"column":12},"end":{"line":6,"column":21}},"4":{"start":{"line":7,"column":13},"end":{"line":7,"column":37}},"5":{"start":{"line":8,"column":13},"end":{"line":8,"column":28}},"6":{"start":{"line":10,"column":15},"end":{"line":10,"column":34}},"7":{"start":{"line":11,"column":21},"end":{"line":11,"column":58}},"8":{"start":{"line":13,"column":0},"end":{"line":13,"column":48}},"9":{"start":{"line":14,"column":0},"end":{"line":14,"column":24}},"10":{"start":{"line":15,"column":0},"end":{"line":15,"column":16}},"11":{"start":{"line":17,"column":0},"end":{"line":17,"column":16}},"12":{"start":{"line":18,"column":0},"end":{"line":18,"column":22}},"13":{"start":{"line":20,"column":0},"end":{"line":20,"column":16}},"14":{"start":{"line":22,"column":0},"end":{"line":22,"column":21}}},"fnMap":{},"branchMap":{"0":{"loc":{"start":{"line":1,"column":0},"end":{"line":3,"column":1}},"type":"if","locations":[{"start":{"line":1,"column":0},"end":{"line":3,"column":1}},{"start":{},"end":{}}],"line":1},"1":{"loc":{"start":{"line":7,"column":13},"end":{"line":7,"column":37}},"type":"binary-expr","locations":[{"start":{"line":7,"column":13},"end":{"line":7,"column":29}},{"start":{"line":7,"column":33},"end":{"line":7,"column":37}}],"line":7}},"s":{"0":3,"1":3,"2":3,"3":3,"4":3,"5":3,"6":3,"7":3,"8":3,"9":3,"10":3,"11":3,"12":3,"13":3,"14":3},"f":{},"b":{"0":[3,0],"1":[3,3]},"_coverageSchema":"1a1c01bbd47fc00a2c39e90264f33305004495a9","hash":"f072eca1da49a38bcbb9a8570b3e93020d75493c"}
,"C:\\Users\\USER\\Desktop\\hacktiv8\\PetDoorz\\Server\\PetDoorz-Server\\controllers\\BookingController.js": {"path":"C:\\Users\\USER\\Desktop\\hacktiv8\\PetDoorz\\Server\\PetDoorz-Server\\controllers\\BookingController.js","statementMap":{"0":{"start":{"line":1,"column":64},"end":{"line":1,"column":84}},"1":{"start":{"line":5,"column":28},"end":{"line":5,"column":57}},"2":{"start":{"line":6,"column":8},"end":{"line":37,"column":9}},"3":{"start":{"line":7,"column":27},"end":{"line":7,"column":39}},"4":{"start":{"line":8,"column":89},"end":{"line":8,"column":97}},"5":{"start":{"line":11,"column":28},"end":{"line":13,"column":31}},"6":{"start":{"line":16,"column":39},"end":{"line":21,"column":14}},"7":{"start":{"line":17,"column":16},"end":{"line":20,"column":17}},"8":{"start":{"line":22,"column":28},"end":{"line":22,"column":96}},"9":{"start":{"line":25,"column":29},"end":{"line":25,"column":56}},"10":{"start":{"line":26,"column":12},"end":{"line":28,"column":31}},"11":{"start":{"line":31,"column":12},"end":{"line":31,"column":38}},"12":{"start":{"line":33,"column":12},"end":{"line":33,"column":121}},"13":{"start":{"line":35,"column":12},"end":{"line":35,"column":40}},"14":{"start":{"line":36,"column":12},"end":{"line":36,"column":23}},"15":{"start":{"line":41,"column":8},"end":{"line":50,"column":9}},"16":{"start":{"line":42,"column":27},"end":{"line":42,"column":37}},"17":{"start":{"line":43,"column":33},"end":{"line":43,"column":41}},"18":{"start":{"line":45,"column":12},"end":{"line":45,"column":57}},"19":{"start":{"line":45,"column":27},"end":{"line":45,"column":57}},"20":{"start":{"line":46,"column":12},"end":{"line":46,"column":84}},"21":{"start":{"line":47,"column":12},"end":{"line":47,"column":91}},"22":{"start":{"line":49,"column":12},"end":{"line":49,"column":23}},"23":{"start":{"line":54,"column":8},"end":{"line":60,"column":9}},"24":{"start":{"line":55,"column":27},"end":{"line":55,"column":37}},"25":{"start":{"line":56,"column":12},"end":{"line":56,"column":71}},"26":{"start":{"line":57,"column":12},"end":{"line":57,"column":88}},"27":{"start":{"line":59,"column":12},"end":{"line":59,"column":23}},"28":{"start":{"line":65,"column":8},"end":{"line":72,"column":9}},"29":{"start":{"line":66,"column":27},"end":{"line":66,"column":37}},"30":{"start":{"line":67,"column":25},"end":{"line":67,"column":51}},"31":{"start":{"line":68,"column":12},"end":{"line":68,"column":48}},"32":{"start":{"line":68,"column":23},"end":{"line":68,"column":48}},"33":{"start":{"line":69,"column":12},"end":{"line":69,"column":38}},"34":{"start":{"line":71,"column":12},"end":{"line":71,"column":23}},"35":{"start":{"line":76,"column":0},"end":{"line":76,"column":34}}},"fnMap":{"0":{"name":"(anonymous_0)","decl":{"start":{"line":4,"column":4},"end":{"line":4,"column":5}},"loc":{"start":{"line":4,"column":47},"end":{"line":38,"column":5}},"line":4},"1":{"name":"(anonymous_1)","decl":{"start":{"line":16,"column":59},"end":{"line":16,"column":60}},"loc":{"start":{"line":16,"column":64},"end":{"line":21,"column":13}},"line":16},"2":{"name":"(anonymous_2)","decl":{"start":{"line":40,"column":4},"end":{"line":40,"column":5}},"loc":{"start":{"line":40,"column":55},"end":{"line":51,"column":5}},"line":40},"3":{"name":"(anonymous_3)","decl":{"start":{"line":53,"column":4},"end":{"line":53,"column":5}},"loc":{"start":{"line":53,"column":52},"end":{"line":61,"column":5}},"line":53},"4":{"name":"(anonymous_4)","decl":{"start":{"line":64,"column":4},"end":{"line":64,"column":5}},"loc":{"start":{"line":64,"column":49},"end":{"line":73,"column":5}},"line":64}},"branchMap":{"0":{"loc":{"start":{"line":45,"column":12},"end":{"line":45,"column":57}},"type":"if","locations":[{"start":{"line":45,"column":12},"end":{"line":45,"column":57}},{"start":{},"end":{}}],"line":45},"1":{"loc":{"start":{"line":68,"column":12},"end":{"line":68,"column":48}},"type":"if","locations":[{"start":{"line":68,"column":12},"end":{"line":68,"column":48}},{"start":{},"end":{}}],"line":68}},"s":{"0":3,"1":2,"2":2,"3":2,"4":2,"5":2,"6":2,"7":2,"8":2,"9":2,"10":2,"11":1,"12":1,"13":1,"14":1,"15":2,"16":2,"17":2,"18":2,"19":1,"20":1,"21":1,"22":1,"23":1,"24":1,"25":1,"26":1,"27":0,"28":0,"29":0,"30":0,"31":0,"32":0,"33":0,"34":0,"35":3},"f":{"0":2,"1":2,"2":2,"3":1,"4":0},"b":{"0":[1,1],"1":[0,0]},"_coverageSchema":"1a1c01bbd47fc00a2c39e90264f33305004495a9","hash":"a5d1070ba3cba98c89cd307a4de391a4d757b0e1"}
,"C:\\Users\\USER\\Desktop\\hacktiv8\\PetDoorz\\Server\\PetDoorz-Server\\controllers\\CustomerController.js": {"path":"C:\\Users\\USER\\Desktop\\hacktiv8\\PetDoorz\\Server\\PetDoorz-Server\\controllers\\CustomerController.js","statementMap":{"0":{"start":{"line":1,"column":94},"end":{"line":1,"column":114}},"1":{"start":{"line":2,"column":20},"end":{"line":2,"column":45}},"2":{"start":{"line":3,"column":20},"end":{"line":3,"column":50}},"3":{"start":{"line":4,"column":15},"end":{"line":4,"column":34}},"4":{"start":{"line":5,"column":23},"end":{"line":5,"column":49}},"5":{"start":{"line":6,"column":23},"end":{"line":6,"column":62}},"6":{"start":{"line":7,"column":13},"end":{"line":7,"column":28}},"7":{"start":{"line":8,"column":15},"end":{"line":8,"column":32}},"8":{"start":{"line":13,"column":4},"end":{"line":47,"column":5}},"9":{"start":{"line":14,"column":34},"end":{"line":14,"column":42}},"10":{"start":{"line":16,"column":6},"end":{"line":16,"column":44}},"11":{"start":{"line":17,"column":6},"end":{"line":17,"column":46}},"12":{"start":{"line":17,"column":18},"end":{"line":17,"column":46}},"13":{"start":{"line":18,"column":6},"end":{"line":18,"column":52}},"14":{"start":{"line":18,"column":21},"end":{"line":18,"column":52}},"15":{"start":{"line":20,"column":31},"end":{"line":24,"column":8}},"16":{"start":{"line":26,"column":6},"end":{"line":26,"column":68}},"17":{"start":{"line":26,"column":29},"end":{"line":26,"column":68}},"18":{"start":{"line":27,"column":22},"end":{"line":27,"column":66}},"19":{"start":{"line":29,"column":6},"end":{"line":44,"column":7}},"20":{"start":{"line":30,"column":8},"end":{"line":30,"column":47}},"21":{"start":{"line":32,"column":24},"end":{"line":36,"column":9}},"22":{"start":{"line":38,"column":22},"end":{"line":38,"column":38}},"23":{"start":{"line":39,"column":8},"end":{"line":43,"column":11}},"24":{"start":{"line":46,"column":6},"end":{"line":46,"column":18}},"25":{"start":{"line":51,"column":17},"end":{"line":51,"column":27}},"26":{"start":{"line":52,"column":4},"end":{"line":67,"column":5}},"27":{"start":{"line":53,"column":57},"end":{"line":53,"column":65}},"28":{"start":{"line":54,"column":26},"end":{"line":59,"column":8}},"29":{"start":{"line":61,"column":6},"end":{"line":64,"column":9}},"30":{"start":{"line":66,"column":6},"end":{"line":66,"column":18}},"31":{"start":{"line":71,"column":4},"end":{"line":94,"column":5}},"32":{"start":{"line":72,"column":21},"end":{"line":72,"column":47}},"33":{"start":{"line":73,"column":19},"end":{"line":89,"column":8}},"34":{"start":{"line":90,"column":6},"end":{"line":90,"column":44}},"35":{"start":{"line":90,"column":17},"end":{"line":90,"column":44}},"36":{"start":{"line":91,"column":6},"end":{"line":91,"column":33}},"37":{"start":{"line":93,"column":6},"end":{"line":93,"column":18}},"38":{"start":{"line":98,"column":4},"end":{"line":109,"column":5}},"39":{"start":{"line":99,"column":21},"end":{"line":99,"column":47}},"40":{"start":{"line":100,"column":50},"end":{"line":100,"column":58}},"41":{"start":{"line":101,"column":29},"end":{"line":101,"column":56}},"42":{"start":{"line":102,"column":6},"end":{"line":102,"column":54}},"43":{"start":{"line":102,"column":27},"end":{"line":102,"column":54}},"44":{"start":{"line":104,"column":6},"end":{"line":104,"column":71}},"45":{"start":{"line":106,"column":6},"end":{"line":106,"column":67}},"46":{"start":{"line":108,"column":6},"end":{"line":108,"column":18}},"47":{"start":{"line":113,"column":4},"end":{"line":150,"column":5}},"48":{"start":{"line":115,"column":24},"end":{"line":115,"column":32}},"49":{"start":{"line":116,"column":23},"end":{"line":116,"column":63}},"50":{"start":{"line":119,"column":23},"end":{"line":119,"column":63}},"51":{"start":{"line":120,"column":20},"end":{"line":124,"column":8}},"52":{"start":{"line":127,"column":17},"end":{"line":130,"column":8}},"53":{"start":{"line":133,"column":22},"end":{"line":144,"column":7}},"54":{"start":{"line":146,"column":28},"end":{"line":146,"column":67}},"55":{"start":{"line":147,"column":6},"end":{"line":147,"column":42}},"56":{"start":{"line":149,"column":6},"end":{"line":149,"column":18}},"57":{"start":{"line":154,"column":4},"end":{"line":174,"column":5}},"58":{"start":{"line":155,"column":27},"end":{"line":155,"column":35}},"59":{"start":{"line":157,"column":20},"end":{"line":161,"column":8}},"60":{"start":{"line":163,"column":6},"end":{"line":163,"column":24}},"61":{"start":{"line":165,"column":23},"end":{"line":165,"column":64}},"62":{"start":{"line":167,"column":6},"end":{"line":169,"column":9}},"63":{"start":{"line":171,"column":6},"end":{"line":171,"column":63}},"64":{"start":{"line":173,"column":6},"end":{"line":173,"column":18}},"65":{"start":{"line":178,"column":4},"end":{"line":186,"column":5}},"66":{"start":{"line":179,"column":25},"end":{"line":179,"column":35}},"67":{"start":{"line":180,"column":21},"end":{"line":180,"column":49}},"68":{"start":{"line":181,"column":6},"end":{"line":183,"column":9}},"69":{"start":{"line":185,"column":6},"end":{"line":185,"column":18}},"70":{"start":{"line":190,"column":4},"end":{"line":200,"column":5}},"71":{"start":{"line":191,"column":21},"end":{"line":191,"column":33}},"72":{"start":{"line":192,"column":19},"end":{"line":195,"column":8}},"73":{"start":{"line":196,"column":6},"end":{"line":196,"column":43}},"74":{"start":{"line":196,"column":17},"end":{"line":196,"column":43}},"75":{"start":{"line":197,"column":6},"end":{"line":197,"column":32}},"76":{"start":{"line":199,"column":6},"end":{"line":199,"column":17}},"77":{"start":{"line":205,"column":4},"end":{"line":219,"column":5}},"78":{"start":{"line":206,"column":25},"end":{"line":206,"column":57}},"79":{"start":{"line":207,"column":18},"end":{"line":207,"column":46}},"80":{"start":{"line":208,"column":19},"end":{"line":208,"column":69}},"81":{"start":{"line":209,"column":26},"end":{"line":209,"column":41}},"82":{"start":{"line":210,"column":22},"end":{"line":210,"column":97}},"83":{"start":{"line":212,"column":6},"end":{"line":216,"column":8}},"84":{"start":{"line":218,"column":6},"end":{"line":218,"column":17}},"85":{"start":{"line":223,"column":0},"end":{"line":223,"column":36}}},"fnMap":{"0":{"name":"(anonymous_0)","decl":{"start":{"line":12,"column":2},"end":{"line":12,"column":3}},"loc":{"start":{"line":12,"column":37},"end":{"line":48,"column":3}},"line":12},"1":{"name":"(anonymous_1)","decl":{"start":{"line":50,"column":2},"end":{"line":50,"column":3}},"loc":{"start":{"line":50,"column":40},"end":{"line":68,"column":3}},"line":50},"2":{"name":"(anonymous_2)","decl":{"start":{"line":70,"column":2},"end":{"line":70,"column":3}},"loc":{"start":{"line":70,"column":48},"end":{"line":95,"column":3}},"line":70},"3":{"name":"(anonymous_3)","decl":{"start":{"line":97,"column":2},"end":{"line":97,"column":3}},"loc":{"start":{"line":97,"column":44},"end":{"line":110,"column":3}},"line":97},"4":{"name":"(anonymous_4)","decl":{"start":{"line":112,"column":2},"end":{"line":112,"column":3}},"loc":{"start":{"line":112,"column":48},"end":{"line":151,"column":3}},"line":112},"5":{"name":"(anonymous_5)","decl":{"start":{"line":153,"column":2},"end":{"line":153,"column":3}},"loc":{"start":{"line":153,"column":50},"end":{"line":175,"column":3}},"line":153},"6":{"name":"(anonymous_6)","decl":{"start":{"line":177,"column":2},"end":{"line":177,"column":3}},"loc":{"start":{"line":177,"column":46},"end":{"line":187,"column":3}},"line":177},"7":{"name":"(anonymous_7)","decl":{"start":{"line":189,"column":2},"end":{"line":189,"column":3}},"loc":{"start":{"line":189,"column":56},"end":{"line":201,"column":3}},"line":189},"8":{"name":"(anonymous_8)","decl":{"start":{"line":204,"column":2},"end":{"line":204,"column":3}},"loc":{"start":{"line":204,"column":46},"end":{"line":220,"column":3}},"line":204}},"branchMap":{"0":{"loc":{"start":{"line":17,"column":6},"end":{"line":17,"column":46}},"type":"if","locations":[{"start":{"line":17,"column":6},"end":{"line":17,"column":46}},{"start":{},"end":{}}],"line":17},"1":{"loc":{"start":{"line":18,"column":6},"end":{"line":18,"column":52}},"type":"if","locations":[{"start":{"line":18,"column":6},"end":{"line":18,"column":52}},{"start":{},"end":{}}],"line":18},"2":{"loc":{"start":{"line":26,"column":6},"end":{"line":26,"column":68}},"type":"if","locations":[{"start":{"line":26,"column":6},"end":{"line":26,"column":68}},{"start":{},"end":{}}],"line":26},"3":{"loc":{"start":{"line":29,"column":6},"end":{"line":44,"column":7}},"type":"if","locations":[{"start":{"line":29,"column":6},"end":{"line":44,"column":7}},{"start":{"line":31,"column":13},"end":{"line":44,"column":7}}],"line":29},"4":{"loc":{"start":{"line":72,"column":21},"end":{"line":72,"column":47}},"type":"binary-expr","locations":[{"start":{"line":72,"column":21},"end":{"line":72,"column":33}},{"start":{"line":72,"column":37},"end":{"line":72,"column":47}}],"line":72},"5":{"loc":{"start":{"line":90,"column":6},"end":{"line":90,"column":44}},"type":"if","locations":[{"start":{"line":90,"column":6},"end":{"line":90,"column":44}},{"start":{},"end":{}}],"line":90},"6":{"loc":{"start":{"line":99,"column":21},"end":{"line":99,"column":47}},"type":"binary-expr","locations":[{"start":{"line":99,"column":21},"end":{"line":99,"column":33}},{"start":{"line":99,"column":37},"end":{"line":99,"column":47}}],"line":99},"7":{"loc":{"start":{"line":102,"column":6},"end":{"line":102,"column":54}},"type":"if","locations":[{"start":{"line":102,"column":6},"end":{"line":102,"column":54}},{"start":{},"end":{}}],"line":102},"8":{"loc":{"start":{"line":196,"column":6},"end":{"line":196,"column":43}},"type":"if","locations":[{"start":{"line":196,"column":6},"end":{"line":196,"column":43}},{"start":{},"end":{}}],"line":196},"9":{"loc":{"start":{"line":207,"column":18},"end":{"line":207,"column":46}},"type":"binary-expr","locations":[{"start":{"line":207,"column":18},"end":{"line":207,"column":33}},{"start":{"line":207,"column":37},"end":{"line":207,"column":46}}],"line":207},"10":{"loc":{"start":{"line":208,"column":19},"end":{"line":208,"column":69}},"type":"binary-expr","locations":[{"start":{"line":208,"column":19},"end":{"line":208,"column":35}},{"start":{"line":208,"column":39},"end":{"line":208,"column":69}}],"line":208}},"s":{"0":3,"1":3,"2":3,"3":3,"4":3,"5":3,"6":3,"7":3,"8":8,"9":8,"10":8,"11":8,"12":2,"13":6,"14":2,"15":4,"16":4,"17":1,"18":3,"19":3,"20":1,"21":2,"22":2,"23":2,"24":6,"25":11,"26":11,"27":11,"28":11,"29":1,"30":10,"31":2,"32":2,"33":2,"34":2,"35":0,"36":2,"37":0,"38":2,"39":2,"40":2,"41":2,"42":2,"43":0,"44":2,"45":2,"46":0,"47":1,"48":1,"49":1,"50":1,"51":1,"52":1,"53":1,"54":1,"55":1,"56":0,"57":0,"58":0,"59":0,"60":0,"61":0,"62":0,"63":0,"64":0,"65":1,"66":1,"67":1,"68":1,"69":0,"70":0,"71":0,"72":0,"73":0,"74":0,"75":0,"76":0,"77":1,"78":1,"79":1,"80":1,"81":1,"82":1,"83":1,"84":0,"85":3},"f":{"0":8,"1":11,"2":2,"3":2,"4":1,"5":0,"6":1,"7":0,"8":1},"b":{"0":[2,6],"1":[2,4],"2":[1,3],"3":[1,2],"4":[2,1],"5":[0,2],"6":[2,1],"7":[0,2],"8":[0,0],"9":[1,1],"10":[1,1]},"_coverageSchema":"1a1c01bbd47fc00a2c39e90264f33305004495a9","hash":"03f2a067caddc5b5e9034a0055b53dfc90e8f6ed"}
,"C:\\Users\\USER\\Desktop\\hacktiv8\\PetDoorz\\Server\\PetDoorz-Server\\controllers\\HotelController.js": {"path":"C:\\Users\\USER\\Desktop\\hacktiv8\\PetDoorz\\Server\\PetDoorz-Server\\controllers\\HotelController.js","statementMap":{"0":{"start":{"line":1,"column":20},"end":{"line":1,"column":45}},"1":{"start":{"line":2,"column":20},"end":{"line":2,"column":50}},"2":{"start":{"line":12,"column":4},"end":{"line":12,"column":24}},"3":{"start":{"line":13,"column":22},"end":{"line":13,"column":42}},"4":{"start":{"line":14,"column":15},"end":{"line":14,"column":34}},"5":{"start":{"line":15,"column":26},"end":{"line":15,"column":65}},"6":{"start":{"line":16,"column":23},"end":{"line":16,"column":62}},"7":{"start":{"line":17,"column":13},"end":{"line":17,"column":28}},"8":{"start":{"line":18,"column":15},"end":{"line":18,"column":32}},"9":{"start":{"line":22,"column":4},"end":{"line":52,"column":5}},"10":{"start":{"line":23,"column":34},"end":{"line":23,"column":42}},"11":{"start":{"line":24,"column":6},"end":{"line":24,"column":46}},"12":{"start":{"line":24,"column":18},"end":{"line":24,"column":46}},"13":{"start":{"line":25,"column":6},"end":{"line":25,"column":52}},"14":{"start":{"line":25,"column":21},"end":{"line":25,"column":52}},"15":{"start":{"line":27,"column":28},"end":{"line":31,"column":8}},"16":{"start":{"line":33,"column":6},"end":{"line":33,"column":65}},"17":{"start":{"line":33,"column":26},"end":{"line":33,"column":65}},"18":{"start":{"line":34,"column":22},"end":{"line":34,"column":74}},"19":{"start":{"line":36,"column":6},"end":{"line":49,"column":7}},"20":{"start":{"line":37,"column":8},"end":{"line":37,"column":47}},"21":{"start":{"line":39,"column":24},"end":{"line":42,"column":9}},"22":{"start":{"line":44,"column":22},"end":{"line":44,"column":38}},"23":{"start":{"line":45,"column":8},"end":{"line":48,"column":11}},"24":{"start":{"line":51,"column":6},"end":{"line":51,"column":18}},"25":{"start":{"line":56,"column":17},"end":{"line":56,"column":27}},"26":{"start":{"line":57,"column":4},"end":{"line":87,"column":5}},"27":{"start":{"line":67,"column":10},"end":{"line":67,"column":18}},"28":{"start":{"line":69,"column":26},"end":{"line":69,"column":79}},"29":{"start":{"line":71,"column":23},"end":{"line":79,"column":8}},"30":{"start":{"line":81,"column":6},"end":{"line":84,"column":9}},"31":{"start":{"line":86,"column":6},"end":{"line":86,"column":18}},"32":{"start":{"line":91,"column":4},"end":{"line":111,"column":5}},"33":{"start":{"line":92,"column":19},"end":{"line":92,"column":28}},"34":{"start":{"line":94,"column":19},"end":{"line":105,"column":8}},"35":{"start":{"line":106,"column":6},"end":{"line":106,"column":44}},"36":{"start":{"line":106,"column":17},"end":{"line":106,"column":44}},"37":{"start":{"line":108,"column":6},"end":{"line":108,"column":33}},"38":{"start":{"line":110,"column":6},"end":{"line":110,"column":18}},"39":{"start":{"line":115,"column":4},"end":{"line":135,"column":5}},"40":{"start":{"line":116,"column":19},"end":{"line":116,"column":29}},"41":{"start":{"line":118,"column":19},"end":{"line":129,"column":8}},"42":{"start":{"line":130,"column":6},"end":{"line":130,"column":44}},"43":{"start":{"line":130,"column":17},"end":{"line":130,"column":44}},"44":{"start":{"line":132,"column":6},"end":{"line":132,"column":33}},"45":{"start":{"line":134,"column":6},"end":{"line":134,"column":18}},"46":{"start":{"line":141,"column":21},"end":{"line":141,"column":39}},"47":{"start":{"line":142,"column":17},"end":{"line":142,"column":31}},"48":{"start":{"line":143,"column":16},"end":{"line":143,"column":29}},"49":{"start":{"line":144,"column":21},"end":{"line":144,"column":38}},"50":{"start":{"line":145,"column":22},"end":{"line":145,"column":40}},"51":{"start":{"line":146,"column":21},"end":{"line":146,"column":39}},"52":{"start":{"line":148,"column":4},"end":{"line":152,"column":5}},"53":{"start":{"line":149,"column":6},"end":{"line":151,"column":8}},"54":{"start":{"line":154,"column":4},"end":{"line":158,"column":5}},"55":{"start":{"line":155,"column":6},"end":{"line":157,"column":8}},"56":{"start":{"line":160,"column":4},"end":{"line":265,"column":5}},"57":{"start":{"line":161,"column":6},"end":{"line":161,"column":29}},"58":{"start":{"line":162,"column":6},"end":{"line":187,"column":7}},"59":{"start":{"line":171,"column":31},"end":{"line":185,"column":10}},"60":{"start":{"line":186,"column":8},"end":{"line":186,"column":52}},"61":{"start":{"line":188,"column":27},"end":{"line":190,"column":7}},"62":{"start":{"line":191,"column":28},"end":{"line":193,"column":7}},"63":{"start":{"line":194,"column":28},"end":{"line":221,"column":8}},"64":{"start":{"line":223,"column":25},"end":{"line":253,"column":7}},"65":{"start":{"line":225,"column":10},"end":{"line":251,"column":11}},"66":{"start":{"line":226,"column":29},"end":{"line":231,"column":13}},"67":{"start":{"line":232,"column":32},"end":{"line":235,"column":13}},"68":{"start":{"line":237,"column":12},"end":{"line":248,"column":14}},"69":{"start":{"line":250,"column":12},"end":{"line":250,"column":31}},"70":{"start":{"line":255,"column":39},"end":{"line":260,"column":8}},"71":{"start":{"line":256,"column":8},"end":{"line":259,"column":10}},"72":{"start":{"line":258,"column":43},"end":{"line":258,"column":67}},"73":{"start":{"line":262,"column":6},"end":{"line":262,"column":53}},"74":{"start":{"line":264,"column":6},"end":{"line":264,"column":18}},"75":{"start":{"line":269,"column":4},"end":{"line":337,"column":5}},"76":{"start":{"line":270,"column":28},"end":{"line":317,"column":8}},"77":{"start":{"line":318,"column":28},"end":{"line":318,"column":29}},"78":{"start":{"line":319,"column":23},"end":{"line":333,"column":8}},"79":{"start":{"line":320,"column":8},"end":{"line":322,"column":11}},"80":{"start":{"line":321,"column":10},"end":{"line":321,"column":40}},"81":{"start":{"line":323,"column":8},"end":{"line":332,"column":10}},"82":{"start":{"line":334,"column":6},"end":{"line":334,"column":22}},"83":{"start":{"line":336,"column":6},"end":{"line":336,"column":19}},"84":{"start":{"line":341,"column":4},"end":{"line":360,"column":5}},"85":{"start":{"line":342,"column":21},"end":{"line":342,"column":30}},"86":{"start":{"line":344,"column":19},"end":{"line":344,"column":43}},"87":{"start":{"line":345,"column":6},"end":{"line":345,"column":44}},"88":{"start":{"line":345,"column":17},"end":{"line":345,"column":44}},"89":{"start":{"line":347,"column":22},"end":{"line":347,"column":24}},"90":{"start":{"line":348,"column":6},"end":{"line":352,"column":7}},"91":{"start":{"line":349,"column":8},"end":{"line":349,"column":31}},"92":{"start":{"line":351,"column":8},"end":{"line":351,"column":29}},"93":{"start":{"line":353,"column":6},"end":{"line":353,"column":65}},"94":{"start":{"line":355,"column":6},"end":{"line":357,"column":78}},"95":{"start":{"line":359,"column":6},"end":{"line":359,"column":18}},"96":{"start":{"line":364,"column":4},"end":{"line":372,"column":5}},"97":{"start":{"line":365,"column":21},"end":{"line":365,"column":31}},"98":{"start":{"line":366,"column":28},"end":{"line":366,"column":52}},"99":{"start":{"line":367,"column":6},"end":{"line":367,"column":53}},"100":{"start":{"line":367,"column":26},"end":{"line":367,"column":53}},"101":{"start":{"line":368,"column":6},"end":{"line":368,"column":30}},"102":{"start":{"line":369,"column":6},"end":{"line":369,"column":51}},"103":{"start":{"line":371,"column":6},"end":{"line":371,"column":18}},"104":{"start":{"line":376,"column":4},"end":{"line":402,"column":5}},"105":{"start":{"line":377,"column":21},"end":{"line":377,"column":30}},"106":{"start":{"line":386,"column":10},"end":{"line":386,"column":18}},"107":{"start":{"line":387,"column":26},"end":{"line":387,"column":79}},"108":{"start":{"line":388,"column":28},"end":{"line":388,"column":52}},"109":{"start":{"line":389,"column":6},"end":{"line":389,"column":53}},"110":{"start":{"line":389,"column":26},"end":{"line":389,"column":53}},"111":{"start":{"line":390,"column":6},"end":{"line":398,"column":9}},"112":{"start":{"line":399,"column":6},"end":{"line":399,"column":78}},"113":{"start":{"line":401,"column":6},"end":{"line":401,"column":18}},"114":{"start":{"line":406,"column":4},"end":{"line":419,"column":5}},"115":{"start":{"line":407,"column":28},"end":{"line":407,"column":37}},"116":{"start":{"line":409,"column":22},"end":{"line":414,"column":8}},"117":{"start":{"line":416,"column":6},"end":{"line":416,"column":36}},"118":{"start":{"line":418,"column":6},"end":{"line":418,"column":18}},"119":{"start":{"line":423,"column":4},"end":{"line":433,"column":5}},"120":{"start":{"line":424,"column":28},"end":{"line":424,"column":37}},"121":{"start":{"line":426,"column":30},"end":{"line":426,"column":38}},"122":{"start":{"line":428,"column":25},"end":{"line":428,"column":71}},"123":{"start":{"line":430,"column":6},"end":{"line":430,"column":39}},"124":{"start":{"line":432,"column":6},"end":{"line":432,"column":18}},"125":{"start":{"line":437,"column":4},"end":{"line":457,"column":5}},"126":{"start":{"line":438,"column":21},"end":{"line":438,"column":31}},"127":{"start":{"line":439,"column":28},"end":{"line":439,"column":37}},"128":{"start":{"line":441,"column":30},"end":{"line":441,"column":38}},"129":{"start":{"line":443,"column":22},"end":{"line":443,"column":48}},"130":{"start":{"line":445,"column":6},"end":{"line":445,"column":47}},"131":{"start":{"line":445,"column":20},"end":{"line":445,"column":47}},"132":{"start":{"line":447,"column":25},"end":{"line":450,"column":7}},"133":{"start":{"line":452,"column":6},"end":{"line":454,"column":9}},"134":{"start":{"line":456,"column":6},"end":{"line":456,"column":18}},"135":{"start":{"line":461,"column":4},"end":{"line":474,"column":5}},"136":{"start":{"line":462,"column":21},"end":{"line":462,"column":31}},"137":{"start":{"line":463,"column":28},"end":{"line":463,"column":37}},"138":{"start":{"line":465,"column":29},"end":{"line":465,"column":69}},"139":{"start":{"line":467,"column":6},"end":{"line":467,"column":59}},"140":{"start":{"line":467,"column":32},"end":{"line":467,"column":59}},"141":{"start":{"line":469,"column":6},"end":{"line":471,"column":9}},"142":{"start":{"line":473,"column":6},"end":{"line":473,"column":18}},"143":{"start":{"line":479,"column":4},"end":{"line":490,"column":5}},"144":{"start":{"line":480,"column":28},"end":{"line":480,"column":37}},"145":{"start":{"line":482,"column":20},"end":{"line":485,"column":8}},"146":{"start":{"line":487,"column":6},"end":{"line":487,"column":34}},"147":{"start":{"line":489,"column":6},"end":{"line":489,"column":18}},"148":{"start":{"line":494,"column":4},"end":{"line":511,"column":5}},"149":{"start":{"line":495,"column":28},"end":{"line":495,"column":37}},"150":{"start":{"line":497,"column":63},"end":{"line":497,"column":71}},"151":{"start":{"line":499,"column":22},"end":{"line":506,"column":8}},"152":{"start":{"line":508,"column":6},"end":{"line":508,"column":36}},"153":{"start":{"line":510,"column":6},"end":{"line":510,"column":18}},"154":{"start":{"line":515,"column":4},"end":{"line":535,"column":5}},"155":{"start":{"line":516,"column":21},"end":{"line":516,"column":31}},"156":{"start":{"line":517,"column":28},"end":{"line":517,"column":37}},"157":{"start":{"line":519,"column":63},"end":{"line":519,"column":71}},"158":{"start":{"line":521,"column":19},"end":{"line":521,"column":42}},"159":{"start":{"line":523,"column":6},"end":{"line":523,"column":44}},"160":{"start":{"line":523,"column":17},"end":{"line":523,"column":44}},"161":{"start":{"line":525,"column":26},"end":{"line":528,"column":7}},"162":{"start":{"line":530,"column":6},"end":{"line":532,"column":9}},"163":{"start":{"line":534,"column":6},"end":{"line":534,"column":18}},"164":{"start":{"line":539,"column":4},"end":{"line":552,"column":5}},"165":{"start":{"line":540,"column":21},"end":{"line":540,"column":31}},"166":{"start":{"line":541,"column":28},"end":{"line":541,"column":37}},"167":{"start":{"line":543,"column":26},"end":{"line":543,"column":63}},"168":{"start":{"line":545,"column":6},"end":{"line":545,"column":56}},"169":{"start":{"line":545,"column":29},"end":{"line":545,"column":56}},"170":{"start":{"line":547,"column":6},"end":{"line":549,"column":9}},"171":{"start":{"line":551,"column":6},"end":{"line":551,"column":18}},"172":{"start":{"line":557,"column":4},"end":{"line":565,"column":5}},"173":{"start":{"line":558,"column":25},"end":{"line":558,"column":35}},"174":{"start":{"line":559,"column":21},"end":{"line":559,"column":49}},"175":{"start":{"line":560,"column":6},"end":{"line":562,"column":9}},"176":{"start":{"line":564,"column":6},"end":{"line":564,"column":18}},"177":{"start":{"line":570,"column":4},"end":{"line":587,"column":5}},"178":{"start":{"line":571,"column":25},"end":{"line":571,"column":57}},"179":{"start":{"line":572,"column":18},"end":{"line":572,"column":46}},"180":{"start":{"line":573,"column":19},"end":{"line":573,"column":73}},"181":{"start":{"line":574,"column":26},"end":{"line":574,"column":41}},"182":{"start":{"line":575,"column":22},"end":{"line":578,"column":22}},"183":{"start":{"line":580,"column":6},"end":{"line":584,"column":9}},"184":{"start":{"line":586,"column":6},"end":{"line":586,"column":18}},"185":{"start":{"line":591,"column":0},"end":{"line":591,"column":33}}},"fnMap":{"0":{"name":"(anonymous_0)","decl":{"start":{"line":21,"column":2},"end":{"line":21,"column":3}},"loc":{"start":{"line":21,"column":37},"end":{"line":53,"column":3}},"line":21},"1":{"name":"(anonymous_1)","decl":{"start":{"line":55,"column":2},"end":{"line":55,"column":3}},"loc":{"start":{"line":55,"column":40},"end":{"line":88,"column":3}},"line":55},"2":{"name":"(anonymous_2)","decl":{"start":{"line":90,"column":2},"end":{"line":90,"column":3}},"loc":{"start":{"line":90,"column":43},"end":{"line":112,"column":3}},"line":90},"3":{"name":"(anonymous_3)","decl":{"start":{"line":114,"column":2},"end":{"line":114,"column":3}},"loc":{"start":{"line":114,"column":41},"end":{"line":136,"column":3}},"line":114},"4":{"name":"(anonymous_4)","decl":{"start":{"line":138,"column":2},"end":{"line":138,"column":3}},"loc":{"start":{"line":138,"column":48},"end":{"line":266,"column":3}},"line":138},"5":{"name":"(anonymous_5)","decl":{"start":{"line":224,"column":26},"end":{"line":224,"column":27}},"loc":{"start":{"line":224,"column":43},"end":{"line":252,"column":9}},"line":224},"6":{"name":"(anonymous_6)","decl":{"start":{"line":255,"column":57},"end":{"line":255,"column":58}},"loc":{"start":{"line":255,"column":68},"end":{"line":260,"column":7}},"line":255},"7":{"name":"(anonymous_7)","decl":{"start":{"line":258,"column":33},"end":{"line":258,"column":34}},"loc":{"start":{"line":258,"column":43},"end":{"line":258,"column":67}},"line":258},"8":{"name":"(anonymous_8)","decl":{"start":{"line":268,"column":2},"end":{"line":268,"column":3}},"loc":{"start":{"line":268,"column":66},"end":{"line":338,"column":3}},"line":268},"9":{"name":"(anonymous_9)","decl":{"start":{"line":319,"column":47},"end":{"line":319,"column":48}},"loc":{"start":{"line":319,"column":54},"end":{"line":333,"column":7}},"line":319},"10":{"name":"(anonymous_10)","decl":{"start":{"line":320,"column":23},"end":{"line":320,"column":24}},"loc":{"start":{"line":320,"column":30},"end":{"line":322,"column":9}},"line":320},"11":{"name":"(anonymous_11)","decl":{"start":{"line":340,"column":2},"end":{"line":340,"column":3}},"loc":{"start":{"line":340,"column":44},"end":{"line":361,"column":3}},"line":340},"12":{"name":"(anonymous_12)","decl":{"start":{"line":363,"column":2},"end":{"line":363,"column":3}},"loc":{"start":{"line":363,"column":38},"end":{"line":373,"column":3}},"line":363},"13":{"name":"(anonymous_13)","decl":{"start":{"line":375,"column":2},"end":{"line":375,"column":3}},"loc":{"start":{"line":375,"column":38},"end":{"line":403,"column":3}},"line":375},"14":{"name":"(anonymous_14)","decl":{"start":{"line":405,"column":2},"end":{"line":405,"column":3}},"loc":{"start":{"line":405,"column":43},"end":{"line":420,"column":3}},"line":405},"15":{"name":"(anonymous_15)","decl":{"start":{"line":422,"column":2},"end":{"line":422,"column":3}},"loc":{"start":{"line":422,"column":42},"end":{"line":434,"column":3}},"line":422},"16":{"name":"(anonymous_16)","decl":{"start":{"line":436,"column":2},"end":{"line":436,"column":3}},"loc":{"start":{"line":436,"column":45},"end":{"line":458,"column":3}},"line":436},"17":{"name":"(anonymous_17)","decl":{"start":{"line":460,"column":2},"end":{"line":460,"column":3}},"loc":{"start":{"line":460,"column":45},"end":{"line":475,"column":3}},"line":460},"18":{"name":"(anonymous_18)","decl":{"start":{"line":478,"column":2},"end":{"line":478,"column":3}},"loc":{"start":{"line":478,"column":40},"end":{"line":491,"column":3}},"line":478},"19":{"name":"(anonymous_19)","decl":{"start":{"line":493,"column":2},"end":{"line":493,"column":3}},"loc":{"start":{"line":493,"column":39},"end":{"line":512,"column":3}},"line":493},"20":{"name":"(anonymous_20)","decl":{"start":{"line":514,"column":2},"end":{"line":514,"column":3}},"loc":{"start":{"line":514,"column":42},"end":{"line":536,"column":3}},"line":514},"21":{"name":"(anonymous_21)","decl":{"start":{"line":538,"column":2},"end":{"line":538,"column":3}},"loc":{"start":{"line":538,"column":42},"end":{"line":553,"column":3}},"line":538},"22":{"name":"(anonymous_22)","decl":{"start":{"line":556,"column":2},"end":{"line":556,"column":3}},"loc":{"start":{"line":556,"column":46},"end":{"line":566,"column":3}},"line":556},"23":{"name":"(anonymous_23)","decl":{"start":{"line":569,"column":2},"end":{"line":569,"column":3}},"loc":{"start":{"line":569,"column":46},"end":{"line":588,"column":3}},"line":569}},"branchMap":{"0":{"loc":{"start":{"line":24,"column":6},"end":{"line":24,"column":46}},"type":"if","locations":[{"start":{"line":24,"column":6},"end":{"line":24,"column":46}},{"start":{},"end":{}}],"line":24},"1":{"loc":{"start":{"line":25,"column":6},"end":{"line":25,"column":52}},"type":"if","locations":[{"start":{"line":25,"column":6},"end":{"line":25,"column":52}},{"start":{},"end":{}}],"line":25},"2":{"loc":{"start":{"line":33,"column":6},"end":{"line":33,"column":65}},"type":"if","locations":[{"start":{"line":33,"column":6},"end":{"line":33,"column":65}},{"start":{},"end":{}}],"line":33},"3":{"loc":{"start":{"line":36,"column":6},"end":{"line":49,"column":7}},"type":"if","locations":[{"start":{"line":36,"column":6},"end":{"line":49,"column":7}},{"start":{"line":38,"column":13},"end":{"line":49,"column":7}}],"line":36},"4":{"loc":{"start":{"line":106,"column":6},"end":{"line":106,"column":44}},"type":"if","locations":[{"start":{"line":106,"column":6},"end":{"line":106,"column":44}},{"start":{},"end":{}}],"line":106},"5":{"loc":{"start":{"line":130,"column":6},"end":{"line":130,"column":44}},"type":"if","locations":[{"start":{"line":130,"column":6},"end":{"line":130,"column":44}},{"start":{},"end":{}}],"line":130},"6":{"loc":{"start":{"line":148,"column":4},"end":{"line":152,"column":5}},"type":"if","locations":[{"start":{"line":148,"column":4},"end":{"line":152,"column":5}},{"start":{},"end":{}}],"line":148},"7":{"loc":{"start":{"line":154,"column":4},"end":{"line":158,"column":5}},"type":"if","locations":[{"start":{"line":154,"column":4},"end":{"line":158,"column":5}},{"start":{},"end":{}}],"line":154},"8":{"loc":{"start":{"line":162,"column":6},"end":{"line":187,"column":7}},"type":"if","locations":[{"start":{"line":162,"column":6},"end":{"line":187,"column":7}},{"start":{},"end":{}}],"line":162},"9":{"loc":{"start":{"line":163,"column":8},"end":{"line":169,"column":18}},"type":"binary-expr","locations":[{"start":{"line":163,"column":8},"end":{"line":163,"column":23}},{"start":{"line":164,"column":8},"end":{"line":164,"column":22}},{"start":{"line":165,"column":8},"end":{"line":165,"column":27}},{"start":{"line":166,"column":8},"end":{"line":166,"column":26}},{"start":{"line":167,"column":8},"end":{"line":167,"column":27}},{"start":{"line":168,"column":8},"end":{"line":168,"column":27}},{"start":{"line":169,"column":8},"end":{"line":169,"column":18}}],"line":163},"10":{"loc":{"start":{"line":257,"column":10},"end":{"line":258,"column":68}},"type":"binary-expr","locations":[{"start":{"line":257,"column":10},"end":{"line":257,"column":37}},{"start":{"line":258,"column":10},"end":{"line":258,"column":68}}],"line":257},"11":{"loc":{"start":{"line":345,"column":6},"end":{"line":345,"column":44}},"type":"if","locations":[{"start":{"line":345,"column":6},"end":{"line":345,"column":44}},{"start":{},"end":{}}],"line":345},"12":{"loc":{"start":{"line":348,"column":6},"end":{"line":352,"column":7}},"type":"if","locations":[{"start":{"line":348,"column":6},"end":{"line":352,"column":7}},{"start":{"line":350,"column":13},"end":{"line":352,"column":7}}],"line":348},"13":{"loc":{"start":{"line":367,"column":6},"end":{"line":367,"column":53}},"type":"if","locations":[{"start":{"line":367,"column":6},"end":{"line":367,"column":53}},{"start":{},"end":{}}],"line":367},"14":{"loc":{"start":{"line":389,"column":6},"end":{"line":389,"column":53}},"type":"if","locations":[{"start":{"line":389,"column":6},"end":{"line":389,"column":53}},{"start":{},"end":{}}],"line":389},"15":{"loc":{"start":{"line":445,"column":6},"end":{"line":445,"column":47}},"type":"if","locations":[{"start":{"line":445,"column":6},"end":{"line":445,"column":47}},{"start":{},"end":{}}],"line":445},"16":{"loc":{"start":{"line":467,"column":6},"end":{"line":467,"column":59}},"type":"if","locations":[{"start":{"line":467,"column":6},"end":{"line":467,"column":59}},{"start":{},"end":{}}],"line":467},"17":{"loc":{"start":{"line":523,"column":6},"end":{"line":523,"column":44}},"type":"if","locations":[{"start":{"line":523,"column":6},"end":{"line":523,"column":44}},{"start":{},"end":{}}],"line":523},"18":{"loc":{"start":{"line":545,"column":6},"end":{"line":545,"column":56}},"type":"if","locations":[{"start":{"line":545,"column":6},"end":{"line":545,"column":56}},{"start":{},"end":{}}],"line":545},"19":{"loc":{"start":{"line":572,"column":18},"end":{"line":572,"column":46}},"type":"binary-expr","locations":[{"start":{"line":572,"column":18},"end":{"line":572,"column":33}},{"start":{"line":572,"column":37},"end":{"line":572,"column":46}}],"line":572},"20":{"loc":{"start":{"line":573,"column":19},"end":{"line":573,"column":73}},"type":"binary-expr","locations":[{"start":{"line":573,"column":19},"end":{"line":573,"column":35}},{"start":{"line":573,"column":39},"end":{"line":573,"column":73}}],"line":573}},"s":{"0":3,"1":3,"2":3,"3":3,"4":3,"5":3,"6":3,"7":3,"8":3,"9":0,"10":0,"11":0,"12":0,"13":0,"14":0,"15":0,"16":0,"17":0,"18":0,"19":0,"20":0,"21":0,"22":0,"23":0,"24":0,"25":0,"26":0,"27":0,"28":0,"29":0,"30":0,"31":0,"32":0,"33":0,"34":0,"35":0,"36":0,"37":0,"38":0,"39":0,"40":0,"41":0,"42":0,"43":0,"44":0,"45":0,"46":2,"47":2,"48":2,"49":2,"50":2,"51":2,"52":2,"53":1,"54":2,"55":1,"56":2,"57":2,"58":2,"59":2,"60":2,"61":0,"62":0,"63":0,"64":0,"65":0,"66":0,"67":0,"68":0,"69":0,"70":0,"71":0,"72":0,"73":0,"74":0,"75":0,"76":0,"77":0,"78":0,"79":0,"80":0,"81":0,"82":0,"83":0,"84":0,"85":0,"86":0,"87":0,"88":0,"89":0,"90":0,"91":0,"92":0,"93":0,"94":0,"95":0,"96":0,"97":0,"98":0,"99":0,"100":0,"101":0,"102":0,"103":0,"104":1,"105":1,"106":1,"107":1,"108":1,"109":1,"110":0,"111":1,"112":1,"113":0,"114":1,"115":1,"116":1,"117":1,"118":0,"119":1,"120":1,"121":1,"122":1,"123":1,"124":0,"125":1,"126":1,"127":1,"128":1,"129":1,"130":1,"131":0,"132":1,"133":1,"134":0,"135":2,"136":2,"137":2,"138":2,"139":2,"140":1,"141":1,"142":1,"143":1,"144":1,"145":1,"146":1,"147":0,"148":1,"149":1,"150":1,"151":1,"152":1,"153":0,"154":2,"155":2,"156":2,"157":2,"158":2,"159":2,"160":1,"161":1,"162":1,"163":1,"164":2,"165":2,"166":2,"167":2,"168":2,"169":1,"170":1,"171":1,"172":0,"173":0,"174":0,"175":0,"176":0,"177":0,"178":0,"179":0,"180":0,"181":0,"182":0,"183":0,"184":0,"185":3},"f":{"0":0,"1":0,"2":0,"3":0,"4":2,"5":0,"6":0,"7":0,"8":0,"9":0,"10":0,"11":0,"12":0,"13":1,"14":1,"15":1,"16":1,"17":2,"18":1,"19":1,"20":2,"21":2,"22":0,"23":0},"b":{"0":[0,0],"1":[0,0],"2":[0,0],"3":[0,0],"4":[0,0],"5":[0,0],"6":[1,1],"7":[1,1],"8":[2,0],"9":[2,0,0,0,0,0,0],"10":[0,0],"11":[0,0],"12":[0,0],"13":[0,0],"14":[0,1],"15":[0,1],"16":[1,1],"17":[1,1],"18":[1,1],"19":[0,0],"20":[0,0]},"_coverageSchema":"1a1c01bbd47fc00a2c39e90264f33305004495a9","hash":"fff95a62a58f300131ffcf40849817f59af3663a"}
,"C:\\Users\\USER\\Desktop\\hacktiv8\\PetDoorz\\Server\\PetDoorz-Server\\helpers\\calculateDistance.js": {"path":"C:\\Users\\USER\\Desktop\\hacktiv8\\PetDoorz\\Server\\PetDoorz-Server\\helpers\\calculateDistance.js","statementMap":{"0":{"start":{"line":2,"column":12},"end":{"line":2,"column":16}},"1":{"start":{"line":4,"column":16},"end":{"line":4,"column":50}},"2":{"start":{"line":4,"column":27},"end":{"line":4,"column":50}},"3":{"start":{"line":6,"column":15},"end":{"line":6,"column":55}},"4":{"start":{"line":7,"column":15},"end":{"line":7,"column":55}},"5":{"start":{"line":10,"column":4},"end":{"line":14,"column":24}},"6":{"start":{"line":16,"column":12},"end":{"line":16,"column":58}},"7":{"start":{"line":18,"column":19},"end":{"line":18,"column":24}},"8":{"start":{"line":20,"column":2},"end":{"line":20,"column":29}},"9":{"start":{"line":23,"column":0},"end":{"line":23,"column":35}}},"fnMap":{"0":{"name":"calculateDistance","decl":{"start":{"line":1,"column":15},"end":{"line":1,"column":32}},"loc":{"start":{"line":1,"column":61},"end":{"line":21,"column":1}},"line":1},"1":{"name":"(anonymous_1)","decl":{"start":{"line":4,"column":16},"end":{"line":4,"column":17}},"loc":{"start":{"line":4,"column":27},"end":{"line":4,"column":50}},"line":4}},"branchMap":{},"s":{"0":0,"1":0,"2":0,"3":0,"4":0,"5":0,"6":0,"7":0,"8":0,"9":3},"f":{"0":0,"1":0},"b":{},"_coverageSchema":"1a1c01bbd47fc00a2c39e90264f33305004495a9","hash":"156c4d6048c5faba9729742d2e13c28757464cff"}
,"C:\\Users\\USER\\Desktop\\hacktiv8\\PetDoorz\\Server\\PetDoorz-Server\\helpers\\jwt.js": {"path":"C:\\Users\\USER\\Desktop\\hacktiv8\\PetDoorz\\Server\\PetDoorz-Server\\helpers\\jwt.js","statementMap":{"0":{"start":{"line":1,"column":12},"end":{"line":1,"column":35}},"1":{"start":{"line":4,"column":4},"end":{"line":4,"column":50}},"2":{"start":{"line":8,"column":4},"end":{"line":8,"column":52}},"3":{"start":{"line":12,"column":0},"end":{"line":15,"column":1}}},"fnMap":{"0":{"name":"jwtSign","decl":{"start":{"line":3,"column":9},"end":{"line":3,"column":16}},"loc":{"start":{"line":3,"column":24},"end":{"line":5,"column":1}},"line":3},"1":{"name":"jwtVerify","decl":{"start":{"line":7,"column":9},"end":{"line":7,"column":18}},"loc":{"start":{"line":7,"column":26},"end":{"line":9,"column":1}},"line":7}},"branchMap":{},"s":{"0":3,"1":6,"2":36,"3":3},"f":{"0":6,"1":36},"b":{},"_coverageSchema":"1a1c01bbd47fc00a2c39e90264f33305004495a9","hash":"7932c0a1619ed51e2d298e16d9b45954c9fa0a01"}
,"C:\\Users\\USER\\Desktop\\hacktiv8\\PetDoorz\\Server\\PetDoorz-Server\\helpers\\password.js": {"path":"C:\\Users\\USER\\Desktop\\hacktiv8\\PetDoorz\\Server\\PetDoorz-Server\\helpers\\password.js","statementMap":{"0":{"start":{"line":1,"column":15},"end":{"line":1,"column":34}},"1":{"start":{"line":4,"column":15},"end":{"line":4,"column":37}},"2":{"start":{"line":5,"column":15},"end":{"line":5,"column":43}},"3":{"start":{"line":6,"column":2},"end":{"line":6,"column":14}},"4":{"start":{"line":10,"column":2},"end":{"line":10,"column":41}},"5":{"start":{"line":13,"column":0},"end":{"line":16,"column":2}}},"fnMap":{"0":{"name":"encrypt","decl":{"start":{"line":3,"column":9},"end":{"line":3,"column":16}},"loc":{"start":{"line":3,"column":24},"end":{"line":7,"column":1}},"line":3},"1":{"name":"decrypt","decl":{"start":{"line":9,"column":9},"end":{"line":9,"column":16}},"loc":{"start":{"line":9,"column":30},"end":{"line":11,"column":1}},"line":9}},"branchMap":{},"s":{"0":3,"1":8,"2":8,"3":8,"4":3,"5":3},"f":{"0":8,"1":3},"b":{},"_coverageSchema":"1a1c01bbd47fc00a2c39e90264f33305004495a9","hash":"d24f9f25fa886865d58e3ffd9b3689741bda9965"}
,"C:\\Users\\USER\\Desktop\\hacktiv8\\PetDoorz\\Server\\PetDoorz-Server\\helpers\\thirdPartyRequest.js": {"path":"C:\\Users\\USER\\Desktop\\hacktiv8\\PetDoorz\\Server\\PetDoorz-Server\\helpers\\thirdPartyRequest.js","statementMap":{"0":{"start":{"line":1,"column":14},"end":{"line":1,"column":30}},"1":{"start":{"line":4,"column":22},"end":{"line":4,"column":64}},"2":{"start":{"line":5,"column":17},"end":{"line":5,"column":69}},"3":{"start":{"line":6,"column":2},"end":{"line":19,"column":3}},"4":{"start":{"line":7,"column":21},"end":{"line":13,"column":6}},"5":{"start":{"line":15,"column":19},"end":{"line":15,"column":66}},"6":{"start":{"line":16,"column":4},"end":{"line":16,"column":18}},"7":{"start":{"line":18,"column":4},"end":{"line":18,"column":23}},"8":{"start":{"line":22,"column":0},"end":{"line":22,"column":32}}},"fnMap":{"0":{"name":"getChatHistory","decl":{"start":{"line":3,"column":15},"end":{"line":3,"column":29}},"loc":{"start":{"line":3,"column":38},"end":{"line":20,"column":1}},"line":3}},"branchMap":{},"s":{"0":3,"1":1,"2":1,"3":1,"4":1,"5":1,"6":1,"7":0,"8":3},"f":{"0":1},"b":{},"_coverageSchema":"1a1c01bbd47fc00a2c39e90264f33305004495a9","hash":"42d1ee8bada9406d4604ed39e6315dbe81edec55"}
,"C:\\Users\\USER\\Desktop\\hacktiv8\\PetDoorz\\Server\\PetDoorz-Server\\middlewares\\authenticationCustomer.js": {"path":"C:\\Users\\USER\\Desktop\\hacktiv8\\PetDoorz\\Server\\PetDoorz-Server\\middlewares\\authenticationCustomer.js","statementMap":{"0":{"start":{"line":1,"column":22},"end":{"line":1,"column":47}},"1":{"start":{"line":2,"column":21},"end":{"line":2,"column":41}},"2":{"start":{"line":5,"column":2},"end":{"line":22,"column":3}},"3":{"start":{"line":6,"column":29},"end":{"line":6,"column":40}},"4":{"start":{"line":7,"column":26},"end":{"line":7,"column":49}},"5":{"start":{"line":9,"column":21},"end":{"line":14,"column":6}},"6":{"start":{"line":15,"column":4},"end":{"line":15,"column":53}},"7":{"start":{"line":15,"column":19},"end":{"line":15,"column":53}},"8":{"start":{"line":17,"column":4},"end":{"line":17,"column":33}},"9":{"start":{"line":19,"column":4},"end":{"line":19,"column":11}},"10":{"start":{"line":21,"column":4},"end":{"line":21,"column":16}},"11":{"start":{"line":25,"column":0},"end":{"line":25,"column":40}}},"fnMap":{"0":{"name":"authenticationCustomer","decl":{"start":{"line":4,"column":15},"end":{"line":4,"column":37}},"loc":{"start":{"line":4,"column":54},"end":{"line":23,"column":1}},"line":4}},"branchMap":{"0":{"loc":{"start":{"line":15,"column":4},"end":{"line":15,"column":53}},"type":"if","locations":[{"start":{"line":15,"column":4},"end":{"line":15,"column":53}},{"start":{},"end":{}}],"line":15}},"s":{"0":3,"1":3,"2":19,"3":19,"4":19,"5":8,"6":8,"7":0,"8":8,"9":8,"10":11,"11":3},"f":{"0":19},"b":{"0":[0,8]},"_coverageSchema":"1a1c01bbd47fc00a2c39e90264f33305004495a9","hash":"58c57da819da9cfd030743bfbd30532b6f9a8bdf"}
,"C:\\Users\\USER\\Desktop\\hacktiv8\\PetDoorz\\Server\\PetDoorz-Server\\middlewares\\authenticationHotel.js": {"path":"C:\\Users\\USER\\Desktop\\hacktiv8\\PetDoorz\\Server\\PetDoorz-Server\\middlewares\\authenticationHotel.js","statementMap":{"0":{"start":{"line":1,"column":22},"end":{"line":1,"column":47}},"1":{"start":{"line":2,"column":18},"end":{"line":2,"column":38}},"2":{"start":{"line":5,"column":2},"end":{"line":22,"column":3}},"3":{"start":{"line":6,"column":29},"end":{"line":6,"column":40}},"4":{"start":{"line":7,"column":26},"end":{"line":7,"column":49}},"5":{"start":{"line":9,"column":18},"end":{"line":14,"column":6}},"6":{"start":{"line":15,"column":4},"end":{"line":15,"column":50}},"7":{"start":{"line":15,"column":16},"end":{"line":15,"column":50}},"8":{"start":{"line":17,"column":4},"end":{"line":17,"column":30}},"9":{"start":{"line":19,"column":4},"end":{"line":19,"column":11}},"10":{"start":{"line":21,"column":4},"end":{"line":21,"column":16}},"11":{"start":{"line":25,"column":0},"end":{"line":25,"column":37}}},"fnMap":{"0":{"name":"authenticationHotel","decl":{"start":{"line":4,"column":15},"end":{"line":4,"column":34}},"loc":{"start":{"line":4,"column":51},"end":{"line":23,"column":1}},"line":4}},"branchMap":{"0":{"loc":{"start":{"line":15,"column":4},"end":{"line":15,"column":50}},"type":"if","locations":[{"start":{"line":15,"column":4},"end":{"line":15,"column":50}},{"start":{},"end":{}}],"line":15}},"s":{"0":3,"1":3,"2":17,"3":17,"4":17,"5":14,"6":14,"7":0,"8":14,"9":14,"10":3,"11":3},"f":{"0":17},"b":{"0":[0,14]},"_coverageSchema":"1a1c01bbd47fc00a2c39e90264f33305004495a9","hash":"d4c4859b0708abfd2e6accdd446051830d4ba17b"}
,"C:\\Users\\USER\\Desktop\\hacktiv8\\PetDoorz\\Server\\PetDoorz-Server\\middlewares\\authorizationBookingDone.js": {"path":"C:\\Users\\USER\\Desktop\\hacktiv8\\PetDoorz\\Server\\PetDoorz-Server\\middlewares\\authorizationBookingDone.js","statementMap":{"0":{"start":{"line":4,"column":20},"end":{"line":4,"column":40}},"1":{"start":{"line":7,"column":4},"end":{"line":19,"column":5}},"2":{"start":{"line":8,"column":34},"end":{"line":8,"column":44}},"3":{"start":{"line":9,"column":35},"end":{"line":9,"column":47}},"4":{"start":{"line":11,"column":24},"end":{"line":11,"column":57}},"5":{"start":{"line":12,"column":8},"end":{"line":12,"column":48}},"6":{"start":{"line":12,"column":22},"end":{"line":12,"column":48}},"7":{"start":{"line":13,"column":8},"end":{"line":13,"column":73}},"8":{"start":{"line":13,"column":42},"end":{"line":13,"column":73}},"9":{"start":{"line":14,"column":8},"end":{"line":14,"column":73}},"10":{"start":{"line":14,"column":47},"end":{"line":14,"column":73}},"11":{"start":{"line":16,"column":8},"end":{"line":16,"column":14}},"12":{"start":{"line":18,"column":8},"end":{"line":18,"column":19}},"13":{"start":{"line":22,"column":0},"end":{"line":22,"column":41}}},"fnMap":{"0":{"name":"authorizationBookingDone","decl":{"start":{"line":6,"column":15},"end":{"line":6,"column":39}},"loc":{"start":{"line":6,"column":56},"end":{"line":20,"column":1}},"line":6}},"branchMap":{"0":{"loc":{"start":{"line":12,"column":8},"end":{"line":12,"column":48}},"type":"if","locations":[{"start":{"line":12,"column":8},"end":{"line":12,"column":48}},{"start":{},"end":{}}],"line":12},"1":{"loc":{"start":{"line":13,"column":8},"end":{"line":13,"column":73}},"type":"if","locations":[{"start":{"line":13,"column":8},"end":{"line":13,"column":73}},{"start":{},"end":{}}],"line":13},"2":{"loc":{"start":{"line":14,"column":8},"end":{"line":14,"column":73}},"type":"if","locations":[{"start":{"line":14,"column":8},"end":{"line":14,"column":73}},{"start":{},"end":{}}],"line":14}},"s":{"0":3,"1":2,"2":2,"3":2,"4":2,"5":2,"6":0,"7":2,"8":1,"9":1,"10":0,"11":1,"12":1,"13":3},"f":{"0":2},"b":{"0":[0,2],"1":[1,1],"2":[0,1]},"_coverageSchema":"1a1c01bbd47fc00a2c39e90264f33305004495a9","hash":"543a8552d17664344de3c1cfc0ddf411125f05cf"}
,"C:\\Users\\USER\\Desktop\\hacktiv8\\PetDoorz\\Server\\PetDoorz-Server\\middlewares\\authorizationBookingProcess.js": {"path":"C:\\Users\\USER\\Desktop\\hacktiv8\\PetDoorz\\Server\\PetDoorz-Server\\middlewares\\authorizationBookingProcess.js","statementMap":{"0":{"start":{"line":4,"column":33},"end":{"line":4,"column":53}},"1":{"start":{"line":7,"column":4},"end":{"line":25,"column":5}},"2":{"start":{"line":8,"column":34},"end":{"line":8,"column":44}},"3":{"start":{"line":9,"column":32},"end":{"line":9,"column":41}},"4":{"start":{"line":11,"column":24},"end":{"line":16,"column":10}},"5":{"start":{"line":17,"column":8},"end":{"line":17,"column":42}},"6":{"start":{"line":18,"column":8},"end":{"line":18,"column":48}},"7":{"start":{"line":18,"column":22},"end":{"line":18,"column":48}},"8":{"start":{"line":19,"column":8},"end":{"line":19,"column":72}},"9":{"start":{"line":19,"column":41},"end":{"line":19,"column":72}},"10":{"start":{"line":20,"column":8},"end":{"line":20,"column":73}},"11":{"start":{"line":20,"column":47},"end":{"line":20,"column":73}},"12":{"start":{"line":22,"column":8},"end":{"line":22,"column":14}},"13":{"start":{"line":24,"column":8},"end":{"line":24,"column":19}},"14":{"start":{"line":28,"column":0},"end":{"line":28,"column":44}}},"fnMap":{"0":{"name":"authorizationBookingProcess","decl":{"start":{"line":6,"column":15},"end":{"line":6,"column":42}},"loc":{"start":{"line":6,"column":59},"end":{"line":26,"column":1}},"line":6}},"branchMap":{"0":{"loc":{"start":{"line":18,"column":8},"end":{"line":18,"column":48}},"type":"if","locations":[{"start":{"line":18,"column":8},"end":{"line":18,"column":48}},{"start":{},"end":{}}],"line":18},"1":{"loc":{"start":{"line":19,"column":8},"end":{"line":19,"column":72}},"type":"if","locations":[{"start":{"line":19,"column":8},"end":{"line":19,"column":72}},{"start":{},"end":{}}],"line":19},"2":{"loc":{"start":{"line":20,"column":8},"end":{"line":20,"column":73}},"type":"if","locations":[{"start":{"line":20,"column":8},"end":{"line":20,"column":73}},{"start":{},"end":{}}],"line":20}},"s":{"0":3,"1":2,"2":2,"3":2,"4":2,"5":2,"6":2,"7":0,"8":2,"9":0,"10":2,"11":0,"12":2,"13":0,"14":3},"f":{"0":2},"b":{"0":[0,2],"1":[0,2],"2":[0,2]},"_coverageSchema":"1a1c01bbd47fc00a2c39e90264f33305004495a9","hash":"9e6af0cf20bb52deee72393f37bdd2991404cefe"}
,"C:\\Users\\USER\\Desktop\\hacktiv8\\PetDoorz\\Server\\PetDoorz-Server\\middlewares\\errorHandler.js": {"path":"C:\\Users\\USER\\Desktop\\hacktiv8\\PetDoorz\\Server\\PetDoorz-Server\\middlewares\\errorHandler.js","statementMap":{"0":{"start":{"line":2,"column":2},"end":{"line":2,"column":19}},"1":{"start":{"line":3,"column":2},"end":{"line":58,"column":3}},"2":{"start":{"line":5,"column":6},"end":{"line":5,"column":63}},"3":{"start":{"line":6,"column":6},"end":{"line":6,"column":12}},"4":{"start":{"line":9,"column":6},"end":{"line":9,"column":64}},"5":{"start":{"line":10,"column":6},"end":{"line":10,"column":12}},"6":{"start":{"line":13,"column":6},"end":{"line":13,"column":61}},"7":{"start":{"line":14,"column":6},"end":{"line":14,"column":12}},"8":{"start":{"line":17,"column":6},"end":{"line":17,"column":64}},"9":{"start":{"line":18,"column":6},"end":{"line":18,"column":12}},"10":{"start":{"line":21,"column":6},"end":{"line":21,"column":66}},"11":{"start":{"line":22,"column":6},"end":{"line":22,"column":12}},"12":{"start":{"line":25,"column":6},"end":{"line":25,"column":69}},"13":{"start":{"line":26,"column":6},"end":{"line":26,"column":12}},"14":{"start":{"line":29,"column":6},"end":{"line":29,"column":59}},"15":{"start":{"line":30,"column":6},"end":{"line":30,"column":12}},"16":{"start":{"line":33,"column":6},"end":{"line":33,"column":69}},"17":{"start":{"line":34,"column":6},"end":{"line":34,"column":12}},"18":{"start":{"line":37,"column":6},"end":{"line":37,"column":57}},"19":{"start":{"line":38,"column":6},"end":{"line":38,"column":12}},"20":{"start":{"line":41,"column":6},"end":{"line":41,"column":66}},"21":{"start":{"line":42,"column":6},"end":{"line":42,"column":12}},"22":{"start":{"line":45,"column":6},"end":{"line":45,"column":75}},"23":{"start":{"line":46,"column":6},"end":{"line":46,"column":12}},"24":{"start":{"line":49,"column":6},"end":{"line":49,"column":59}},"25":{"start":{"line":50,"column":6},"end":{"line":50,"column":12}},"26":{"start":{"line":53,"column":6},"end":{"line":53,"column":64}},"27":{"start":{"line":56,"column":6},"end":{"line":56,"column":65}},"28":{"start":{"line":57,"column":6},"end":{"line":57,"column":12}},"29":{"start":{"line":61,"column":0},"end":{"line":61,"column":30}}},"fnMap":{"0":{"name":"errorHandler","decl":{"start":{"line":1,"column":9},"end":{"line":1,"column":21}},"loc":{"start":{"line":1,"column":43},"end":{"line":59,"column":1}},"line":1}},"branchMap":{"0":{"loc":{"start":{"line":3,"column":2},"end":{"line":58,"column":3}},"type":"switch","locations":[{"start":{"line":4,"column":4},"end":{"line":6,"column":12}},{"start":{"line":8,"column":4},"end":{"line":10,"column":12}},{"start":{"line":12,"column":4},"end":{"line":14,"column":12}},{"start":{"line":16,"column":4},"end":{"line":18,"column":12}},{"start":{"line":20,"column":4},"end":{"line":22,"column":12}},{"start":{"line":24,"column":4},"end":{"line":26,"column":12}},{"start":{"line":28,"column":4},"end":{"line":30,"column":12}},{"start":{"line":32,"column":4},"end":{"line":34,"column":12}},{"start":{"line":36,"column":4},"end":{"line":38,"column":12}},{"start":{"line":40,"column":4},"end":{"line":42,"column":12}},{"start":{"line":44,"column":4},"end":{"line":46,"column":12}},{"start":{"line":48,"column":4},"end":{"line":50,"column":12}},{"start":{"line":52,"column":4},"end":{"line":53,"column":64}},{"start":{"line":55,"column":4},"end":{"line":57,"column":12}}],"line":3}},"s":{"0":36,"1":36,"2":10,"3":10,"4":1,"5":1,"6":2,"7":2,"8":2,"9":2,"10":2,"11":2,"12":0,"13":0,"14":3,"15":3,"16":0,"17":0,"18":14,"19":14,"20":0,"21":0,"22":0,"23":0,"24":1,"25":1,"26":1,"27":1,"28":0,"29":3},"f":{"0":36},"b":{"0":[10,1,2,2,2,0,3,0,14,0,0,1,1,1]},"_coverageSchema":"1a1c01bbd47fc00a2c39e90264f33305004495a9","hash":"4a03402ea46243be0cd687af3ae373e11e0efeaa"}
,"C:\\Users\\USER\\Desktop\\hacktiv8\\PetDoorz\\Server\\PetDoorz-Server\\models\\booking.js": {"path":"C:\\Users\\USER\\Desktop\\hacktiv8\\PetDoorz\\Server\\PetDoorz-Server\\models\\booking.js","statementMap":{"0":{"start":{"line":4,"column":4},"end":{"line":4,"column":24}},"1":{"start":{"line":5,"column":0},"end":{"line":121,"column":2}},"2":{"start":{"line":14,"column":6},"end":{"line":14,"column":36}},"3":{"start":{"line":15,"column":6},"end":{"line":15,"column":40}},"4":{"start":{"line":16,"column":6},"end":{"line":16,"column":44}},"5":{"start":{"line":19,"column":2},"end":{"line":119,"column":5}},"6":{"start":{"line":120,"column":2},"end":{"line":120,"column":17}}},"fnMap":{"0":{"name":"(anonymous_0)","decl":{"start":{"line":5,"column":17},"end":{"line":5,"column":18}},"loc":{"start":{"line":5,"column":43},"end":{"line":121,"column":1}},"line":5},"1":{"name":"(anonymous_1)","decl":{"start":{"line":12,"column":4},"end":{"line":12,"column":5}},"loc":{"start":{"line":12,"column":29},"end":{"line":17,"column":5}},"line":12}},"branchMap":{},"s":{"0":3,"1":3,"2":3,"3":3,"4":3,"5":3,"6":3},"f":{"0":3,"1":3},"b":{},"_coverageSchema":"1a1c01bbd47fc00a2c39e90264f33305004495a9","hash":"a26d1132aeb5c7bd4c0deaf4565b6a437dce48ea"}
,"C:\\Users\\USER\\Desktop\\hacktiv8\\PetDoorz\\Server\\PetDoorz-Server\\models\\bookingservice.js": {"path":"C:\\Users\\USER\\Desktop\\hacktiv8\\PetDoorz\\Server\\PetDoorz-Server\\models\\bookingservice.js","statementMap":{"0":{"start":{"line":4,"column":4},"end":{"line":4,"column":24}},"1":{"start":{"line":5,"column":0},"end":{"line":39,"column":2}},"2":{"start":{"line":14,"column":6},"end":{"line":14,"column":46}},"3":{"start":{"line":15,"column":6},"end":{"line":15,"column":46}},"4":{"start":{"line":18,"column":2},"end":{"line":37,"column":5}},"5":{"start":{"line":38,"column":2},"end":{"line":38,"column":24}}},"fnMap":{"0":{"name":"(anonymous_0)","decl":{"start":{"line":5,"column":17},"end":{"line":5,"column":18}},"loc":{"start":{"line":5,"column":43},"end":{"line":39,"column":1}},"line":5},"1":{"name":"(anonymous_1)","decl":{"start":{"line":12,"column":4},"end":{"line":12,"column":5}},"loc":{"start":{"line":12,"column":29},"end":{"line":16,"column":5}},"line":12}},"branchMap":{},"s":{"0":3,"1":3,"2":3,"3":3,"4":3,"5":3},"f":{"0":3,"1":3},"b":{},"_coverageSchema":"1a1c01bbd47fc00a2c39e90264f33305004495a9","hash":"dd6c57a30dd3fd09b6c15c6bdfce67b04496940b"}
,"C:\\Users\\USER\\Desktop\\hacktiv8\\PetDoorz\\Server\\PetDoorz-Server\\models\\customer.js": {"path":"C:\\Users\\USER\\Desktop\\hacktiv8\\PetDoorz\\Server\\PetDoorz-Server\\models\\customer.js","statementMap":{"0":{"start":{"line":4,"column":4},"end":{"line":4,"column":24}},"1":{"start":{"line":5,"column":20},"end":{"line":5,"column":50}},"2":{"start":{"line":6,"column":0},"end":{"line":100,"column":2}},"3":{"start":{"line":15,"column":6},"end":{"line":15,"column":38}},"4":{"start":{"line":16,"column":6},"end":{"line":16,"column":37}},"5":{"start":{"line":19,"column":2},"end":{"line":93,"column":5}},"6":{"start":{"line":95,"column":2},"end":{"line":97,"column":5}},"7":{"start":{"line":96,"column":4},"end":{"line":96,"column":51}},"8":{"start":{"line":99,"column":2},"end":{"line":99,"column":18}}},"fnMap":{"0":{"name":"(anonymous_0)","decl":{"start":{"line":6,"column":17},"end":{"line":6,"column":18}},"loc":{"start":{"line":6,"column":43},"end":{"line":100,"column":1}},"line":6},"1":{"name":"(anonymous_1)","decl":{"start":{"line":13,"column":4},"end":{"line":13,"column":5}},"loc":{"start":{"line":13,"column":29},"end":{"line":17,"column":5}},"line":13},"2":{"name":"(anonymous_2)","decl":{"start":{"line":95,"column":35},"end":{"line":95,"column":36}},"loc":{"start":{"line":95,"column":55},"end":{"line":97,"column":3}},"line":95}},"branchMap":{},"s":{"0":3,"1":3,"2":3,"3":3,"4":3,"5":3,"6":3,"7":3,"8":3},"f":{"0":3,"1":3,"2":3},"b":{},"_coverageSchema":"1a1c01bbd47fc00a2c39e90264f33305004495a9","hash":"8cf55fba82732b0a7736c3c9e58903aafadf482e"}
,"C:\\Users\\USER\\Desktop\\hacktiv8\\PetDoorz\\Server\\PetDoorz-Server\\models\\hotel.js": {"path":"C:\\Users\\USER\\Desktop\\hacktiv8\\PetDoorz\\Server\\PetDoorz-Server\\models\\hotel.js","statementMap":{"0":{"start":{"line":2,"column":18},"end":{"line":2,"column":38}},"1":{"start":{"line":3,"column":20},"end":{"line":3,"column":50}},"2":{"start":{"line":4,"column":0},"end":{"line":157,"column":2}},"3":{"start":{"line":13,"column":6},"end":{"line":13,"column":33}},"4":{"start":{"line":14,"column":6},"end":{"line":14,"column":35}},"5":{"start":{"line":15,"column":6},"end":{"line":15,"column":34}},"6":{"start":{"line":16,"column":6},"end":{"line":16,"column":32}},"7":{"start":{"line":19,"column":2},"end":{"line":144,"column":4}},"8":{"start":{"line":146,"column":2},"end":{"line":149,"column":5}},"9":{"start":{"line":147,"column":4},"end":{"line":147,"column":28}},"10":{"start":{"line":148,"column":4},"end":{"line":148,"column":45}},"11":{"start":{"line":156,"column":2},"end":{"line":156,"column":15}}},"fnMap":{"0":{"name":"(anonymous_0)","decl":{"start":{"line":4,"column":17},"end":{"line":4,"column":18}},"loc":{"start":{"line":4,"column":43},"end":{"line":157,"column":1}},"line":4},"1":{"name":"(anonymous_1)","decl":{"start":{"line":11,"column":4},"end":{"line":11,"column":5}},"loc":{"start":{"line":11,"column":29},"end":{"line":17,"column":5}},"line":11},"2":{"name":"(anonymous_2)","decl":{"start":{"line":146,"column":32},"end":{"line":146,"column":33}},"loc":{"start":{"line":146,"column":49},"end":{"line":149,"column":3}},"line":146}},"branchMap":{},"s":{"0":3,"1":3,"2":3,"3":3,"4":3,"5":3,"6":3,"7":3,"8":3,"9":0,"10":0,"11":3},"f":{"0":3,"1":3,"2":0},"b":{},"_coverageSchema":"1a1c01bbd47fc00a2c39e90264f33305004495a9","hash":"39cc978bdbad07606dc1bc2388e58127b3cea572"}
,"C:\\Users\\USER\\Desktop\\hacktiv8\\PetDoorz\\Server\\PetDoorz-Server\\models\\image.js": {"path":"C:\\Users\\USER\\Desktop\\hacktiv8\\PetDoorz\\Server\\PetDoorz-Server\\models\\image.js","statementMap":{"0":{"start":{"line":4,"column":4},"end":{"line":4,"column":24}},"1":{"start":{"line":5,"column":0},"end":{"line":47,"column":2}},"2":{"start":{"line":14,"column":6},"end":{"line":14,"column":35}},"3":{"start":{"line":17,"column":2},"end":{"line":45,"column":5}},"4":{"start":{"line":46,"column":2},"end":{"line":46,"column":15}}},"fnMap":{"0":{"name":"(anonymous_0)","decl":{"start":{"line":5,"column":17},"end":{"line":5,"column":18}},"loc":{"start":{"line":5,"column":43},"end":{"line":47,"column":1}},"line":5},"1":{"name":"(anonymous_1)","decl":{"start":{"line":12,"column":4},"end":{"line":12,"column":5}},"loc":{"start":{"line":12,"column":29},"end":{"line":15,"column":5}},"line":12}},"branchMap":{},"s":{"0":3,"1":3,"2":3,"3":3,"4":3},"f":{"0":3,"1":3},"b":{},"_coverageSchema":"1a1c01bbd47fc00a2c39e90264f33305004495a9","hash":"ccf681cd729ae1398c42d7bfa6089f67cd9535f8"}
,"C:\\Users\\USER\\Desktop\\hacktiv8\\PetDoorz\\Server\\PetDoorz-Server\\models\\index.js": {"path":"C:\\Users\\USER\\Desktop\\hacktiv8\\PetDoorz\\Server\\PetDoorz-Server\\models\\index.js","statementMap":{"0":{"start":{"line":3,"column":11},"end":{"line":3,"column":24}},"1":{"start":{"line":4,"column":13},"end":{"line":4,"column":28}},"2":{"start":{"line":5,"column":18},"end":{"line":5,"column":38}},"3":{"start":{"line":6,"column":16},"end":{"line":6,"column":34}},"4":{"start":{"line":7,"column":17},"end":{"line":7,"column":42}},"5":{"start":{"line":8,"column":12},"end":{"line":8,"column":49}},"6":{"start":{"line":9,"column":15},"end":{"line":9,"column":65}},"7":{"start":{"line":10,"column":11},"end":{"line":10,"column":13}},"8":{"start":{"line":13,"column":0},"end":{"line":17,"column":1}},"9":{"start":{"line":14,"column":2},"end":{"line":14,"column":74}},"10":{"start":{"line":16,"column":2},"end":{"line":16,"column":87}},"11":{"start":{"line":19,"column":0},"end":{"line":32,"column":5}},"12":{"start":{"line":22,"column":4},"end":{"line":27,"column":6}},"13":{"start":{"line":30,"column":18},"end":{"line":30,"column":85}},"14":{"start":{"line":31,"column":4},"end":{"line":31,"column":27}},"15":{"start":{"line":34,"column":0},"end":{"line":38,"column":3}},"16":{"start":{"line":35,"column":2},"end":{"line":37,"column":3}},"17":{"start":{"line":36,"column":4},"end":{"line":36,"column":32}},"18":{"start":{"line":40,"column":0},"end":{"line":40,"column":25}},"19":{"start":{"line":41,"column":0},"end":{"line":41,"column":25}},"20":{"start":{"line":43,"column":0},"end":{"line":43,"column":20}}},"fnMap":{"0":{"name":"(anonymous_0)","decl":{"start":{"line":21,"column":10},"end":{"line":21,"column":11}},"loc":{"start":{"line":21,"column":18},"end":{"line":28,"column":3}},"line":21},"1":{"name":"(anonymous_1)","decl":{"start":{"line":29,"column":11},"end":{"line":29,"column":12}},"loc":{"start":{"line":29,"column":19},"end":{"line":32,"column":3}},"line":29},"2":{"name":"(anonymous_2)","decl":{"start":{"line":34,"column":24},"end":{"line":34,"column":25}},"loc":{"start":{"line":34,"column":37},"end":{"line":38,"column":1}},"line":34}},"branchMap":{"0":{"loc":{"start":{"line":8,"column":12},"end":{"line":8,"column":49}},"type":"binary-expr","locations":[{"start":{"line":8,"column":12},"end":{"line":8,"column":32}},{"start":{"line":8,"column":36},"end":{"line":8,"column":49}}],"line":8},"1":{"loc":{"start":{"line":13,"column":0},"end":{"line":17,"column":1}},"type":"if","locations":[{"start":{"line":13,"column":0},"end":{"line":17,"column":1}},{"start":{"line":15,"column":7},"end":{"line":17,"column":1}}],"line":13},"2":{"loc":{"start":{"line":23,"column":6},"end":{"line":26,"column":37}},"type":"binary-expr","locations":[{"start":{"line":23,"column":6},"end":{"line":23,"column":29}},{"start":{"line":24,"column":6},"end":{"line":24,"column":23}},{"start":{"line":25,"column":6},"end":{"line":25,"column":30}},{"start":{"line":26,"column":6},"end":{"line":26,"column":37}}],"line":23},"3":{"loc":{"start":{"line":35,"column":2},"end":{"line":37,"column":3}},"type":"if","locations":[{"start":{"line":35,"column":2},"end":{"line":37,"column":3}},{"start":{},"end":{}}],"line":35}},"s":{"0":3,"1":3,"2":3,"3":3,"4":3,"5":3,"6":3,"7":3,"8":3,"9":0,"10":3,"11":3,"12":30,"13":27,"14":27,"15":3,"16":27,"17":27,"18":3,"19":3,"20":3},"f":{"0":30,"1":27,"2":27},"b":{"0":[3,0],"1":[0,3],"2":[30,30,27,27],"3":[27,0]},"_coverageSchema":"1a1c01bbd47fc00a2c39e90264f33305004495a9","hash":"1a606e284614afd5e891da0615878a9ae85a3a58"}
,"C:\\Users\\USER\\Desktop\\hacktiv8\\PetDoorz\\Server\\PetDoorz-Server\\models\\review.js": {"path":"C:\\Users\\USER\\Desktop\\hacktiv8\\PetDoorz\\Server\\PetDoorz-Server\\models\\review.js","statementMap":{"0":{"start":{"line":4,"column":4},"end":{"line":4,"column":24}},"1":{"start":{"line":5,"column":0},"end":{"line":63,"column":2}},"2":{"start":{"line":14,"column":6},"end":{"line":14,"column":36}},"3":{"start":{"line":15,"column":6},"end":{"line":15,"column":39}},"4":{"start":{"line":18,"column":2},"end":{"line":61,"column":5}},"5":{"start":{"line":62,"column":2},"end":{"line":62,"column":16}}},"fnMap":{"0":{"name":"(anonymous_0)","decl":{"start":{"line":5,"column":17},"end":{"line":5,"column":18}},"loc":{"start":{"line":5,"column":43},"end":{"line":63,"column":1}},"line":5},"1":{"name":"(anonymous_1)","decl":{"start":{"line":12,"column":4},"end":{"line":12,"column":5}},"loc":{"start":{"line":12,"column":29},"end":{"line":16,"column":5}},"line":12}},"branchMap":{},"s":{"0":3,"1":3,"2":3,"3":3,"4":3,"5":3},"f":{"0":3,"1":3},"b":{},"_coverageSchema":"1a1c01bbd47fc00a2c39e90264f33305004495a9","hash":"837e684ff096720d6f02f3e9d245e993b9cd0e5c"}
,"C:\\Users\\USER\\Desktop\\hacktiv8\\PetDoorz\\Server\\PetDoorz-Server\\models\\room.js": {"path":"C:\\Users\\USER\\Desktop\\hacktiv8\\PetDoorz\\Server\\PetDoorz-Server\\models\\room.js","statementMap":{"0":{"start":{"line":4,"column":4},"end":{"line":4,"column":24}},"1":{"start":{"line":5,"column":0},"end":{"line":89,"column":2}},"2":{"start":{"line":14,"column":6},"end":{"line":14,"column":34}},"3":{"start":{"line":15,"column":6},"end":{"line":15,"column":34}},"4":{"start":{"line":18,"column":2},"end":{"line":87,"column":5}},"5":{"start":{"line":88,"column":2},"end":{"line":88,"column":14}}},"fnMap":{"0":{"name":"(anonymous_0)","decl":{"start":{"line":5,"column":17},"end":{"line":5,"column":18}},"loc":{"start":{"line":5,"column":43},"end":{"line":89,"column":1}},"line":5},"1":{"name":"(anonymous_1)","decl":{"start":{"line":12,"column":4},"end":{"line":12,"column":5}},"loc":{"start":{"line":12,"column":29},"end":{"line":16,"column":5}},"line":12}},"branchMap":{},"s":{"0":3,"1":3,"2":3,"3":3,"4":3,"5":3},"f":{"0":3,"1":3},"b":{},"_coverageSchema":"1a1c01bbd47fc00a2c39e90264f33305004495a9","hash":"94119feecfc9852a4ce90c1fa25d839a16f35c5c"}
,"C:\\Users\\USER\\Desktop\\hacktiv8\\PetDoorz\\Server\\PetDoorz-Server\\models\\service.js": {"path":"C:\\Users\\USER\\Desktop\\hacktiv8\\PetDoorz\\Server\\PetDoorz-Server\\models\\service.js","statementMap":{"0":{"start":{"line":4,"column":4},"end":{"line":4,"column":24}},"1":{"start":{"line":5,"column":0},"end":{"line":64,"column":2}},"2":{"start":{"line":14,"column":6},"end":{"line":14,"column":37}},"3":{"start":{"line":15,"column":6},"end":{"line":15,"column":44}},"4":{"start":{"line":18,"column":2},"end":{"line":62,"column":5}},"5":{"start":{"line":63,"column":2},"end":{"line":63,"column":17}}},"fnMap":{"0":{"name":"(anonymous_0)","decl":{"start":{"line":5,"column":17},"end":{"line":5,"column":18}},"loc":{"start":{"line":5,"column":43},"end":{"line":64,"column":1}},"line":5},"1":{"name":"(anonymous_1)","decl":{"start":{"line":12,"column":4},"end":{"line":12,"column":5}},"loc":{"start":{"line":12,"column":29},"end":{"line":16,"column":5}},"line":12}},"branchMap":{},"s":{"0":3,"1":3,"2":3,"3":3,"4":3,"5":3},"f":{"0":3,"1":3},"b":{},"_coverageSchema":"1a1c01bbd47fc00a2c39e90264f33305004495a9","hash":"77d9cb91c979fef323313ee0ed125fe0788ccf40"}
,"C:\\Users\\USER\\Desktop\\hacktiv8\\PetDoorz\\Server\\PetDoorz-Server\\models\\topup.js": {"path":"C:\\Users\\USER\\Desktop\\hacktiv8\\PetDoorz\\Server\\PetDoorz-Server\\models\\topup.js","statementMap":{"0":{"start":{"line":4,"column":4},"end":{"line":4,"column":24}},"1":{"start":{"line":5,"column":0},"end":{"line":64,"column":2}},"2":{"start":{"line":16,"column":2},"end":{"line":62,"column":5}},"3":{"start":{"line":63,"column":2},"end":{"line":63,"column":15}}},"fnMap":{"0":{"name":"(anonymous_0)","decl":{"start":{"line":5,"column":17},"end":{"line":5,"column":18}},"loc":{"start":{"line":5,"column":43},"end":{"line":64,"column":1}},"line":5},"1":{"name":"(anonymous_1)","decl":{"start":{"line":12,"column":4},"end":{"line":12,"column":5}},"loc":{"start":{"line":12,"column":29},"end":{"line":14,"column":5}},"line":12}},"branchMap":{},"s":{"0":3,"1":3,"2":3,"3":3},"f":{"0":3,"1":3},"b":{},"_coverageSchema":"1a1c01bbd47fc00a2c39e90264f33305004495a9","hash":"38a41e9fabf87adb50a27d04dc52499e7e774bed"}
,"C:\\Users\\USER\\Desktop\\hacktiv8\\PetDoorz\\Server\\PetDoorz-Server\\routes\\bookings.js": {"path":"C:\\Users\\USER\\Desktop\\hacktiv8\\PetDoorz\\Server\\PetDoorz-Server\\routes\\bookings.js","statementMap":{"0":{"start":{"line":1,"column":26},"end":{"line":1,"column":69}},"1":{"start":{"line":2,"column":31},"end":{"line":2,"column":79}},"2":{"start":{"line":3,"column":28},"end":{"line":3,"column":73}},"3":{"start":{"line":4,"column":33},"end":{"line":4,"column":83}},"4":{"start":{"line":5,"column":36},"end":{"line":5,"column":89}},"5":{"start":{"line":6,"column":15},"end":{"line":6,"column":42}},"6":{"start":{"line":8,"column":0},"end":{"line":10,"column":2}},"7":{"start":{"line":9,"column":4},"end":{"line":9,"column":57}},"8":{"start":{"line":17,"column":0},"end":{"line":17,"column":73}},"9":{"start":{"line":18,"column":0},"end":{"line":18,"column":119}},"10":{"start":{"line":19,"column":0},"end":{"line":19,"column":113}},"11":{"start":{"line":21,"column":0},"end":{"line":21,"column":23}}},"fnMap":{"0":{"name":"(anonymous_0)","decl":{"start":{"line":8,"column":16},"end":{"line":8,"column":17}},"loc":{"start":{"line":8,"column":30},"end":{"line":10,"column":1}},"line":8}},"branchMap":{},"s":{"0":3,"1":3,"2":3,"3":3,"4":3,"5":3,"6":3,"7":1,"8":3,"9":3,"10":3,"11":3},"f":{"0":1},"b":{},"_coverageSchema":"1a1c01bbd47fc00a2c39e90264f33305004495a9","hash":"bc34168c491060386db4b73d697a52daed2f5f78"}
,"C:\\Users\\USER\\Desktop\\hacktiv8\\PetDoorz\\Server\\PetDoorz-Server\\routes\\customers.js": {"path":"C:\\Users\\USER\\Desktop\\hacktiv8\\PetDoorz\\Server\\PetDoorz-Server\\routes\\customers.js","statementMap":{"0":{"start":{"line":1,"column":15},"end":{"line":1,"column":42}},"1":{"start":{"line":2,"column":27},"end":{"line":2,"column":71}},"2":{"start":{"line":3,"column":31},"end":{"line":3,"column":79}},"3":{"start":{"line":6,"column":0},"end":{"line":6,"column":77}},"4":{"start":{"line":7,"column":0},"end":{"line":7,"column":46}},"5":{"start":{"line":8,"column":0},"end":{"line":8,"column":73}},"6":{"start":{"line":9,"column":0},"end":{"line":9,"column":48}},"7":{"start":{"line":11,"column":0},"end":{"line":15,"column":2}},"8":{"start":{"line":17,"column":0},"end":{"line":21,"column":2}},"9":{"start":{"line":22,"column":0},"end":{"line":25,"column":2}},"10":{"start":{"line":27,"column":0},"end":{"line":27,"column":64}},"11":{"start":{"line":30,"column":0},"end":{"line":30,"column":56}},"12":{"start":{"line":31,"column":0},"end":{"line":31,"column":52}},"13":{"start":{"line":34,"column":0},"end":{"line":34,"column":24}}},"fnMap":{},"branchMap":{},"s":{"0":3,"1":3,"2":3,"3":3,"4":3,"5":3,"6":3,"7":3,"8":3,"9":3,"10":3,"11":3,"12":3,"13":3},"f":{},"b":{},"_coverageSchema":"1a1c01bbd47fc00a2c39e90264f33305004495a9","hash":"4e6f7036e291f6a52c54794f0a12ceae65bc6097"}
,"C:\\Users\\USER\\Desktop\\hacktiv8\\PetDoorz\\Server\\PetDoorz-Server\\routes\\hotels.js": {"path":"C:\\Users\\USER\\Desktop\\hacktiv8\\PetDoorz\\Server\\PetDoorz-Server\\routes\\hotels.js","statementMap":{"0":{"start":{"line":1,"column":15},"end":{"line":1,"column":42}},"1":{"start":{"line":2,"column":27},"end":{"line":2,"column":71}},"2":{"start":{"line":3,"column":24},"end":{"line":3,"column":65}},"3":{"start":{"line":4,"column":28},"end":{"line":4,"column":73}},"4":{"start":{"line":6,"column":0},"end":{"line":6,"column":50}},"5":{"start":{"line":7,"column":0},"end":{"line":7,"column":61}},"6":{"start":{"line":8,"column":0},"end":{"line":8,"column":45}},"7":{"start":{"line":9,"column":0},"end":{"line":9,"column":51}},"8":{"start":{"line":10,"column":0},"end":{"line":10,"column":72}},"9":{"start":{"line":11,"column":0},"end":{"line":11,"column":69}},"10":{"start":{"line":13,"column":0},"end":{"line":17,"column":2}},"11":{"start":{"line":19,"column":0},"end":{"line":19,"column":62}},"12":{"start":{"line":22,"column":0},"end":{"line":22,"column":74}},"13":{"start":{"line":23,"column":0},"end":{"line":23,"column":74}},"14":{"start":{"line":24,"column":0},"end":{"line":24,"column":80}},"15":{"start":{"line":25,"column":0},"end":{"line":29,"column":2}},"16":{"start":{"line":32,"column":0},"end":{"line":32,"column":68}},"17":{"start":{"line":33,"column":0},"end":{"line":33,"column":68}},"18":{"start":{"line":34,"column":0},"end":{"line":34,"column":74}},"19":{"start":{"line":35,"column":0},"end":{"line":35,"column":77}},"20":{"start":{"line":52,"column":0},"end":{"line":52,"column":24}}},"fnMap":{},"branchMap":{},"s":{"0":3,"1":3,"2":3,"3":3,"4":3,"5":3,"6":3,"7":3,"8":3,"9":3,"10":3,"11":3,"12":3,"13":3,"14":3,"15":3,"16":3,"17":3,"18":3,"19":3,"20":3},"f":{},"b":{},"_coverageSchema":"1a1c01bbd47fc00a2c39e90264f33305004495a9","hash":"021e61e4fcacd21724a885bc27132f65295f3f8c"}
,"C:\\Users\\USER\\Desktop\\hacktiv8\\PetDoorz\\Server\\PetDoorz-Server\\routes\\index.js": {"path":"C:\\Users\\USER\\Desktop\\hacktiv8\\PetDoorz\\Server\\PetDoorz-Server\\routes\\index.js","statementMap":{"0":{"start":{"line":1,"column":15},"end":{"line":1,"column":42}},"1":{"start":{"line":2,"column":17},"end":{"line":2,"column":38}},"2":{"start":{"line":3,"column":15},"end":{"line":3,"column":34}},"3":{"start":{"line":4,"column":18},"end":{"line":4,"column":40}},"4":{"start":{"line":6,"column":0},"end":{"line":8,"column":2}},"5":{"start":{"line":7,"column":4},"end":{"line":7,"column":31}},"6":{"start":{"line":10,"column":0},"end":{"line":10,"column":34}},"7":{"start":{"line":11,"column":0},"end":{"line":11,"column":30}},"8":{"start":{"line":12,"column":0},"end":{"line":12,"column":36}},"9":{"start":{"line":14,"column":0},"end":{"line":14,"column":23}}},"fnMap":{"0":{"name":"(anonymous_0)","decl":{"start":{"line":6,"column":16},"end":{"line":6,"column":17}},"loc":{"start":{"line":6,"column":30},"end":{"line":8,"column":1}},"line":6}},"branchMap":{},"s":{"0":3,"1":3,"2":3,"3":3,"4":3,"5":0,"6":3,"7":3,"8":3,"9":3},"f":{"0":0},"b":{},"_coverageSchema":"1a1c01bbd47fc00a2c39e90264f33305004495a9","hash":"a894b3d8b4a82f7c17a15cb447d2dbee653e2fa0"}
}
