TN:
SF:app.js
FNF:0
FNH:0
DA:1,3
DA:2,3
DA:5,3
DA:6,3
DA:7,3
DA:8,3
DA:10,3
DA:11,3
DA:13,3
DA:14,3
DA:15,3
DA:17,3
DA:18,3
DA:20,3
DA:22,3
LF:15
LH:15
BRDA:1,0,0,3
BRDA:1,0,1,0
BRDA:7,1,0,3
BRDA:7,1,1,3
BRF:4
BRH:3
end_of_record
TN:
SF:controllers\BookingController.js
FN:4,(anonymous_0)
FN:16,(anonymous_1)
FN:40,(anonymous_2)
FN:53,(anonymous_3)
FN:64,(anonymous_4)
FNF:5
FNH:4
FNDA:2,(anonymous_0)
FNDA:2,(anonymous_1)
FNDA:2,(anonymous_2)
FNDA:1,(anonymous_3)
FNDA:0,(anonymous_4)
DA:1,3
DA:5,2
DA:6,2
DA:7,2
DA:8,2
DA:11,2
DA:16,2
DA:17,2
DA:22,2
DA:25,2
DA:26,2
DA:31,1
DA:33,1
DA:35,1
DA:36,1
DA:41,2
DA:42,2
DA:43,2
DA:45,2
DA:46,1
DA:47,1
DA:49,1
DA:54,1
DA:55,1
DA:56,1
DA:57,1
DA:59,0
DA:65,0
DA:66,0
DA:67,0
DA:68,0
DA:69,0
DA:71,0
DA:76,3
LF:34
LH:27
BRDA:45,0,0,1
BRDA:45,0,1,1
BRDA:68,1,0,0
BRDA:68,1,1,0
BRF:4
BRH:2
end_of_record
TN:
SF:controllers\CustomerController.js
FN:12,(anonymous_0)
FN:50,(anonymous_1)
FN:70,(anonymous_2)
FN:97,(anonymous_3)
FN:112,(anonymous_4)
FN:153,(anonymous_5)
FN:177,(anonymous_6)
FN:189,(anonymous_7)
FN:204,(anonymous_8)
FNF:9
FNH:7
FNDA:8,(anonymous_0)
FNDA:11,(anonymous_1)
FNDA:2,(anonymous_2)
FNDA:2,(anonymous_3)
FNDA:1,(anonymous_4)
FNDA:0,(anonymous_5)
FNDA:1,(anonymous_6)
FNDA:0,(anonymous_7)
FNDA:1,(anonymous_8)
DA:1,3
DA:2,3
DA:3,3
DA:4,3
DA:5,3
DA:6,3
DA:7,3
DA:8,3
DA:13,8
DA:14,8
DA:16,8
DA:17,8
DA:18,6
DA:20,4
DA:26,4
DA:27,3
DA:29,3
DA:30,1
DA:32,2
DA:38,2
DA:39,2
DA:46,6
DA:51,11
DA:52,11
DA:53,11
DA:54,11
DA:61,1
DA:66,10
DA:71,2
DA:72,2
DA:73,2
DA:90,2
DA:91,2
DA:93,0
DA:98,2
DA:99,2
DA:100,2
DA:101,2
DA:102,2
DA:104,2
DA:106,2
DA:108,0
DA:113,1
DA:115,1
DA:116,1
DA:119,1
DA:120,1
DA:127,1
DA:133,1
DA:146,1
DA:147,1
DA:149,0
DA:154,0
DA:155,0
DA:157,0
DA:163,0
DA:165,0
DA:167,0
DA:171,0
DA:173,0
DA:178,1
DA:179,1
DA:180,1
DA:181,1
DA:185,0
DA:190,0
DA:191,0
DA:192,0
DA:196,0
DA:197,0
DA:199,0
DA:205,1
DA:206,1
DA:207,1
DA:208,1
DA:209,1
DA:210,1
DA:212,1
DA:218,0
DA:223,3
LF:80
LH:61
BRDA:17,0,0,2
BRDA:17,0,1,6
BRDA:18,1,0,2
BRDA:18,1,1,4
BRDA:26,2,0,1
BRDA:26,2,1,3
BRDA:29,3,0,1
BRDA:29,3,1,2
BRDA:72,4,0,2
BRDA:72,4,1,1
BRDA:90,5,0,0
BRDA:90,5,1,2
BRDA:99,6,0,2
BRDA:99,6,1,1
BRDA:102,7,0,0
BRDA:102,7,1,2
BRDA:196,8,0,0
BRDA:196,8,1,0
BRDA:207,9,0,1
BRDA:207,9,1,1
BRDA:208,10,0,1
BRDA:208,10,1,1
BRF:22
BRH:18
end_of_record
TN:
SF:controllers\HotelController.js
FN:21,(anonymous_0)
FN:55,(anonymous_1)
FN:90,(anonymous_2)
FN:114,(anonymous_3)
FN:138,(anonymous_4)
FN:224,(anonymous_5)
FN:255,(anonymous_6)
FN:258,(anonymous_7)
FN:268,(anonymous_8)
FN:319,(anonymous_9)
FN:320,(anonymous_10)
FN:340,(anonymous_11)
FN:363,(anonymous_12)
FN:375,(anonymous_13)
FN:405,(anonymous_14)
FN:422,(anonymous_15)
FN:436,(anonymous_16)
FN:460,(anonymous_17)
FN:478,(anonymous_18)
FN:493,(anonymous_19)
FN:514,(anonymous_20)
FN:538,(anonymous_21)
FN:556,(anonymous_22)
FN:569,(anonymous_23)
FNF:24
FNH:10
FNDA:0,(anonymous_0)
FNDA:0,(anonymous_1)
FNDA:0,(anonymous_2)
FNDA:0,(anonymous_3)
FNDA:2,(anonymous_4)
FNDA:0,(anonymous_5)
FNDA:0,(anonymous_6)
FNDA:0,(anonymous_7)
FNDA:0,(anonymous_8)
FNDA:0,(anonymous_9)
FNDA:0,(anonymous_10)
FNDA:0,(anonymous_11)
FNDA:0,(anonymous_12)
FNDA:1,(anonymous_13)
FNDA:1,(anonymous_14)
FNDA:1,(anonymous_15)
FNDA:1,(anonymous_16)
FNDA:2,(anonymous_17)
FNDA:1,(anonymous_18)
FNDA:1,(anonymous_19)
FNDA:2,(anonymous_20)
FNDA:2,(anonymous_21)
FNDA:0,(anonymous_22)
FNDA:0,(anonymous_23)
DA:1,3
DA:2,3
DA:12,3
DA:13,3
DA:14,3
DA:15,3
DA:16,3
DA:17,3
DA:18,3
DA:22,0
DA:23,0
DA:24,0
DA:25,0
DA:27,0
DA:33,0
DA:34,0
DA:36,0
DA:37,0
DA:39,0
DA:44,0
DA:45,0
DA:51,0
DA:56,0
DA:57,0
DA:67,0
DA:69,0
DA:71,0
DA:81,0
DA:86,0
DA:91,0
DA:92,0
DA:94,0
DA:106,0
DA:108,0
DA:110,0
DA:115,0
DA:116,0
DA:118,0
DA:130,0
DA:132,0
DA:134,0
DA:141,2
DA:142,2
DA:143,2
DA:144,2
DA:145,2
DA:146,2
DA:148,2
DA:149,1
DA:154,2
DA:155,1
DA:160,2
DA:161,2
DA:162,2
DA:171,2
DA:186,2
DA:188,0
DA:191,0
DA:194,0
DA:223,0
DA:225,0
DA:226,0
DA:232,0
DA:237,0
DA:250,0
DA:255,0
DA:256,0
DA:258,0
DA:262,0
DA:264,0
DA:269,0
DA:270,0
DA:318,0
DA:319,0
DA:320,0
DA:321,0
DA:323,0
DA:334,0
DA:336,0
DA:341,0
DA:342,0
DA:344,0
DA:345,0
DA:347,0
DA:348,0
DA:349,0
DA:351,0
DA:353,0
DA:355,0
DA:359,0
DA:364,0
DA:365,0
DA:366,0
DA:367,0
DA:368,0
DA:369,0
DA:371,0
DA:376,1
DA:377,1
DA:386,1
DA:387,1
DA:388,1
DA:389,1
DA:390,1
DA:399,1
DA:401,0
DA:406,1
DA:407,1
DA:409,1
DA:416,1
DA:418,0
DA:423,1
DA:424,1
DA:426,1
DA:428,1
DA:430,1
DA:432,0
DA:437,1
DA:438,1
DA:439,1
DA:441,1
DA:443,1
DA:445,1
DA:447,1
DA:452,1
DA:456,0
DA:461,2
DA:462,2
DA:463,2
DA:465,2
DA:467,2
DA:469,1
DA:473,1
DA:479,1
DA:480,1
DA:482,1
DA:487,1
DA:489,0
DA:494,1
DA:495,1
DA:497,1
DA:499,1
DA:508,1
DA:510,0
DA:515,2
DA:516,2
DA:517,2
DA:519,2
DA:521,2
DA:523,2
DA:525,1
DA:530,1
DA:534,1
DA:539,2
DA:540,2
DA:541,2
DA:543,2
DA:545,2
DA:547,1
DA:551,1
DA:557,0
DA:558,0
DA:559,0
DA:560,0
DA:564,0
DA:570,0
DA:571,0
DA:572,0
DA:573,0
DA:574,0
DA:575,0
DA:580,0
DA:586,0
DA:591,3
LF:174
LH:82
BRDA:24,0,0,0
BRDA:24,0,1,0
BRDA:25,1,0,0
BRDA:25,1,1,0
BRDA:33,2,0,0
BRDA:33,2,1,0
BRDA:36,3,0,0
BRDA:36,3,1,0
BRDA:106,4,0,0
BRDA:106,4,1,0
BRDA:130,5,0,0
BRDA:130,5,1,0
BRDA:148,6,0,1
BRDA:148,6,1,1
BRDA:154,7,0,1
BRDA:154,7,1,1
BRDA:162,8,0,2
BRDA:162,8,1,0
BRDA:163,9,0,2
BRDA:163,9,1,0
BRDA:163,9,2,0
BRDA:163,9,3,0
BRDA:163,9,4,0
BRDA:163,9,5,0
BRDA:163,9,6,0
BRDA:257,10,0,0
BRDA:257,10,1,0
BRDA:345,11,0,0
BRDA:345,11,1,0
BRDA:348,12,0,0
BRDA:348,12,1,0
BRDA:367,13,0,0
BRDA:367,13,1,0
BRDA:389,14,0,0
BRDA:389,14,1,1
BRDA:445,15,0,0
BRDA:445,15,1,1
BRDA:467,16,0,1
BRDA:467,16,1,1
BRDA:523,17,0,1
BRDA:523,17,1,1
BRDA:545,18,0,1
BRDA:545,18,1,1
BRDA:572,19,0,0
BRDA:572,19,1,0
BRDA:573,20,0,0
BRDA:573,20,1,0
BRF:47
BRH:14
end_of_record
TN:
SF:helpers\calculateDistance.js
FN:1,calculateDistance
FN:4,(anonymous_1)
FNF:2
FNH:0
FNDA:0,calculateDistance
FNDA:0,(anonymous_1)
DA:2,0
DA:4,0
DA:6,0
DA:7,0
DA:10,0
DA:16,0
DA:18,0
DA:20,0
DA:23,3
LF:9
LH:1
BRF:0
BRH:0
end_of_record
TN:
SF:helpers\jwt.js
FN:3,jwtSign
FN:7,jwtVerify
FNF:2
FNH:2
FNDA:6,jwtSign
FNDA:36,jwtVerify
DA:1,3
DA:4,6
DA:8,36
DA:12,3
LF:4
LH:4
BRF:0
BRH:0
end_of_record
TN:
SF:helpers\password.js
FN:3,encrypt
FN:9,decrypt
FNF:2
FNH:2
FNDA:8,encrypt
FNDA:3,decrypt
DA:1,3
DA:4,8
DA:5,8
DA:6,8
DA:10,3
DA:13,3
LF:6
LH:6
BRF:0
BRH:0
end_of_record
TN:
SF:helpers\thirdPartyRequest.js
FN:3,getChatHistory
FNF:1
FNH:1
FNDA:1,getChatHistory
DA:1,3
DA:4,1
DA:5,1
DA:6,1
DA:7,1
DA:15,1
DA:16,1
DA:18,0
DA:22,3
LF:9
LH:8
BRF:0
BRH:0
end_of_record
TN:
SF:middlewares\authenticationCustomer.js
FN:4,authenticationCustomer
FNF:1
FNH:1
FNDA:19,authenticationCustomer
DA:1,3
DA:2,3
DA:5,19
DA:6,19
DA:7,19
DA:9,8
DA:15,8
DA:17,8
DA:19,8
DA:21,11
DA:25,3
LF:11
LH:11
BRDA:15,0,0,0
BRDA:15,0,1,8
BRF:2
BRH:1
end_of_record
TN:
SF:middlewares\authenticationHotel.js
FN:4,authenticationHotel
FNF:1
FNH:1
FNDA:17,authenticationHotel
DA:1,3
DA:2,3
DA:5,17
DA:6,17
DA:7,17
DA:9,14
DA:15,14
DA:17,14
DA:19,14
DA:21,3
DA:25,3
LF:11
LH:11
BRDA:15,0,0,0
BRDA:15,0,1,14
BRF:2
BRH:1
end_of_record
TN:
SF:middlewares\authorizationBookingDone.js
FN:6,authorizationBookingDone
FNF:1
FNH:1
FNDA:2,authorizationBookingDone
DA:4,3
DA:7,2
DA:8,2
DA:9,2
DA:11,2
DA:12,2
DA:13,2
DA:14,1
DA:16,1
DA:18,1
DA:22,3
LF:11
LH:11
BRDA:12,0,0,0
BRDA:12,0,1,2
BRDA:13,1,0,1
BRDA:13,1,1,1
BRDA:14,2,0,0
BRDA:14,2,1,1
BRF:6
BRH:4
end_of_record
TN:
SF:middlewares\authorizationBookingProcess.js
FN:6,authorizationBookingProcess
FNF:1
FNH:1
FNDA:2,authorizationBookingProcess
DA:4,3
DA:7,2
DA:8,2
DA:9,2
DA:11,2
DA:17,2
DA:18,2
DA:19,2
DA:20,2
DA:22,2
DA:24,0
DA:28,3
LF:12
LH:11
BRDA:18,0,0,0
BRDA:18,0,1,2
BRDA:19,1,0,0
BRDA:19,1,1,2
BRDA:20,2,0,0
BRDA:20,2,1,2
BRF:6
BRH:3
end_of_record
TN:
SF:middlewares\errorHandler.js
FN:1,errorHandler
FNF:1
FNH:1
FNDA:36,errorHandler
DA:2,36
DA:3,36
DA:5,10
DA:6,10
DA:9,1
DA:10,1
DA:13,2
DA:14,2
DA:17,2
DA:18,2
DA:21,2
DA:22,2
DA:25,0
DA:26,0
DA:29,3
DA:30,3
DA:33,0
DA:34,0
DA:37,14
DA:38,14
DA:41,0
DA:42,0
DA:45,0
DA:46,0
DA:49,1
DA:50,1
DA:53,1
DA:56,1
DA:57,0
DA:61,3
LF:30
LH:21
BRDA:3,0,0,10
BRDA:3,0,1,1
BRDA:3,0,2,2
BRDA:3,0,3,2
BRDA:3,0,4,2
BRDA:3,0,5,0
BRDA:3,0,6,3
BRDA:3,0,7,0
BRDA:3,0,8,14
BRDA:3,0,9,0
BRDA:3,0,10,0
BRDA:3,0,11,1
BRDA:3,0,12,1
BRDA:3,0,13,1
BRF:14
BRH:10
end_of_record
TN:
SF:models\booking.js
FN:5,(anonymous_0)
FN:12,(anonymous_1)
FNF:2
FNH:2
FNDA:3,(anonymous_0)
FNDA:3,(anonymous_1)
DA:4,3
DA:5,3
DA:14,3
DA:15,3
DA:16,3
DA:19,3
DA:120,3
LF:7
LH:7
BRF:0
BRH:0
end_of_record
TN:
SF:models\bookingservice.js
FN:5,(anonymous_0)
FN:12,(anonymous_1)
FNF:2
FNH:2
FNDA:3,(anonymous_0)
FNDA:3,(anonymous_1)
DA:4,3
DA:5,3
DA:14,3
DA:15,3
DA:18,3
DA:38,3
LF:6
LH:6
BRF:0
BRH:0
end_of_record
TN:
SF:models\customer.js
FN:6,(anonymous_0)
FN:13,(anonymous_1)
FN:95,(anonymous_2)
FNF:3
FNH:3
FNDA:3,(anonymous_0)
FNDA:3,(anonymous_1)
FNDA:3,(anonymous_2)
DA:4,3
DA:5,3
DA:6,3
DA:15,3
DA:16,3
DA:19,3
DA:95,3
DA:96,3
DA:99,3
LF:9
LH:9
BRF:0
BRH:0
end_of_record
TN:
SF:models\hotel.js
FN:4,(anonymous_0)
FN:11,(anonymous_1)
FN:146,(anonymous_2)
FNF:3
FNH:2
FNDA:3,(anonymous_0)
FNDA:3,(anonymous_1)
FNDA:0,(anonymous_2)
DA:2,3
DA:3,3
DA:4,3
DA:13,3
DA:14,3
DA:15,3
DA:16,3
DA:19,3
DA:146,3
DA:147,0
DA:148,0
DA:156,3
LF:12
LH:10
BRF:0
BRH:0
end_of_record
TN:
SF:models\image.js
FN:5,(anonymous_0)
FN:12,(anonymous_1)
FNF:2
FNH:2
FNDA:3,(anonymous_0)
FNDA:3,(anonymous_1)
DA:4,3
DA:5,3
DA:14,3
DA:17,3
DA:46,3
LF:5
LH:5
BRF:0
BRH:0
end_of_record
TN:
SF:models\index.js
FN:21,(anonymous_0)
FN:29,(anonymous_1)
FN:34,(anonymous_2)
FNF:3
FNH:3
FNDA:30,(anonymous_0)
FNDA:27,(anonymous_1)
FNDA:27,(anonymous_2)
DA:3,3
DA:4,3
DA:5,3
DA:6,3
DA:7,3
DA:8,3
DA:9,3
DA:10,3
DA:13,3
DA:14,0
DA:16,3
DA:19,3
DA:22,30
DA:30,27
DA:31,27
DA:34,3
DA:35,27
DA:36,27
DA:40,3
DA:41,3
DA:43,3
LF:21
LH:20
BRDA:8,0,0,3
BRDA:8,0,1,0
BRDA:13,1,0,0
BRDA:13,1,1,3
BRDA:23,2,0,30
BRDA:23,2,1,30
BRDA:23,2,2,27
BRDA:23,2,3,27
BRDA:35,3,0,27
BRDA:35,3,1,0
BRF:10
BRH:7
end_of_record
TN:
SF:models\review.js
FN:5,(anonymous_0)
FN:12,(anonymous_1)
FNF:2
FNH:2
FNDA:3,(anonymous_0)
FNDA:3,(anonymous_1)
DA:4,3
DA:5,3
DA:14,3
DA:15,3
DA:18,3
DA:62,3
LF:6
LH:6
BRF:0
BRH:0
end_of_record
TN:
SF:models\room.js
FN:5,(anonymous_0)
FN:12,(anonymous_1)
FNF:2
FNH:2
FNDA:3,(anonymous_0)
FNDA:3,(anonymous_1)
DA:4,3
DA:5,3
DA:14,3
DA:15,3
DA:18,3
DA:88,3
LF:6
LH:6
BRF:0
BRH:0
end_of_record
TN:
SF:models\service.js
FN:5,(anonymous_0)
FN:12,(anonymous_1)
FNF:2
FNH:2
FNDA:3,(anonymous_0)
FNDA:3,(anonymous_1)
DA:4,3
DA:5,3
DA:14,3
DA:15,3
DA:18,3
DA:63,3
LF:6
LH:6
BRF:0
BRH:0
end_of_record
TN:
SF:models\topup.js
FN:5,(anonymous_0)
FN:12,(anonymous_1)
FNF:2
FNH:2
FNDA:3,(anonymous_0)
FNDA:3,(anonymous_1)
DA:4,3
DA:5,3
DA:16,3
DA:63,3
LF:4
LH:4
BRF:0
BRH:0
end_of_record
TN:
SF:routes\bookings.js
FN:8,(anonymous_0)
FNF:1
FNH:1
FNDA:1,(anonymous_0)
DA:1,3
DA:2,3
DA:3,3
DA:4,3
DA:5,3
DA:6,3
DA:8,3
DA:9,1
DA:17,3
DA:18,3
DA:19,3
DA:21,3
LF:12
LH:12
BRF:0
BRH:0
end_of_record
TN:
SF:routes\customers.js
FNF:0
FNH:0
DA:1,3
DA:2,3
DA:3,3
DA:6,3
DA:7,3
DA:8,3
DA:9,3
DA:11,3
DA:17,3
DA:22,3
DA:27,3
DA:30,3
DA:31,3
DA:34,3
LF:14
LH:14
BRF:0
BRH:0
end_of_record
TN:
SF:routes\hotels.js
FNF:0
FNH:0
DA:1,3
DA:2,3
DA:3,3
DA:4,3
DA:6,3
DA:7,3
DA:8,3
DA:9,3
DA:10,3
DA:11,3
DA:13,3
DA:19,3
DA:22,3
DA:23,3
DA:24,3
DA:25,3
DA:32,3
DA:33,3
DA:34,3
DA:35,3
DA:52,3
LF:21
LH:21
BRF:0
BRH:0
end_of_record
TN:
SF:routes\index.js
FN:6,(anonymous_0)
FNF:1
FNH:0
FNDA:0,(anonymous_0)
DA:1,3
DA:2,3
DA:3,3
DA:4,3
DA:6,3
DA:7,0
DA:10,3
DA:11,3
DA:12,3
DA:14,3
LF:10
LH:9
BRF:0
BRH:0
end_of_record
