TN:
SF:app.js
FNF:0
FNH:0
DA:1,1
DA:2,1
DA:5,1
DA:6,1
DA:7,1
DA:8,1
DA:10,1
DA:11,1
DA:13,1
DA:14,1
DA:15,1
DA:17,1
DA:18,1
DA:20,1
DA:22,1
LF:15
LH:15
BRDA:1,0,0,1
BRDA:1,0,1,0
BRDA:7,1,0,1
BRDA:7,1,1,0
BRF:4
BRH:2
end_of_record
TN:
SF:controllers\BookingController.js
FN:4,(anonymous_0)
FN:16,(anonymous_1)
FN:40,(anonymous_2)
FN:54,(anonymous_3)
FN:65,(anonymous_4)
FNF:5
FNH:0
FNDA:0,(anonymous_0)
FNDA:0,(anonymous_1)
FNDA:0,(anonymous_2)
FNDA:0,(anonymous_3)
FNDA:0,(anonymous_4)
DA:1,1
DA:5,0
DA:6,0
DA:7,0
DA:8,0
DA:11,0
DA:16,0
DA:17,0
DA:22,0
DA:25,0
DA:26,0
DA:31,0
DA:33,0
DA:35,0
DA:36,0
DA:41,0
DA:42,0
DA:43,0
DA:45,0
DA:46,0
DA:48,0
DA:50,0
DA:55,0
DA:56,0
DA:57,0
DA:58,0
DA:60,0
DA:66,0
DA:67,0
DA:68,0
DA:69,0
DA:70,0
DA:72,0
DA:77,1
LF:34
LH:2
BRDA:45,0,0,0
BRDA:45,0,1,0
BRDA:69,1,0,0
BRDA:69,1,1,0
BRF:4
BRH:0
end_of_record
TN:
SF:controllers\CustomerController.js
FN:10,(anonymous_0)
FN:45,(anonymous_1)
FN:65,(anonymous_2)
FN:79,(anonymous_3)
FN:94,(anonymous_4)
FN:129,(anonymous_5)
FN:146,(anonymous_6)
FN:158,(anonymous_7)
FNF:8
FNH:1
FNDA:0,(anonymous_0)
FNDA:9,(anonymous_1)
FNDA:0,(anonymous_2)
FNDA:0,(anonymous_3)
FNDA:0,(anonymous_4)
FNDA:0,(anonymous_5)
FNDA:0,(anonymous_6)
FNDA:0,(anonymous_7)
DA:1,1
DA:2,1
DA:3,1
DA:4,1
DA:5,1
DA:6,1
DA:11,0
DA:12,0
DA:13,0
DA:14,0
DA:16,0
DA:22,0
DA:23,0
DA:25,0
DA:26,0
DA:28,0
DA:34,0
DA:35,0
DA:41,0
DA:46,9
DA:47,9
DA:48,9
DA:49,9
DA:56,1
DA:61,8
DA:66,0
DA:67,0
DA:68,0
DA:72,0
DA:73,0
DA:75,0
DA:80,0
DA:81,0
DA:82,0
DA:83,0
DA:84,0
DA:86,0
DA:88,0
DA:90,0
DA:95,0
DA:97,0
DA:100,0
DA:103,0
DA:109,0
DA:122,0
DA:123,0
DA:125,0
DA:130,0
DA:139,0
DA:140,0
DA:142,0
DA:147,0
DA:148,0
DA:149,0
DA:150,0
DA:154,0
DA:159,0
DA:160,0
DA:161,0
DA:165,0
DA:166,0
DA:168,0
DA:173,1
LF:63
LH:13
BRDA:13,0,0,0
BRDA:13,0,1,0
BRDA:14,1,0,0
BRDA:14,1,1,0
BRDA:22,2,0,0
BRDA:22,2,1,0
BRDA:25,3,0,0
BRDA:25,3,1,0
BRDA:67,4,0,0
BRDA:67,4,1,0
BRDA:72,5,0,0
BRDA:72,5,1,0
BRDA:81,6,0,0
BRDA:81,6,1,0
BRDA:84,7,0,0
BRDA:84,7,1,0
BRDA:165,8,0,0
BRDA:165,8,1,0
BRF:18
BRH:0
end_of_record
TN:
SF:controllers\HotelController.js
FN:17,(anonymous_0)
FN:51,(anonymous_1)
FN:74,(anonymous_2)
FN:96,(anonymous_3)
FN:118,(anonymous_4)
FN:181,(anonymous_5)
FN:208,(anonymous_6)
FN:212,(anonymous_7)
FN:223,(anonymous_8)
FN:273,(anonymous_9)
FN:274,(anonymous_10)
FN:292,(anonymous_11)
FN:313,(anonymous_12)
FN:325,(anonymous_13)
FN:344,(anonymous_14)
FN:368,(anonymous_15)
FN:389,(anonymous_16)
FN:420,(anonymous_17)
FN:445,(anonymous_18)
FN:467,(anonymous_19)
FN:495,(anonymous_20)
FN:526,(anonymous_21)
FN:552,(anonymous_22)
FNF:23
FNH:0
FNDA:0,(anonymous_0)
FNDA:0,(anonymous_1)
FNDA:0,(anonymous_2)
FNDA:0,(anonymous_3)
FNDA:0,(anonymous_4)
FNDA:0,(anonymous_5)
FNDA:0,(anonymous_6)
FNDA:0,(anonymous_7)
FNDA:0,(anonymous_8)
FNDA:0,(anonymous_9)
FNDA:0,(anonymous_10)
FNDA:0,(anonymous_11)
FNDA:0,(anonymous_12)
FNDA:0,(anonymous_13)
FNDA:0,(anonymous_14)
FNDA:0,(anonymous_15)
FNDA:0,(anonymous_16)
FNDA:0,(anonymous_17)
FNDA:0,(anonymous_18)
FNDA:0,(anonymous_19)
FNDA:0,(anonymous_20)
FNDA:0,(anonymous_21)
FNDA:0,(anonymous_22)
DA:1,1
DA:2,1
DA:10,1
DA:11,1
DA:12,1
DA:13,1
DA:14,1
DA:18,0
DA:19,0
DA:20,0
DA:21,0
DA:23,0
DA:29,0
DA:30,0
DA:32,0
DA:33,0
DA:35,0
DA:40,0
DA:41,0
DA:47,0
DA:52,0
DA:53,0
DA:54,0
DA:56,0
DA:65,0
DA:70,0
DA:75,0
DA:76,0
DA:78,0
DA:88,0
DA:90,0
DA:92,0
DA:97,0
DA:98,0
DA:100,0
DA:110,0
DA:112,0
DA:114,0
DA:121,0
DA:122,0
DA:123,0
DA:124,0
DA:125,0
DA:126,0
DA:127,0
DA:130,0
DA:134,0
DA:135,0
DA:143,0
DA:150,0
DA:153,0
DA:180,0
DA:182,0
DA:183,0
DA:189,0
DA:193,0
DA:203,0
DA:208,0
DA:209,0
DA:212,0
DA:217,0
DA:219,0
DA:224,0
DA:225,0
DA:272,0
DA:273,0
DA:274,0
DA:275,0
DA:277,0
DA:286,0
DA:288,0
DA:293,0
DA:294,0
DA:296,0
DA:297,0
DA:299,0
DA:300,0
DA:301,0
DA:303,0
DA:305,0
DA:307,0
DA:309,0
DA:314,0
DA:315,0
DA:316,0
DA:317,0
DA:318,0
DA:319,0
DA:321,0
DA:326,0
DA:327,0
DA:328,0
DA:329,0
DA:330,0
DA:331,0
DA:338,0
DA:340,0
DA:345,0
DA:346,0
DA:347,0
DA:348,0
DA:351,0
DA:353,0
DA:355,0
DA:362,0
DA:364,0
DA:369,0
DA:370,0
DA:371,0
DA:372,0
DA:375,0
DA:377,0
DA:379,0
DA:381,0
DA:383,0
DA:385,0
DA:390,0
DA:391,0
DA:392,0
DA:393,0
DA:394,0
DA:397,0
DA:399,0
DA:401,0
DA:403,0
DA:405,0
DA:407,0
DA:412,0
DA:416,0
DA:421,0
DA:422,0
DA:423,0
DA:424,0
DA:425,0
DA:428,0
DA:430,0
DA:432,0
DA:434,0
DA:436,0
DA:440,0
DA:446,0
DA:447,0
DA:448,0
DA:449,0
DA:452,0
DA:454,0
DA:456,0
DA:461,0
DA:463,0
DA:468,0
DA:469,0
DA:470,0
DA:471,0
DA:474,0
DA:476,0
DA:478,0
DA:480,0
DA:489,0
DA:491,0
DA:496,0
DA:497,0
DA:498,0
DA:499,0
DA:500,0
DA:503,0
DA:505,0
DA:507,0
DA:509,0
DA:511,0
DA:513,0
DA:518,0
DA:522,0
DA:527,0
DA:528,0
DA:529,0
DA:530,0
DA:531,0
DA:534,0
DA:536,0
DA:538,0
DA:540,0
DA:542,0
DA:546,0
DA:553,0
DA:554,0
DA:555,0
DA:556,0
DA:560,0
DA:565,1
LF:189
LH:8
BRDA:20,0,0,0
BRDA:20,0,1,0
BRDA:21,1,0,0
BRDA:21,1,1,0
BRDA:29,2,0,0
BRDA:29,2,1,0
BRDA:32,3,0,0
BRDA:32,3,1,0
BRDA:88,4,0,0
BRDA:88,4,1,0
BRDA:110,5,0,0
BRDA:110,5,1,0
BRDA:135,6,0,0
BRDA:135,6,1,0
BRDA:136,7,0,0
BRDA:136,7,1,0
BRDA:136,7,2,0
BRDA:136,7,3,0
BRDA:136,7,4,0
BRDA:136,7,5,0
BRDA:210,8,0,0
BRDA:210,8,1,0
BRDA:212,9,0,0
BRDA:212,9,1,0
BRDA:297,10,0,0
BRDA:297,10,1,0
BRDA:300,11,0,0
BRDA:300,11,1,0
BRDA:317,12,0,0
BRDA:317,12,1,0
BRDA:330,13,0,0
BRDA:330,13,1,0
BRDA:347,14,0,0
BRDA:347,14,1,0
BRDA:353,15,0,0
BRDA:353,15,1,0
BRDA:371,16,0,0
BRDA:371,16,1,0
BRDA:379,17,0,0
BRDA:379,17,1,0
BRDA:393,18,0,0
BRDA:393,18,1,0
BRDA:401,19,0,0
BRDA:401,19,1,0
BRDA:405,20,0,0
BRDA:405,20,1,0
BRDA:424,21,0,0
BRDA:424,21,1,0
BRDA:430,22,0,0
BRDA:430,22,1,0
BRDA:434,23,0,0
BRDA:434,23,1,0
BRDA:448,24,0,0
BRDA:448,24,1,0
BRDA:454,25,0,0
BRDA:454,25,1,0
BRDA:470,26,0,0
BRDA:470,26,1,0
BRDA:478,27,0,0
BRDA:478,27,1,0
BRDA:499,28,0,0
BRDA:499,28,1,0
BRDA:507,29,0,0
BRDA:507,29,1,0
BRDA:511,30,0,0
BRDA:511,30,1,0
BRDA:530,31,0,0
BRDA:530,31,1,0
BRDA:536,32,0,0
BRDA:536,32,1,0
BRDA:540,33,0,0
BRDA:540,33,1,0
BRF:72
BRH:0
end_of_record
TN:
SF:helpers\calculateDistance.js
FN:1,calculateDistance
FN:4,(anonymous_1)
FNF:2
FNH:0
FNDA:0,calculateDistance
FNDA:0,(anonymous_1)
DA:2,0
DA:4,0
DA:6,0
DA:7,0
DA:10,0
DA:16,0
DA:18,0
DA:20,0
DA:23,1
LF:9
LH:1
BRF:0
BRH:0
end_of_record
TN:
SF:helpers\jwt.js
FN:3,jwtSign
FN:7,jwtVerify
FNF:2
FNH:0
FNDA:0,jwtSign
FNDA:0,jwtVerify
DA:1,1
DA:4,0
DA:8,0
DA:12,1
LF:4
LH:2
BRF:0
BRH:0
end_of_record
TN:
SF:helpers\password.js
FN:3,encrypt
FN:9,decrypt
FNF:2
FNH:1
FNDA:2,encrypt
FNDA:0,decrypt
DA:1,1
DA:4,2
DA:5,2
DA:6,2
DA:10,0
DA:13,1
LF:6
LH:5
BRF:0
BRH:0
end_of_record
TN:
SF:helpers\thirdPartyRequest.js
FN:3,getChatHistory
FNF:1
FNH:0
FNDA:0,getChatHistory
DA:1,1
DA:4,0
DA:5,0
DA:6,0
DA:7,0
DA:15,0
DA:16,0
DA:18,0
DA:22,1
LF:9
LH:2
BRF:0
BRH:0
end_of_record
TN:
SF:middlewares\authenticationCustomer.js
FN:4,authenticationCustomer
FNF:1
FNH:0
FNDA:0,authenticationCustomer
DA:1,1
DA:2,1
DA:5,0
DA:6,0
DA:7,0
DA:9,0
DA:15,0
DA:17,0
DA:19,0
DA:21,0
DA:25,1
LF:11
LH:3
BRDA:15,0,0,0
BRDA:15,0,1,0
BRF:2
BRH:0
end_of_record
TN:
SF:middlewares\authenticationHotel.js
FN:4,authenticationHotel
FNF:1
FNH:0
FNDA:0,authenticationHotel
DA:1,1
DA:2,1
DA:5,0
DA:6,0
DA:7,0
DA:9,0
DA:15,0
DA:17,0
DA:19,0
DA:21,0
DA:25,1
LF:11
LH:3
BRDA:15,0,0,0
BRDA:15,0,1,0
BRF:2
BRH:0
end_of_record
TN:
SF:middlewares\authorizationBookingDone.js
FN:6,authorizationBookingDone
FNF:1
FNH:0
FNDA:0,authorizationBookingDone
DA:4,1
DA:7,0
DA:8,0
DA:9,0
DA:11,0
DA:12,0
DA:13,0
DA:14,0
DA:16,0
DA:18,0
DA:22,1
LF:11
LH:2
BRDA:12,0,0,0
BRDA:12,0,1,0
BRDA:13,1,0,0
BRDA:13,1,1,0
BRDA:14,2,0,0
BRDA:14,2,1,0
BRF:6
BRH:0
end_of_record
TN:
SF:middlewares\authorizationBookingProcess.js
FN:6,authorizationBookingProcess
FNF:1
FNH:0
FNDA:0,authorizationBookingProcess
DA:4,1
DA:7,0
DA:8,0
DA:9,0
DA:11,0
DA:17,0
DA:18,0
DA:19,0
DA:20,0
DA:22,0
DA:24,0
DA:28,1
LF:12
LH:2
BRDA:18,0,0,0
BRDA:18,0,1,0
BRDA:19,1,0,0
BRDA:19,1,1,0
BRDA:20,2,0,0
BRDA:20,2,1,0
BRF:6
BRH:0
end_of_record
TN:
SF:middlewares\errorHandler.js
FN:1,errorHandler
FNF:1
FNH:1
FNDA:8,errorHandler
DA:2,8
DA:3,8
DA:5,8
DA:6,8
DA:9,0
DA:10,0
DA:13,0
DA:14,0
DA:17,0
DA:18,0
DA:21,0
DA:22,0
DA:25,0
DA:26,0
DA:29,0
DA:30,0
DA:33,0
DA:34,0
DA:37,0
DA:38,0
DA:41,0
DA:42,0
DA:45,0
DA:46,0
DA:49,0
DA:50,0
DA:53,0
DA:56,0
DA:57,0
DA:61,1
LF:30
LH:5
BRDA:3,0,0,8
BRDA:3,0,1,0
BRDA:3,0,2,0
BRDA:3,0,3,0
BRDA:3,0,4,0
BRDA:3,0,5,0
BRDA:3,0,6,0
BRDA:3,0,7,0
BRDA:3,0,8,0
BRDA:3,0,9,0
BRDA:3,0,10,0
BRDA:3,0,11,0
BRDA:3,0,12,0
BRDA:3,0,13,0
BRF:14
BRH:1
end_of_record
TN:
SF:models\booking.js
FN:5,(anonymous_0)
FN:12,(anonymous_1)
FNF:2
FNH:2
FNDA:1,(anonymous_0)
FNDA:1,(anonymous_1)
DA:4,1
DA:5,1
DA:14,1
DA:15,1
DA:16,1
DA:19,1
DA:120,1
LF:7
LH:7
BRF:0
BRH:0
end_of_record
TN:
SF:models\bookingservice.js
FN:5,(anonymous_0)
FN:12,(anonymous_1)
FNF:2
FNH:2
FNDA:1,(anonymous_0)
FNDA:1,(anonymous_1)
DA:4,1
DA:5,1
DA:14,1
DA:15,1
DA:18,1
DA:38,1
LF:6
LH:6
BRF:0
BRH:0
end_of_record
TN:
SF:models\customer.js
FN:6,(anonymous_0)
FN:13,(anonymous_1)
FN:95,(anonymous_2)
FN:99,(anonymous_3)
FNF:4
FNH:3
FNDA:1,(anonymous_0)
FNDA:1,(anonymous_1)
FNDA:0,(anonymous_2)
FNDA:1,(anonymous_3)
DA:4,1
DA:5,1
DA:6,1
DA:15,1
DA:16,1
DA:19,1
DA:95,1
DA:96,0
DA:99,1
DA:100,1
DA:103,1
LF:11
LH:10
BRF:0
BRH:0
end_of_record
TN:
SF:models\hotel.js
FN:4,(anonymous_0)
FN:11,(anonymous_1)
FN:119,(anonymous_2)
FN:124,(anonymous_3)
FNF:4
FNH:2
FNDA:1,(anonymous_0)
FNDA:1,(anonymous_1)
FNDA:0,(anonymous_2)
FNDA:0,(anonymous_3)
DA:2,1
DA:3,1
DA:4,1
DA:13,1
DA:14,1
DA:15,1
DA:16,1
DA:19,1
DA:119,1
DA:120,0
DA:121,0
DA:124,1
DA:125,0
DA:126,0
DA:129,1
LF:15
LH:11
BRF:0
BRH:0
end_of_record
TN:
SF:models\image.js
FN:5,(anonymous_0)
FN:12,(anonymous_1)
FNF:2
FNH:2
FNDA:1,(anonymous_0)
FNDA:1,(anonymous_1)
DA:4,1
DA:5,1
DA:14,1
DA:17,1
DA:46,1
LF:5
LH:5
BRF:0
BRH:0
end_of_record
TN:
SF:models\index.js
FN:21,(anonymous_0)
FN:29,(anonymous_1)
FN:34,(anonymous_2)
FNF:3
FNH:3
FNDA:9,(anonymous_0)
FNDA:8,(anonymous_1)
FNDA:8,(anonymous_2)
DA:3,1
DA:4,1
DA:5,1
DA:6,1
DA:7,1
DA:8,1
DA:9,1
DA:10,1
DA:13,1
DA:14,0
DA:16,1
DA:19,1
DA:22,9
DA:30,8
DA:31,8
DA:34,1
DA:35,8
DA:36,8
DA:40,1
DA:41,1
DA:43,1
LF:21
LH:20
BRDA:8,0,0,1
BRDA:8,0,1,0
BRDA:13,1,0,0
BRDA:13,1,1,1
BRDA:23,2,0,9
BRDA:23,2,1,9
BRDA:23,2,2,8
BRDA:23,2,3,8
BRDA:35,3,0,8
BRDA:35,3,1,0
BRF:10
BRH:7
end_of_record
TN:
SF:models\review.js
FN:5,(anonymous_0)
FN:12,(anonymous_1)
FNF:2
FNH:2
FNDA:1,(anonymous_0)
FNDA:1,(anonymous_1)
DA:4,1
DA:5,1
DA:14,1
DA:15,1
DA:18,1
DA:62,1
LF:6
LH:6
BRF:0
BRH:0
end_of_record
TN:
SF:models\room.js
FN:5,(anonymous_0)
FN:12,(anonymous_1)
FNF:2
FNH:2
FNDA:1,(anonymous_0)
FNDA:1,(anonymous_1)
DA:4,1
DA:5,1
DA:14,1
DA:15,1
DA:18,1
DA:88,1
LF:6
LH:6
BRF:0
BRH:0
end_of_record
TN:
SF:models\service.js
FN:5,(anonymous_0)
FN:12,(anonymous_1)
FNF:2
FNH:2
FNDA:1,(anonymous_0)
FNDA:1,(anonymous_1)
DA:4,1
DA:5,1
DA:14,1
DA:15,1
DA:18,1
DA:63,1
LF:6
LH:6
BRF:0
BRH:0
end_of_record
TN:
SF:routes\bookings.js
FN:8,(anonymous_0)
FNF:1
FNH:0
FNDA:0,(anonymous_0)
DA:1,1
DA:2,1
DA:3,1
DA:4,1
DA:5,1
DA:6,1
DA:8,1
DA:9,0
DA:17,1
DA:18,1
DA:19,1
DA:21,1
LF:12
LH:11
BRF:0
BRH:0
end_of_record
TN:
SF:routes\customers.js
FNF:0
FNH:0
DA:1,1
DA:2,1
DA:3,1
DA:6,1
DA:7,1
DA:8,1
DA:9,1
DA:11,1
DA:17,1
DA:22,1
DA:28,1
DA:29,1
DA:32,1
LF:13
LH:13
BRF:0
BRH:0
end_of_record
TN:
SF:routes\hotels.js
FNF:0
FNH:0
DA:1,1
DA:2,1
DA:3,1
DA:4,1
DA:5,1
DA:7,1
DA:8,1
DA:9,1
DA:10,1
DA:11,1
DA:12,1
DA:14,1
DA:21,1
DA:22,1
DA:23,1
DA:24,1
DA:27,1
DA:28,1
DA:29,1
DA:30,1
DA:48,1
LF:21
LH:21
BRF:0
BRH:0
end_of_record
TN:
SF:routes\index.js
FN:6,(anonymous_0)
FNF:1
FNH:0
FNDA:0,(anonymous_0)
DA:1,1
DA:2,1
DA:3,1
DA:4,1
DA:6,1
DA:7,0
DA:10,1
DA:11,1
DA:12,1
DA:14,1
LF:10
LH:9
BRF:0
BRH:0
end_of_record
